{"/home/runner/work/reddit-cluster-map/reddit-cluster-map/frontend/src/App.tsx": {"path":"/home/runner/work/reddit-cluster-map/reddit-cluster-map/frontend/src/App.tsx","statementMap":{"0":{"start":{"line":20,"column":8},"end":{"line":20,"column":null}},"1":{"start":{"line":22,"column":29},"end":{"line":30,"column":null}},"2":{"start":{"line":23,"column":4},"end":{"line":23,"column":null}},"3":{"start":{"line":23,"column":26},"end":{"line":23,"column":null}},"4":{"start":{"line":24,"column":4},"end":{"line":29,"column":null}},"5":{"start":{"line":32,"column":33},"end":{"line":32,"column":null}},"6":{"start":{"line":33,"column":33},"end":{"line":33,"column":null}},"7":{"start":{"line":35,"column":37},"end":{"line":35,"column":null}},"8":{"start":{"line":36,"column":37},"end":{"line":36,"column":null}},"9":{"start":{"line":37,"column":29},"end":{"line":43,"column":null}},"10":{"start":{"line":44,"column":37},"end":{"line":44,"column":null}},"11":{"start":{"line":45,"column":35},"end":{"line":45,"column":null}},"12":{"start":{"line":46,"column":35},"end":{"line":46,"column":null}},"13":{"start":{"line":47,"column":41},"end":{"line":49,"column":null}},"14":{"start":{"line":50,"column":31},"end":{"line":69,"column":null}},"15":{"start":{"line":54,"column":4},"end":{"line":54,"column":null}},"16":{"start":{"line":54,"column":27},"end":{"line":54,"column":null}},"17":{"start":{"line":56,"column":6},"end":{"line":58,"column":null}},"18":{"start":{"line":59,"column":4},"end":{"line":67,"column":null}},"19":{"start":{"line":66,"column":6},"end":{"line":66,"column":null}},"20":{"start":{"line":68,"column":4},"end":{"line":68,"column":null}},"21":{"start":{"line":70,"column":45},"end":{"line":71,"column":null}},"22":{"start":{"line":72,"column":51},"end":{"line":75,"column":null}},"23":{"start":{"line":73,"column":4},"end":{"line":73,"column":null}},"24":{"start":{"line":73,"column":51},"end":{"line":73,"column":null}},"25":{"start":{"line":74,"column":4},"end":{"line":74,"column":null}},"26":{"start":{"line":76,"column":55},"end":{"line":86,"column":null}},"27":{"start":{"line":78,"column":6},"end":{"line":78,"column":null}},"28":{"start":{"line":78,"column":55},"end":{"line":78,"column":null}},"29":{"start":{"line":79,"column":6},"end":{"line":84,"column":null}},"30":{"start":{"line":80,"column":22},"end":{"line":80,"column":null}},"31":{"start":{"line":81,"column":8},"end":{"line":81,"column":null}},"32":{"start":{"line":81,"column":51},"end":{"line":81,"column":null}},"33":{"start":{"line":85,"column":6},"end":{"line":85,"column":19}},"34":{"start":{"line":89,"column":37},"end":{"line":89,"column":null}},"35":{"start":{"line":90,"column":37},"end":{"line":90,"column":null}},"36":{"start":{"line":93,"column":2},"end":{"line":99,"column":null}},"37":{"start":{"line":94,"column":4},"end":{"line":98,"column":null}},"38":{"start":{"line":95,"column":6},"end":{"line":95,"column":null}},"39":{"start":{"line":101,"column":2},"end":{"line":110,"column":null}},"40":{"start":{"line":102,"column":4},"end":{"line":109,"column":null}},"41":{"start":{"line":103,"column":6},"end":{"line":105,"column":null}},"42":{"start":{"line":113,"column":8},"end":{"line":113,"column":null}},"43":{"start":{"line":115,"column":2},"end":{"line":140,"column":null}},"44":{"start":{"line":117,"column":4},"end":{"line":119,"column":null}},"45":{"start":{"line":118,"column":6},"end":{"line":118,"column":null}},"46":{"start":{"line":122,"column":4},"end":{"line":133,"column":null}},"47":{"start":{"line":123,"column":6},"end":{"line":132,"column":null}},"48":{"start":{"line":135,"column":4},"end":{"line":139,"column":null}},"49":{"start":{"line":136,"column":6},"end":{"line":138,"column":null}},"50":{"start":{"line":137,"column":8},"end":{"line":137,"column":null}},"51":{"start":{"line":143,"column":8},"end":{"line":152,"column":null}},"52":{"start":{"line":143,"column":53},"end":{"line":152,"column":6}},"53":{"start":{"line":154,"column":2},"end":{"line":300,"column":null}},"54":{"start":{"line":159,"column":12},"end":{"line":159,"column":null}},"55":{"start":{"line":165,"column":12},"end":{"line":165,"column":null}},"56":{"start":{"line":168,"column":12},"end":{"line":168,"column":null}},"57":{"start":{"line":169,"column":12},"end":{"line":169,"column":null}},"58":{"start":{"line":175,"column":12},"end":{"line":175,"column":null}},"59":{"start":{"line":178,"column":12},"end":{"line":178,"column":null}},"60":{"start":{"line":179,"column":12},"end":{"line":179,"column":null}},"61":{"start":{"line":182,"column":12},"end":{"line":182,"column":null}},"62":{"start":{"line":183,"column":12},"end":{"line":183,"column":null}},"63":{"start":{"line":207,"column":41},"end":{"line":207,"column":null}},"64":{"start":{"line":208,"column":35},"end":{"line":208,"column":null}},"65":{"start":{"line":209,"column":37},"end":{"line":209,"column":null}},"66":{"start":{"line":210,"column":31},"end":{"line":210,"column":null}},"67":{"start":{"line":213,"column":14},"end":{"line":213,"column":null}},"68":{"start":{"line":217,"column":14},"end":{"line":217,"column":null}},"69":{"start":{"line":223,"column":32},"end":{"line":229,"column":null}},"70":{"start":{"line":227,"column":40},"end":{"line":227,"column":null}},"71":{"start":{"line":245,"column":18},"end":{"line":245,"column":null}},"72":{"start":{"line":246,"column":18},"end":{"line":246,"column":null}},"73":{"start":{"line":256,"column":32},"end":{"line":260,"column":null}},"74":{"start":{"line":276,"column":18},"end":{"line":276,"column":null}},"75":{"start":{"line":277,"column":18},"end":{"line":277,"column":null}},"76":{"start":{"line":294,"column":14},"end":{"line":294,"column":null}},"77":{"start":{"line":295,"column":14},"end":{"line":295,"column":null}},"78":{"start":{"line":298,"column":14},"end":{"line":298,"column":null}},"79":{"start":{"line":299,"column":14},"end":{"line":299,"column":null}}},"fnMap":{"0":{"name":"App","decl":{"start":{"line":18,"column":9},"end":{"line":18,"column":null}},"loc":{"start":{"line":18,"column":9},"end":{"line":306,"column":null}},"line":18},"1":{"name":"(anonymous_1)","decl":{"start":{"line":22,"column":54},"end":{"line":22,"column":null}},"loc":{"start":{"line":22,"column":54},"end":{"line":30,"column":null}},"line":22},"2":{"name":"(anonymous_2)","decl":{"start":{"line":52,"column":4},"end":{"line":52,"column":null}},"loc":{"start":{"line":52,"column":4},"end":{"line":69,"column":null}},"line":52},"3":{"name":"(anonymous_3)","decl":{"start":{"line":72,"column":63},"end":{"line":72,"column":null}},"loc":{"start":{"line":72,"column":63},"end":{"line":75,"column":null}},"line":72},"4":{"name":"(anonymous_4)","decl":{"start":{"line":77,"column":4},"end":{"line":77,"column":null}},"loc":{"start":{"line":77,"column":4},"end":{"line":86,"column":null}},"line":77},"5":{"name":"(anonymous_5)","decl":{"start":{"line":93,"column":12},"end":{"line":93,"column":null}},"loc":{"start":{"line":93,"column":12},"end":{"line":99,"column":5}},"line":93},"6":{"name":"(anonymous_6)","decl":{"start":{"line":101,"column":12},"end":{"line":101,"column":null}},"loc":{"start":{"line":101,"column":12},"end":{"line":110,"column":5}},"line":101},"7":{"name":"(anonymous_7)","decl":{"start":{"line":115,"column":12},"end":{"line":115,"column":null}},"loc":{"start":{"line":115,"column":12},"end":{"line":140,"column":5}},"line":115},"8":{"name":"(anonymous_8)","decl":{"start":{"line":122,"column":51},"end":{"line":122,"column":null}},"loc":{"start":{"line":122,"column":51},"end":{"line":133,"column":7}},"line":122},"9":{"name":"(anonymous_9)","decl":{"start":{"line":135,"column":11},"end":{"line":135,"column":null}},"loc":{"start":{"line":135,"column":11},"end":{"line":139,"column":null}},"line":135},"10":{"name":"(anonymous_10)","decl":{"start":{"line":143,"column":36},"end":{"line":143,"column":53}},"loc":{"start":{"line":143,"column":53},"end":{"line":152,"column":6}},"line":143},"11":{"name":"(anonymous_11)","decl":{"start":{"line":158,"column":22},"end":{"line":158,"column":23}},"loc":{"start":{"line":158,"column":23},"end":{"line":160,"column":null}},"line":158},"12":{"name":"(anonymous_12)","decl":{"start":{"line":164,"column":22},"end":{"line":164,"column":23}},"loc":{"start":{"line":164,"column":23},"end":{"line":166,"column":null}},"line":164},"13":{"name":"(anonymous_13)","decl":{"start":{"line":167,"column":23},"end":{"line":167,"column":24}},"loc":{"start":{"line":167,"column":24},"end":{"line":170,"column":null}},"line":167},"14":{"name":"(anonymous_14)","decl":{"start":{"line":174,"column":22},"end":{"line":174,"column":23}},"loc":{"start":{"line":174,"column":23},"end":{"line":176,"column":null}},"line":174},"15":{"name":"(anonymous_15)","decl":{"start":{"line":177,"column":23},"end":{"line":177,"column":24}},"loc":{"start":{"line":177,"column":24},"end":{"line":180,"column":null}},"line":177},"16":{"name":"(anonymous_16)","decl":{"start":{"line":181,"column":34},"end":{"line":181,"column":35}},"loc":{"start":{"line":181,"column":35},"end":{"line":184,"column":null}},"line":181},"17":{"name":"(anonymous_17)","decl":{"start":{"line":207,"column":31},"end":{"line":207,"column":32}},"loc":{"start":{"line":207,"column":41},"end":{"line":207,"column":null}},"line":207},"18":{"name":"(anonymous_18)","decl":{"start":{"line":208,"column":29},"end":{"line":208,"column":35}},"loc":{"start":{"line":208,"column":35},"end":{"line":208,"column":null}},"line":208},"19":{"name":"(anonymous_19)","decl":{"start":{"line":209,"column":31},"end":{"line":209,"column":37}},"loc":{"start":{"line":209,"column":37},"end":{"line":209,"column":null}},"line":209},"20":{"name":"(anonymous_20)","decl":{"start":{"line":210,"column":25},"end":{"line":210,"column":31}},"loc":{"start":{"line":210,"column":31},"end":{"line":210,"column":null}},"line":210},"21":{"name":"(anonymous_21)","decl":{"start":{"line":212,"column":37},"end":{"line":212,"column":38}},"loc":{"start":{"line":213,"column":14},"end":{"line":213,"column":null}},"line":213},"22":{"name":"(anonymous_22)","decl":{"start":{"line":216,"column":39},"end":{"line":216,"column":40}},"loc":{"start":{"line":217,"column":14},"end":{"line":217,"column":null}},"line":217},"23":{"name":"(anonymous_23)","decl":{"start":{"line":223,"column":24},"end":{"line":223,"column":25}},"loc":{"start":{"line":223,"column":32},"end":{"line":229,"column":null}},"line":223},"24":{"name":"(anonymous_24)","decl":{"start":{"line":227,"column":34},"end":{"line":227,"column":40}},"loc":{"start":{"line":227,"column":40},"end":{"line":227,"column":null}},"line":227},"25":{"name":"(anonymous_25)","decl":{"start":{"line":244,"column":30},"end":{"line":244,"column":31}},"loc":{"start":{"line":244,"column":31},"end":{"line":247,"column":null}},"line":244},"26":{"name":"(anonymous_26)","decl":{"start":{"line":256,"column":24},"end":{"line":256,"column":25}},"loc":{"start":{"line":256,"column":32},"end":{"line":260,"column":null}},"line":256},"27":{"name":"(anonymous_27)","decl":{"start":{"line":275,"column":30},"end":{"line":275,"column":31}},"loc":{"start":{"line":275,"column":31},"end":{"line":278,"column":null}},"line":275},"28":{"name":"(anonymous_28)","decl":{"start":{"line":293,"column":21},"end":{"line":293,"column":null}},"loc":{"start":{"line":293,"column":21},"end":{"line":296,"column":null}},"line":293},"29":{"name":"(anonymous_29)","decl":{"start":{"line":297,"column":21},"end":{"line":297,"column":22}},"loc":{"start":{"line":297,"column":22},"end":{"line":300,"column":null}},"line":297}},"branchMap":{"0":{"loc":{"start":{"line":23,"column":4},"end":{"line":23,"column":null}},"type":"if","locations":[{"start":{"line":23,"column":4},"end":{"line":23,"column":null}},{"start":{},"end":{}}],"line":23},"1":{"loc":{"start":{"line":54,"column":4},"end":{"line":54,"column":null}},"type":"if","locations":[{"start":{"line":54,"column":4},"end":{"line":54,"column":null}},{"start":{},"end":{}}],"line":54},"2":{"loc":{"start":{"line":56,"column":6},"end":{"line":58,"column":null}},"type":"cond-expr","locations":[{"start":{"line":57,"column":10},"end":{"line":57,"column":null}},{"start":{"line":58,"column":10},"end":{"line":58,"column":null}}],"line":56},"3":{"loc":{"start":{"line":59,"column":4},"end":{"line":67,"column":null}},"type":"if","locations":[{"start":{"line":59,"column":4},"end":{"line":67,"column":null}},{"start":{},"end":{}}],"line":59},"4":{"loc":{"start":{"line":60,"column":6},"end":{"line":64,"column":null}},"type":"binary-expr","locations":[{"start":{"line":60,"column":6},"end":{"line":60,"column":null}},{"start":{"line":61,"column":6},"end":{"line":61,"column":null}},{"start":{"line":62,"column":6},"end":{"line":62,"column":null}},{"start":{"line":63,"column":6},"end":{"line":63,"column":null}},{"start":{"line":64,"column":6},"end":{"line":64,"column":null}}],"line":60},"5":{"loc":{"start":{"line":73,"column":4},"end":{"line":73,"column":null}},"type":"if","locations":[{"start":{"line":73,"column":4},"end":{"line":73,"column":null}},{"start":{},"end":{}}],"line":73},"6":{"loc":{"start":{"line":78,"column":6},"end":{"line":78,"column":null}},"type":"if","locations":[{"start":{"line":78,"column":6},"end":{"line":78,"column":null}},{"start":{},"end":{}}],"line":78},"7":{"loc":{"start":{"line":81,"column":8},"end":{"line":81,"column":null}},"type":"if","locations":[{"start":{"line":81,"column":8},"end":{"line":81,"column":null}},{"start":{},"end":{}}],"line":81},"8":{"loc":{"start":{"line":81,"column":12},"end":{"line":81,"column":51}},"type":"binary-expr","locations":[{"start":{"line":81,"column":12},"end":{"line":81,"column":32}},{"start":{"line":81,"column":32},"end":{"line":81,"column":51}}],"line":81},"9":{"loc":{"start":{"line":105,"column":8},"end":{"line":105,"column":null}},"type":"cond-expr","locations":[{"start":{"line":105,"column":31},"end":{"line":105,"column":40}},{"start":{"line":105,"column":40},"end":{"line":105,"column":null}}],"line":105},"10":{"loc":{"start":{"line":117,"column":4},"end":{"line":119,"column":null}},"type":"if","locations":[{"start":{"line":117,"column":4},"end":{"line":119,"column":null}},{"start":{},"end":{}}],"line":117},"11":{"loc":{"start":{"line":136,"column":6},"end":{"line":138,"column":null}},"type":"if","locations":[{"start":{"line":136,"column":6},"end":{"line":138,"column":null}},{"start":{},"end":{}}],"line":136},"12":{"loc":{"start":{"line":156,"column":7},"end":{"line":300,"column":null}},"type":"cond-expr","locations":[{"start":{"line":156,"column":20},"end":{"line":162,"column":23}},{"start":{"line":162,"column":10},"end":{"line":300,"column":null}}],"line":156},"13":{"loc":{"start":{"line":162,"column":10},"end":{"line":300,"column":null}},"type":"cond-expr","locations":[{"start":{"line":162,"column":23},"end":{"line":172,"column":23}},{"start":{"line":172,"column":10},"end":{"line":300,"column":null}}],"line":162},"14":{"loc":{"start":{"line":172,"column":10},"end":{"line":300,"column":null}},"type":"cond-expr","locations":[{"start":{"line":172,"column":23},"end":{"line":187,"column":null}},{"start":{"line":187,"column":8},"end":{"line":300,"column":null}}],"line":172},"15":{"loc":{"start":{"line":206,"column":23},"end":{"line":206,"column":null}},"type":"cond-expr","locations":[{"start":{"line":206,"column":43},"end":{"line":206,"column":50}},{"start":{"line":206,"column":50},"end":{"line":206,"column":null}}],"line":206},"16":{"loc":{"start":{"line":221,"column":11},"end":{"line":282,"column":null}},"type":"cond-expr","locations":[{"start":{"line":221,"column":24},"end":{"line":255,"column":13}},{"start":{"line":255,"column":12},"end":{"line":282,"column":null}}],"line":221},"17":{"loc":{"start":{"line":248,"column":33},"end":{"line":248,"column":null}},"type":"cond-expr","locations":[{"start":{"line":248,"column":54},"end":{"line":248,"column":72}},{"start":{"line":248,"column":72},"end":{"line":248,"column":null}}],"line":248},"18":{"loc":{"start":{"line":279,"column":33},"end":{"line":279,"column":null}},"type":"cond-expr","locations":[{"start":{"line":279,"column":54},"end":{"line":279,"column":72}},{"start":{"line":279,"column":72},"end":{"line":279,"column":null}}],"line":279},"19":{"loc":{"start":{"line":292,"column":22},"end":{"line":292,"column":null}},"type":"cond-expr","locations":[{"start":{"line":292,"column":35},"end":{"line":292,"column":56}},{"start":{"line":292,"column":56},"end":{"line":292,"column":null}}],"line":292}},"s":{"0":0,"1":0,"2":0,"3":0,"4":0,"5":0,"6":0,"7":0,"8":0,"9":0,"10":0,"11":0,"12":0,"13":0,"14":0,"15":0,"16":0,"17":0,"18":0,"19":0,"20":0,"21":0,"22":0,"23":0,"24":0,"25":0,"26":0,"27":0,"28":0,"29":0,"30":0,"31":0,"32":0,"33":0,"34":0,"35":0,"36":0,"37":0,"38":0,"39":0,"40":0,"41":0,"42":0,"43":0,"44":0,"45":0,"46":0,"47":0,"48":0,"49":0,"50":0,"51":0,"52":0,"53":0,"54":0,"55":0,"56":0,"57":0,"58":0,"59":0,"60":0,"61":0,"62":0,"63":0,"64":0,"65":0,"66":0,"67":0,"68":0,"69":0,"70":0,"71":0,"72":0,"73":0,"74":0,"75":0,"76":0,"77":0,"78":0,"79":0},"f":{"0":0,"1":0,"2":0,"3":0,"4":0,"5":0,"6":0,"7":0,"8":0,"9":0,"10":0,"11":0,"12":0,"13":0,"14":0,"15":0,"16":0,"17":0,"18":0,"19":0,"20":0,"21":0,"22":0,"23":0,"24":0,"25":0,"26":0,"27":0,"28":0,"29":0},"b":{"0":[0,0],"1":[0,0],"2":[0,0],"3":[0,0],"4":[0,0,0,0,0],"5":[0,0],"6":[0,0],"7":[0,0],"8":[0,0],"9":[0,0],"10":[0,0],"11":[0,0],"12":[0,0],"13":[0,0],"14":[0,0],"15":[0,0],"16":[0,0],"17":[0,0],"18":[0,0],"19":[0,0]},"meta":{"lastBranch":20,"lastFunction":30,"lastStatement":80,"seen":{"f:18:9:18:Infinity":0,"s:20:8:20:Infinity":0,"s:22:29:30:Infinity":1,"f:22:54:22:Infinity":1,"b:23:4:23:Infinity:undefined:undefined:undefined:undefined":0,"s:23:4:23:Infinity":2,"s:23:26:23:Infinity":3,"s:24:4:29:Infinity":4,"s:32:33:32:Infinity":5,"s:33:33:33:Infinity":6,"s:35:37:35:Infinity":7,"s:36:37:36:Infinity":8,"s:37:29:43:Infinity":9,"s:44:37:44:Infinity":10,"s:45:35:45:Infinity":11,"s:46:35:46:Infinity":12,"s:47:41:49:Infinity":13,"s:50:31:69:Infinity":14,"f:52:4:52:Infinity":2,"b:54:4:54:Infinity:undefined:undefined:undefined:undefined":1,"s:54:4:54:Infinity":15,"s:54:27:54:Infinity":16,"s:56:6:58:Infinity":17,"b:57:10:57:Infinity:58:10:58:Infinity":2,"b:59:4:67:Infinity:undefined:undefined:undefined:undefined":3,"s:59:4:67:Infinity":18,"b:60:6:60:Infinity:61:6:61:Infinity:62:6:62:Infinity:63:6:63:Infinity:64:6:64:Infinity":4,"s:66:6:66:Infinity":19,"s:68:4:68:Infinity":20,"s:70:45:71:Infinity":21,"s:72:51:75:Infinity":22,"f:72:63:72:Infinity":3,"b:73:4:73:Infinity:undefined:undefined:undefined:undefined":5,"s:73:4:73:Infinity":23,"s:73:51:73:Infinity":24,"s:74:4:74:Infinity":25,"s:76:55:86:Infinity":26,"f:77:4:77:Infinity":4,"b:78:6:78:Infinity:undefined:undefined:undefined:undefined":6,"s:78:6:78:Infinity":27,"s:78:55:78:Infinity":28,"s:79:6:84:Infinity":29,"s:80:22:80:Infinity":30,"b:81:8:81:Infinity:undefined:undefined:undefined:undefined":7,"s:81:8:81:Infinity":31,"b:81:12:81:32:81:32:81:51":8,"s:81:51:81:Infinity":32,"s:85:6:85:19":33,"s:89:37:89:Infinity":34,"s:90:37:90:Infinity":35,"s:93:2:99:Infinity":36,"f:93:12:93:Infinity":5,"s:94:4:98:Infinity":37,"s:95:6:95:Infinity":38,"s:101:2:110:Infinity":39,"f:101:12:101:Infinity":6,"s:102:4:109:Infinity":40,"s:103:6:105:Infinity":41,"b:105:31:105:40:105:40:105:Infinity":9,"s:113:8:113:Infinity":42,"s:115:2:140:Infinity":43,"f:115:12:115:Infinity":7,"b:117:4:119:Infinity:undefined:undefined:undefined:undefined":10,"s:117:4:119:Infinity":44,"s:118:6:118:Infinity":45,"s:122:4:133:Infinity":46,"f:122:51:122:Infinity":8,"s:123:6:132:Infinity":47,"s:135:4:139:Infinity":48,"f:135:11:135:Infinity":9,"b:136:6:138:Infinity:undefined:undefined:undefined:undefined":11,"s:136:6:138:Infinity":49,"s:137:8:137:Infinity":50,"s:143:8:152:Infinity":51,"f:143:36:143:53":10,"s:143:53:152:6":52,"s:154:2:300:Infinity":53,"b:156:20:162:23:162:10:300:Infinity":12,"f:158:22:158:23":11,"s:159:12:159:Infinity":54,"b:162:23:172:23:172:10:300:Infinity":13,"f:164:22:164:23":12,"s:165:12:165:Infinity":55,"f:167:23:167:24":13,"s:168:12:168:Infinity":56,"s:169:12:169:Infinity":57,"b:172:23:187:Infinity:187:8:300:Infinity":14,"f:174:22:174:23":14,"s:175:12:175:Infinity":58,"f:177:23:177:24":15,"s:178:12:178:Infinity":59,"s:179:12:179:Infinity":60,"f:181:34:181:35":16,"s:182:12:182:Infinity":61,"s:183:12:183:Infinity":62,"b:206:43:206:50:206:50:206:Infinity":15,"f:207:31:207:32":17,"s:207:41:207:Infinity":63,"f:208:29:208:35":18,"s:208:35:208:Infinity":64,"f:209:31:209:37":19,"s:209:37:209:Infinity":65,"f:210:25:210:31":20,"s:210:31:210:Infinity":66,"f:212:37:212:38":21,"s:213:14:213:Infinity":67,"f:216:39:216:40":22,"s:217:14:217:Infinity":68,"b:221:24:255:13:255:12:282:Infinity":16,"f:223:24:223:25":23,"s:223:32:229:Infinity":69,"f:227:34:227:40":24,"s:227:40:227:Infinity":70,"f:244:30:244:31":25,"s:245:18:245:Infinity":71,"s:246:18:246:Infinity":72,"b:248:54:248:72:248:72:248:Infinity":17,"f:256:24:256:25":26,"s:256:32:260:Infinity":73,"f:275:30:275:31":27,"s:276:18:276:Infinity":74,"s:277:18:277:Infinity":75,"b:279:54:279:72:279:72:279:Infinity":18,"b:292:35:292:56:292:56:292:Infinity":19,"f:293:21:293:Infinity":28,"s:294:14:294:Infinity":76,"s:295:14:295:Infinity":77,"f:297:21:297:22":29,"s:298:14:298:Infinity":78,"s:299:14:299:Infinity":79}}}
,"/home/runner/work/reddit-cluster-map/reddit-cluster-map/frontend/src/__mocks__/graphData.ts": {"path":"/home/runner/work/reddit-cluster-map/reddit-cluster-map/frontend/src/__mocks__/graphData.ts","statementMap":{"0":{"start":{"line":7,"column":38},"end":{"line":44,"column":null}},"1":{"start":{"line":46,"column":38},"end":{"line":67,"column":null}},"2":{"start":{"line":69,"column":40},"end":{"line":72,"column":null}},"3":{"start":{"line":74,"column":45},"end":{"line":77,"column":null}},"4":{"start":{"line":79,"column":45},"end":{"line":82,"column":null}}},"fnMap":{},"branchMap":{},"s":{"0":0,"1":0,"2":0,"3":0,"4":0},"f":{},"b":{},"meta":{"lastBranch":0,"lastFunction":0,"lastStatement":5,"seen":{"s:7:38:44:Infinity":0,"s:46:38:67:Infinity":1,"s:69:40:72:Infinity":2,"s:74:45:77:Infinity":3,"s:79:45:82:Infinity":4}}}
,"/home/runner/work/reddit-cluster-map/reddit-cluster-map/frontend/src/components/Admin.tsx": {"path":"/home/runner/work/reddit-cluster-map/reddit-cluster-map/frontend/src/components/Admin.tsx","statementMap":{"0":{"start":{"line":55,"column":25},"end":{"line":55,"column":null}},"1":{"start":{"line":56,"column":45},"end":{"line":56,"column":null}},"2":{"start":{"line":57,"column":33},"end":{"line":57,"column":null}},"3":{"start":{"line":58,"column":31},"end":{"line":58,"column":null}},"4":{"start":{"line":59,"column":23},"end":{"line":59,"column":null}},"5":{"start":{"line":60,"column":43},"end":{"line":60,"column":null}},"6":{"start":{"line":61,"column":31},"end":{"line":61,"column":null}},"7":{"start":{"line":62,"column":31},"end":{"line":62,"column":null}},"8":{"start":{"line":63,"column":25},"end":{"line":63,"column":null}},"9":{"start":{"line":64,"column":45},"end":{"line":64,"column":null}},"10":{"start":{"line":66,"column":17},"end":{"line":66,"column":null}},"11":{"start":{"line":68,"column":24},"end":{"line":80,"column":null}},"12":{"start":{"line":69,"column":20},"end":{"line":73,"column":null}},"13":{"start":{"line":74,"column":21},"end":{"line":74,"column":null}},"14":{"start":{"line":75,"column":4},"end":{"line":78,"column":null}},"15":{"start":{"line":76,"column":6},"end":{"line":76,"column":null}},"16":{"start":{"line":77,"column":6},"end":{"line":77,"column":null}},"17":{"start":{"line":79,"column":4},"end":{"line":79,"column":null}},"18":{"start":{"line":82,"column":22},"end":{"line":108,"column":null}},"19":{"start":{"line":83,"column":4},"end":{"line":86,"column":null}},"20":{"start":{"line":84,"column":6},"end":{"line":84,"column":null}},"21":{"start":{"line":85,"column":6},"end":{"line":85,"column":null}},"22":{"start":{"line":88,"column":4},"end":{"line":107,"column":null}},"23":{"start":{"line":90,"column":23},"end":{"line":95,"column":null}},"24":{"start":{"line":97,"column":6},"end":{"line":104,"column":null}},"25":{"start":{"line":98,"column":8},"end":{"line":98,"column":null}},"26":{"start":{"line":99,"column":8},"end":{"line":99,"column":null}},"27":{"start":{"line":100,"column":13},"end":{"line":104,"column":null}},"28":{"start":{"line":101,"column":8},"end":{"line":101,"column":null}},"29":{"start":{"line":103,"column":8},"end":{"line":103,"column":null}},"30":{"start":{"line":106,"column":6},"end":{"line":106,"column":null}},"31":{"start":{"line":110,"column":23},"end":{"line":118,"column":null}},"32":{"start":{"line":111,"column":4},"end":{"line":117,"column":null}},"33":{"start":{"line":112,"column":23},"end":{"line":112,"column":null}},"34":{"start":{"line":113,"column":19},"end":{"line":113,"column":null}},"35":{"start":{"line":114,"column":6},"end":{"line":114,"column":null}},"36":{"start":{"line":116,"column":6},"end":{"line":116,"column":null}},"37":{"start":{"line":120,"column":19},"end":{"line":130,"column":null}},"38":{"start":{"line":121,"column":4},"end":{"line":129,"column":null}},"39":{"start":{"line":122,"column":23},"end":{"line":123,"column":null}},"40":{"start":{"line":125,"column":19},"end":{"line":125,"column":null}},"41":{"start":{"line":126,"column":6},"end":{"line":126,"column":null}},"42":{"start":{"line":128,"column":6},"end":{"line":128,"column":null}},"43":{"start":{"line":132,"column":23},"end":{"line":140,"column":null}},"44":{"start":{"line":133,"column":4},"end":{"line":139,"column":null}},"45":{"start":{"line":134,"column":23},"end":{"line":134,"column":null}},"46":{"start":{"line":135,"column":19},"end":{"line":135,"column":null}},"47":{"start":{"line":136,"column":6},"end":{"line":136,"column":null}},"48":{"start":{"line":138,"column":6},"end":{"line":138,"column":null}},"49":{"start":{"line":142,"column":23},"end":{"line":152,"column":null}},"50":{"start":{"line":143,"column":4},"end":{"line":151,"column":null}},"51":{"start":{"line":144,"column":23},"end":{"line":145,"column":null}},"52":{"start":{"line":147,"column":19},"end":{"line":147,"column":null}},"53":{"start":{"line":148,"column":6},"end":{"line":148,"column":null}},"54":{"start":{"line":150,"column":6},"end":{"line":150,"column":null}},"55":{"start":{"line":154,"column":26},"end":{"line":165,"column":null}},"56":{"start":{"line":155,"column":4},"end":{"line":164,"column":null}},"57":{"start":{"line":156,"column":6},"end":{"line":159,"column":null}},"58":{"start":{"line":160,"column":6},"end":{"line":160,"column":null}},"59":{"start":{"line":161,"column":6},"end":{"line":161,"column":null}},"60":{"start":{"line":163,"column":6},"end":{"line":163,"column":null}},"61":{"start":{"line":167,"column":28},"end":{"line":177,"column":null}},"62":{"start":{"line":168,"column":4},"end":{"line":176,"column":null}},"63":{"start":{"line":169,"column":6},"end":{"line":172,"column":null}},"64":{"start":{"line":173,"column":6},"end":{"line":173,"column":null}},"65":{"start":{"line":175,"column":6},"end":{"line":175,"column":null}},"66":{"start":{"line":179,"column":19},"end":{"line":189,"column":null}},"67":{"start":{"line":180,"column":4},"end":{"line":188,"column":null}},"68":{"start":{"line":181,"column":6},"end":{"line":183,"column":null}},"69":{"start":{"line":184,"column":6},"end":{"line":184,"column":null}},"70":{"start":{"line":185,"column":6},"end":{"line":185,"column":null}},"71":{"start":{"line":187,"column":6},"end":{"line":187,"column":null}},"72":{"start":{"line":191,"column":25},"end":{"line":201,"column":null}},"73":{"start":{"line":192,"column":4},"end":{"line":200,"column":null}},"74":{"start":{"line":193,"column":6},"end":{"line":196,"column":null}},"75":{"start":{"line":197,"column":6},"end":{"line":197,"column":null}},"76":{"start":{"line":199,"column":6},"end":{"line":199,"column":null}},"77":{"start":{"line":203,"column":2},"end":{"line":209,"column":null}},"78":{"start":{"line":204,"column":4},"end":{"line":207,"column":null}},"79":{"start":{"line":205,"column":6},"end":{"line":205,"column":null}},"80":{"start":{"line":206,"column":6},"end":{"line":206,"column":null}},"81":{"start":{"line":211,"column":2},"end":{"line":216,"column":null}},"82":{"start":{"line":212,"column":4},"end":{"line":214,"column":null}},"83":{"start":{"line":213,"column":6},"end":{"line":213,"column":null}},"84":{"start":{"line":218,"column":2},"end":{"line":223,"column":null}},"85":{"start":{"line":219,"column":4},"end":{"line":221,"column":null}},"86":{"start":{"line":220,"column":6},"end":{"line":220,"column":null}},"87":{"start":{"line":225,"column":2},"end":{"line":259,"column":null}},"88":{"start":{"line":226,"column":4},"end":{"line":254,"column":null}},"89":{"start":{"line":238,"column":33},"end":{"line":238,"column":null}},"90":{"start":{"line":240,"column":18},"end":{"line":242,"column":null}},"91":{"start":{"line":241,"column":20},"end":{"line":241,"column":null}},"92":{"start":{"line":261,"column":2},"end":{"line":724,"column":null}},"93":{"start":{"line":269,"column":29},"end":{"line":269,"column":null}},"94":{"start":{"line":275,"column":29},"end":{"line":275,"column":null}},"95":{"start":{"line":286,"column":27},"end":{"line":286,"column":null}},"96":{"start":{"line":296,"column":27},"end":{"line":296,"column":null}},"97":{"start":{"line":306,"column":27},"end":{"line":306,"column":null}},"98":{"start":{"line":324,"column":29},"end":{"line":324,"column":null}},"99":{"start":{"line":373,"column":33},"end":{"line":373,"column":null}},"100":{"start":{"line":409,"column":29},"end":{"line":410,"column":37}},"101":{"start":{"line":435,"column":28},"end":{"line":438,"column":null}},"102":{"start":{"line":441,"column":48},"end":{"line":441,"column":null}},"103":{"start":{"line":442,"column":28},"end":{"line":444,"column":null}},"104":{"start":{"line":443,"column":30},"end":{"line":443,"column":null}},"105":{"start":{"line":453,"column":43},"end":{"line":453,"column":null}},"106":{"start":{"line":461,"column":43},"end":{"line":461,"column":null}},"107":{"start":{"line":492,"column":22},"end":{"line":492,"column":null}},"108":{"start":{"line":505,"column":22},"end":{"line":505,"column":null}},"109":{"start":{"line":516,"column":22},"end":{"line":516,"column":null}},"110":{"start":{"line":535,"column":22},"end":{"line":537,"column":null}},"111":{"start":{"line":551,"column":22},"end":{"line":553,"column":null}},"112":{"start":{"line":566,"column":22},"end":{"line":568,"column":null}},"113":{"start":{"line":587,"column":22},"end":{"line":589,"column":null}},"114":{"start":{"line":602,"column":22},"end":{"line":604,"column":null}},"115":{"start":{"line":623,"column":22},"end":{"line":625,"column":null}},"116":{"start":{"line":638,"column":22},"end":{"line":640,"column":null}},"117":{"start":{"line":653,"column":22},"end":{"line":655,"column":null}},"118":{"start":{"line":668,"column":22},"end":{"line":670,"column":null}},"119":{"start":{"line":703,"column":31},"end":{"line":704,"column":37}}},"fnMap":{"0":{"name":"Admin","decl":{"start":{"line":54,"column":9},"end":{"line":54,"column":15}},"loc":{"start":{"line":54,"column":41},"end":{"line":733,"column":null}},"line":54},"1":{"name":"(anonymous_1)","decl":{"start":{"line":68,"column":24},"end":{"line":68,"column":31}},"loc":{"start":{"line":68,"column":69},"end":{"line":80,"column":null}},"line":68},"2":{"name":"(anonymous_2)","decl":{"start":{"line":82,"column":22},"end":{"line":82,"column":null}},"loc":{"start":{"line":82,"column":22},"end":{"line":108,"column":null}},"line":82},"3":{"name":"(anonymous_3)","decl":{"start":{"line":110,"column":23},"end":{"line":110,"column":null}},"loc":{"start":{"line":110,"column":23},"end":{"line":118,"column":null}},"line":110},"4":{"name":"(anonymous_4)","decl":{"start":{"line":120,"column":19},"end":{"line":120,"column":26}},"loc":{"start":{"line":120,"column":26},"end":{"line":130,"column":null}},"line":120},"5":{"name":"(anonymous_5)","decl":{"start":{"line":132,"column":23},"end":{"line":132,"column":null}},"loc":{"start":{"line":132,"column":23},"end":{"line":140,"column":null}},"line":132},"6":{"name":"(anonymous_6)","decl":{"start":{"line":142,"column":23},"end":{"line":142,"column":null}},"loc":{"start":{"line":142,"column":23},"end":{"line":152,"column":null}},"line":142},"7":{"name":"(anonymous_7)","decl":{"start":{"line":154,"column":26},"end":{"line":154,"column":33}},"loc":{"start":{"line":154,"column":48},"end":{"line":165,"column":null}},"line":154},"8":{"name":"(anonymous_8)","decl":{"start":{"line":167,"column":28},"end":{"line":167,"column":35}},"loc":{"start":{"line":167,"column":50},"end":{"line":177,"column":null}},"line":167},"9":{"name":"(anonymous_9)","decl":{"start":{"line":179,"column":19},"end":{"line":179,"column":26}},"loc":{"start":{"line":179,"column":26},"end":{"line":189,"column":null}},"line":179},"10":{"name":"(anonymous_10)","decl":{"start":{"line":191,"column":25},"end":{"line":191,"column":32}},"loc":{"start":{"line":191,"column":32},"end":{"line":201,"column":null}},"line":191},"11":{"name":"(anonymous_11)","decl":{"start":{"line":203,"column":12},"end":{"line":203,"column":null}},"loc":{"start":{"line":203,"column":12},"end":{"line":209,"column":5}},"line":203},"12":{"name":"(anonymous_12)","decl":{"start":{"line":211,"column":12},"end":{"line":211,"column":null}},"loc":{"start":{"line":211,"column":12},"end":{"line":216,"column":5}},"line":211},"13":{"name":"(anonymous_13)","decl":{"start":{"line":218,"column":12},"end":{"line":218,"column":null}},"loc":{"start":{"line":218,"column":12},"end":{"line":223,"column":5}},"line":218},"14":{"name":"(anonymous_14)","decl":{"start":{"line":238,"column":26},"end":{"line":238,"column":27}},"loc":{"start":{"line":238,"column":33},"end":{"line":238,"column":null}},"line":238},"15":{"name":"(anonymous_15)","decl":{"start":{"line":239,"column":28},"end":{"line":239,"column":29}},"loc":{"start":{"line":239,"column":29},"end":{"line":243,"column":null}},"line":239},"16":{"name":"(anonymous_16)","decl":{"start":{"line":269,"column":23},"end":{"line":269,"column":29}},"loc":{"start":{"line":269,"column":29},"end":{"line":269,"column":null}},"line":269},"17":{"name":"(anonymous_17)","decl":{"start":{"line":275,"column":23},"end":{"line":275,"column":29}},"loc":{"start":{"line":275,"column":29},"end":{"line":275,"column":null}},"line":275},"18":{"name":"(anonymous_18)","decl":{"start":{"line":286,"column":21},"end":{"line":286,"column":27}},"loc":{"start":{"line":286,"column":27},"end":{"line":286,"column":null}},"line":286},"19":{"name":"(anonymous_19)","decl":{"start":{"line":296,"column":21},"end":{"line":296,"column":27}},"loc":{"start":{"line":296,"column":27},"end":{"line":296,"column":null}},"line":296},"20":{"name":"(anonymous_20)","decl":{"start":{"line":306,"column":21},"end":{"line":306,"column":27}},"loc":{"start":{"line":306,"column":27},"end":{"line":306,"column":null}},"line":306},"21":{"name":"(anonymous_21)","decl":{"start":{"line":324,"column":23},"end":{"line":324,"column":29}},"loc":{"start":{"line":324,"column":29},"end":{"line":324,"column":null}},"line":324},"22":{"name":"(anonymous_22)","decl":{"start":{"line":373,"column":26},"end":{"line":373,"column":27}},"loc":{"start":{"line":373,"column":33},"end":{"line":373,"column":null}},"line":373},"23":{"name":"(anonymous_23)","decl":{"start":{"line":409,"column":28},"end":{"line":409,"column":29}},"loc":{"start":{"line":409,"column":29},"end":{"line":410,"column":37}},"line":409},"24":{"name":"(anonymous_24)","decl":{"start":{"line":434,"column":36},"end":{"line":434,"column":37}},"loc":{"start":{"line":435,"column":28},"end":{"line":438,"column":null}},"line":435},"25":{"name":"(anonymous_25)","decl":{"start":{"line":440,"column":34},"end":{"line":440,"column":35}},"loc":{"start":{"line":440,"column":35},"end":{"line":445,"column":null}},"line":440},"26":{"name":"(anonymous_26)","decl":{"start":{"line":453,"column":37},"end":{"line":453,"column":43}},"loc":{"start":{"line":453,"column":43},"end":{"line":453,"column":null}},"line":453},"27":{"name":"(anonymous_27)","decl":{"start":{"line":461,"column":37},"end":{"line":461,"column":43}},"loc":{"start":{"line":461,"column":43},"end":{"line":461,"column":null}},"line":461},"28":{"name":"(anonymous_28)","decl":{"start":{"line":491,"column":30},"end":{"line":491,"column":31}},"loc":{"start":{"line":492,"column":22},"end":{"line":492,"column":null}},"line":492},"29":{"name":"(anonymous_29)","decl":{"start":{"line":504,"column":30},"end":{"line":504,"column":31}},"loc":{"start":{"line":505,"column":22},"end":{"line":505,"column":null}},"line":505},"30":{"name":"(anonymous_30)","decl":{"start":{"line":515,"column":30},"end":{"line":515,"column":31}},"loc":{"start":{"line":516,"column":22},"end":{"line":516,"column":null}},"line":516},"31":{"name":"(anonymous_31)","decl":{"start":{"line":534,"column":30},"end":{"line":534,"column":31}},"loc":{"start":{"line":535,"column":22},"end":{"line":537,"column":null}},"line":535},"32":{"name":"(anonymous_32)","decl":{"start":{"line":550,"column":30},"end":{"line":550,"column":31}},"loc":{"start":{"line":551,"column":22},"end":{"line":553,"column":null}},"line":551},"33":{"name":"(anonymous_33)","decl":{"start":{"line":565,"column":30},"end":{"line":565,"column":31}},"loc":{"start":{"line":566,"column":22},"end":{"line":568,"column":null}},"line":566},"34":{"name":"(anonymous_34)","decl":{"start":{"line":586,"column":30},"end":{"line":586,"column":31}},"loc":{"start":{"line":587,"column":22},"end":{"line":589,"column":null}},"line":587},"35":{"name":"(anonymous_35)","decl":{"start":{"line":601,"column":30},"end":{"line":601,"column":31}},"loc":{"start":{"line":602,"column":22},"end":{"line":604,"column":null}},"line":602},"36":{"name":"(anonymous_36)","decl":{"start":{"line":622,"column":30},"end":{"line":622,"column":31}},"loc":{"start":{"line":623,"column":22},"end":{"line":625,"column":null}},"line":623},"37":{"name":"(anonymous_37)","decl":{"start":{"line":637,"column":30},"end":{"line":637,"column":31}},"loc":{"start":{"line":638,"column":22},"end":{"line":640,"column":null}},"line":638},"38":{"name":"(anonymous_38)","decl":{"start":{"line":652,"column":30},"end":{"line":652,"column":31}},"loc":{"start":{"line":653,"column":22},"end":{"line":655,"column":null}},"line":653},"39":{"name":"(anonymous_39)","decl":{"start":{"line":667,"column":30},"end":{"line":667,"column":31}},"loc":{"start":{"line":668,"column":22},"end":{"line":670,"column":null}},"line":668},"40":{"name":"(anonymous_40)","decl":{"start":{"line":703,"column":30},"end":{"line":703,"column":31}},"loc":{"start":{"line":703,"column":31},"end":{"line":704,"column":37}},"line":703}},"branchMap":{"0":{"loc":{"start":{"line":66,"column":17},"end":{"line":66,"column":null}},"type":"binary-expr","locations":[{"start":{"line":66,"column":17},"end":{"line":66,"column":45}},{"start":{"line":66,"column":49},"end":{"line":66,"column":null}}],"line":66},"1":{"loc":{"start":{"line":68,"column":44},"end":{"line":68,"column":69}},"type":"default-arg","locations":[{"start":{"line":68,"column":67},"end":{"line":68,"column":69}}],"line":68},"2":{"loc":{"start":{"line":75,"column":4},"end":{"line":78,"column":null}},"type":"if","locations":[{"start":{"line":75,"column":4},"end":{"line":78,"column":null}},{"start":{},"end":{}}],"line":75},"3":{"loc":{"start":{"line":83,"column":4},"end":{"line":86,"column":null}},"type":"if","locations":[{"start":{"line":83,"column":4},"end":{"line":86,"column":null}},{"start":{},"end":{}}],"line":83},"4":{"loc":{"start":{"line":97,"column":6},"end":{"line":104,"column":null}},"type":"if","locations":[{"start":{"line":97,"column":6},"end":{"line":104,"column":null}},{"start":{"line":100,"column":13},"end":{"line":104,"column":null}}],"line":97},"5":{"loc":{"start":{"line":100,"column":13},"end":{"line":104,"column":null}},"type":"if","locations":[{"start":{"line":100,"column":13},"end":{"line":104,"column":null}},{"start":{"line":102,"column":13},"end":{"line":104,"column":null}}],"line":100},"6":{"loc":{"start":{"line":126,"column":14},"end":{"line":126,"column":24}},"type":"binary-expr","locations":[{"start":{"line":126,"column":14},"end":{"line":126,"column":22}},{"start":{"line":126,"column":22},"end":{"line":126,"column":24}}],"line":126},"7":{"loc":{"start":{"line":148,"column":18},"end":{"line":148,"column":28}},"type":"binary-expr","locations":[{"start":{"line":148,"column":18},"end":{"line":148,"column":26}},{"start":{"line":148,"column":26},"end":{"line":148,"column":28}}],"line":148},"8":{"loc":{"start":{"line":204,"column":4},"end":{"line":207,"column":null}},"type":"if","locations":[{"start":{"line":204,"column":4},"end":{"line":207,"column":null}},{"start":{},"end":{}}],"line":204},"9":{"loc":{"start":{"line":204,"column":8},"end":{"line":204,"column":49}},"type":"binary-expr","locations":[{"start":{"line":204,"column":8},"end":{"line":204,"column":27}},{"start":{"line":204,"column":27},"end":{"line":204,"column":49}}],"line":204},"10":{"loc":{"start":{"line":212,"column":4},"end":{"line":214,"column":null}},"type":"if","locations":[{"start":{"line":212,"column":4},"end":{"line":214,"column":null}},{"start":{},"end":{}}],"line":212},"11":{"loc":{"start":{"line":212,"column":8},"end":{"line":212,"column":53}},"type":"binary-expr","locations":[{"start":{"line":212,"column":8},"end":{"line":212,"column":27}},{"start":{"line":212,"column":27},"end":{"line":212,"column":53}}],"line":212},"12":{"loc":{"start":{"line":219,"column":4},"end":{"line":221,"column":null}},"type":"if","locations":[{"start":{"line":219,"column":4},"end":{"line":221,"column":null}},{"start":{},"end":{}}],"line":219},"13":{"loc":{"start":{"line":219,"column":8},"end":{"line":219,"column":50}},"type":"binary-expr","locations":[{"start":{"line":219,"column":8},"end":{"line":219,"column":27}},{"start":{"line":219,"column":27},"end":{"line":219,"column":50}}],"line":219},"14":{"loc":{"start":{"line":225,"column":2},"end":{"line":259,"column":null}},"type":"if","locations":[{"start":{"line":225,"column":2},"end":{"line":259,"column":null}},{"start":{},"end":{}}],"line":225},"15":{"loc":{"start":{"line":240,"column":18},"end":{"line":242,"column":null}},"type":"if","locations":[{"start":{"line":240,"column":18},"end":{"line":242,"column":null}},{"start":{},"end":{}}],"line":240},"16":{"loc":{"start":{"line":254,"column":13},"end":{"line":254,"column":null}},"type":"binary-expr","locations":[{"start":{"line":254,"column":13},"end":{"line":254,"column":22}},{"start":{"line":254,"column":13},"end":{"line":254,"column":null}}],"line":254},"17":{"loc":{"start":{"line":288,"column":14},"end":{"line":290,"column":null}},"type":"cond-expr","locations":[{"start":{"line":289,"column":18},"end":{"line":289,"column":null}},{"start":{"line":290,"column":18},"end":{"line":290,"column":null}}],"line":288},"18":{"loc":{"start":{"line":298,"column":14},"end":{"line":300,"column":null}},"type":"cond-expr","locations":[{"start":{"line":299,"column":18},"end":{"line":299,"column":null}},{"start":{"line":300,"column":18},"end":{"line":300,"column":null}}],"line":298},"19":{"loc":{"start":{"line":308,"column":14},"end":{"line":310,"column":null}},"type":"cond-expr","locations":[{"start":{"line":309,"column":18},"end":{"line":309,"column":null}},{"start":{"line":310,"column":18},"end":{"line":310,"column":null}}],"line":308},"20":{"loc":{"start":{"line":320,"column":9},"end":{"line":326,"column":null}},"type":"binary-expr","locations":[{"start":{"line":320,"column":9},"end":{"line":320,"column":null}},{"start":{"line":320,"column":9},"end":{"line":326,"column":null}}],"line":320},"21":{"loc":{"start":{"line":332,"column":9},"end":{"line":474,"column":null}},"type":"binary-expr","locations":[{"start":{"line":332,"column":9},"end":{"line":332,"column":null}},{"start":{"line":332,"column":23},"end":{"line":474,"column":null}}],"line":332},"22":{"loc":{"start":{"line":335,"column":13},"end":{"line":363,"column":null}},"type":"binary-expr","locations":[{"start":{"line":335,"column":13},"end":{"line":335,"column":null}},{"start":{"line":335,"column":13},"end":{"line":363,"column":null}}],"line":335},"23":{"loc":{"start":{"line":418,"column":28},"end":{"line":424,"column":null}},"type":"cond-expr","locations":[{"start":{"line":419,"column":32},"end":{"line":419,"column":null}},{"start":{"line":420,"column":32},"end":{"line":424,"column":null}}],"line":418},"24":{"loc":{"start":{"line":420,"column":32},"end":{"line":424,"column":null}},"type":"cond-expr","locations":[{"start":{"line":421,"column":32},"end":{"line":421,"column":null}},{"start":{"line":422,"column":32},"end":{"line":424,"column":null}}],"line":420},"25":{"loc":{"start":{"line":422,"column":32},"end":{"line":424,"column":null}},"type":"cond-expr","locations":[{"start":{"line":423,"column":32},"end":{"line":423,"column":null}},{"start":{"line":424,"column":32},"end":{"line":424,"column":null}}],"line":422},"26":{"loc":{"start":{"line":433,"column":33},"end":{"line":433,"column":null}},"type":"binary-expr","locations":[{"start":{"line":433,"column":33},"end":{"line":433,"column":56}},{"start":{"line":433,"column":60},"end":{"line":433,"column":72}},{"start":{"line":433,"column":76},"end":{"line":433,"column":null}}],"line":433},"27":{"loc":{"start":{"line":437,"column":40},"end":{"line":437,"column":null}},"type":"binary-expr","locations":[{"start":{"line":437,"column":40},"end":{"line":437,"column":68}},{"start":{"line":437,"column":68},"end":{"line":437,"column":null}}],"line":437},"28":{"loc":{"start":{"line":441,"column":48},"end":{"line":441,"column":null}},"type":"binary-expr","locations":[{"start":{"line":441,"column":48},"end":{"line":441,"column":76}},{"start":{"line":441,"column":76},"end":{"line":441,"column":null}}],"line":441},"29":{"loc":{"start":{"line":442,"column":28},"end":{"line":444,"column":null}},"type":"if","locations":[{"start":{"line":442,"column":28},"end":{"line":444,"column":null}},{"start":{},"end":{}}],"line":442},"30":{"loc":{"start":{"line":442,"column":49},"end":{"line":442,"column":69}},"type":"binary-expr","locations":[{"start":{"line":442,"column":49},"end":{"line":442,"column":61}},{"start":{"line":442,"column":65},"end":{"line":442,"column":69}}],"line":442},"31":{"loc":{"start":{"line":449,"column":57},"end":{"line":449,"column":null}},"type":"binary-expr","locations":[{"start":{"line":449,"column":57},"end":{"line":449,"column":68}},{"start":{"line":449,"column":72},"end":{"line":449,"column":null}}],"line":449},"32":{"loc":{"start":{"line":451,"column":25},"end":{"line":455,"column":null}},"type":"binary-expr","locations":[{"start":{"line":451,"column":25},"end":{"line":451,"column":null}},{"start":{"line":451,"column":40},"end":{"line":455,"column":null}}],"line":451},"33":{"loc":{"start":{"line":459,"column":25},"end":{"line":463,"column":null}},"type":"binary-expr","locations":[{"start":{"line":459,"column":25},"end":{"line":459,"column":null}},{"start":{"line":459,"column":40},"end":{"line":463,"column":null}}],"line":459},"34":{"loc":{"start":{"line":472,"column":15},"end":{"line":474,"column":null}},"type":"binary-expr","locations":[{"start":{"line":472,"column":15},"end":{"line":472,"column":null}},{"start":{"line":472,"column":31},"end":{"line":474,"column":null}}],"line":472},"35":{"loc":{"start":{"line":481,"column":9},"end":{"line":672,"column":null}},"type":"binary-expr","locations":[{"start":{"line":481,"column":9},"end":{"line":481,"column":37}},{"start":{"line":481,"column":37},"end":{"line":481,"column":null}},{"start":{"line":481,"column":37},"end":{"line":672,"column":null}}],"line":481},"36":{"loc":{"start":{"line":680,"column":9},"end":{"line":724,"column":null}},"type":"binary-expr","locations":[{"start":{"line":680,"column":9},"end":{"line":680,"column":null}},{"start":{"line":680,"column":23},"end":{"line":724,"column":null}}],"line":680},"37":{"loc":{"start":{"line":713,"column":23},"end":{"line":713,"column":null}},"type":"binary-expr","locations":[{"start":{"line":713,"column":23},"end":{"line":713,"column":40}},{"start":{"line":713,"column":44},"end":{"line":713,"column":null}}],"line":713},"38":{"loc":{"start":{"line":723,"column":13},"end":{"line":724,"column":null}},"type":"binary-expr","locations":[{"start":{"line":723,"column":13},"end":{"line":723,"column":null}},{"start":{"line":723,"column":33},"end":{"line":724,"column":null}}],"line":723}},"s":{"0":0,"1":0,"2":0,"3":0,"4":0,"5":0,"6":0,"7":0,"8":0,"9":0,"10":0,"11":0,"12":0,"13":0,"14":0,"15":0,"16":0,"17":0,"18":0,"19":0,"20":0,"21":0,"22":0,"23":0,"24":0,"25":0,"26":0,"27":0,"28":0,"29":0,"30":0,"31":0,"32":0,"33":0,"34":0,"35":0,"36":0,"37":0,"38":0,"39":0,"40":0,"41":0,"42":0,"43":0,"44":0,"45":0,"46":0,"47":0,"48":0,"49":0,"50":0,"51":0,"52":0,"53":0,"54":0,"55":0,"56":0,"57":0,"58":0,"59":0,"60":0,"61":0,"62":0,"63":0,"64":0,"65":0,"66":0,"67":0,"68":0,"69":0,"70":0,"71":0,"72":0,"73":0,"74":0,"75":0,"76":0,"77":0,"78":0,"79":0,"80":0,"81":0,"82":0,"83":0,"84":0,"85":0,"86":0,"87":0,"88":0,"89":0,"90":0,"91":0,"92":0,"93":0,"94":0,"95":0,"96":0,"97":0,"98":0,"99":0,"100":0,"101":0,"102":0,"103":0,"104":0,"105":0,"106":0,"107":0,"108":0,"109":0,"110":0,"111":0,"112":0,"113":0,"114":0,"115":0,"116":0,"117":0,"118":0,"119":0},"f":{"0":0,"1":0,"2":0,"3":0,"4":0,"5":0,"6":0,"7":0,"8":0,"9":0,"10":0,"11":0,"12":0,"13":0,"14":0,"15":0,"16":0,"17":0,"18":0,"19":0,"20":0,"21":0,"22":0,"23":0,"24":0,"25":0,"26":0,"27":0,"28":0,"29":0,"30":0,"31":0,"32":0,"33":0,"34":0,"35":0,"36":0,"37":0,"38":0,"39":0,"40":0},"b":{"0":[0,0],"1":[0],"2":[0,0],"3":[0,0],"4":[0,0],"5":[0,0],"6":[0,0],"7":[0,0],"8":[0,0],"9":[0,0],"10":[0,0],"11":[0,0],"12":[0,0],"13":[0,0],"14":[0,0],"15":[0,0],"16":[0,0],"17":[0,0],"18":[0,0],"19":[0,0],"20":[0,0],"21":[0,0],"22":[0,0],"23":[0,0],"24":[0,0],"25":[0,0],"26":[0,0,0],"27":[0,0],"28":[0,0],"29":[0,0],"30":[0,0],"31":[0,0],"32":[0,0],"33":[0,0],"34":[0,0],"35":[0,0,0],"36":[0,0],"37":[0,0],"38":[0,0]},"meta":{"lastBranch":39,"lastFunction":41,"lastStatement":120,"seen":{"f:54:9:54:15":0,"s:55:25:55:Infinity":0,"s:56:45:56:Infinity":1,"s:57:33:57:Infinity":2,"s:58:31:58:Infinity":3,"s:59:23:59:Infinity":4,"s:60:43:60:Infinity":5,"s:61:31:61:Infinity":6,"s:62:31:62:Infinity":7,"s:63:25:63:Infinity":8,"s:64:45:64:Infinity":9,"s:66:17:66:Infinity":10,"b:66:17:66:45:66:49:66:Infinity":0,"s:68:24:80:Infinity":11,"f:68:24:68:31":1,"b:68:67:68:69":1,"s:69:20:73:Infinity":12,"s:74:21:74:Infinity":13,"b:75:4:78:Infinity:undefined:undefined:undefined:undefined":2,"s:75:4:78:Infinity":14,"s:76:6:76:Infinity":15,"s:77:6:77:Infinity":16,"s:79:4:79:Infinity":17,"s:82:22:108:Infinity":18,"f:82:22:82:Infinity":2,"b:83:4:86:Infinity:undefined:undefined:undefined:undefined":3,"s:83:4:86:Infinity":19,"s:84:6:84:Infinity":20,"s:85:6:85:Infinity":21,"s:88:4:107:Infinity":22,"s:90:23:95:Infinity":23,"b:97:6:104:Infinity:100:13:104:Infinity":4,"s:97:6:104:Infinity":24,"s:98:8:98:Infinity":25,"s:99:8:99:Infinity":26,"b:100:13:104:Infinity:102:13:104:Infinity":5,"s:100:13:104:Infinity":27,"s:101:8:101:Infinity":28,"s:103:8:103:Infinity":29,"s:106:6:106:Infinity":30,"s:110:23:118:Infinity":31,"f:110:23:110:Infinity":3,"s:111:4:117:Infinity":32,"s:112:23:112:Infinity":33,"s:113:19:113:Infinity":34,"s:114:6:114:Infinity":35,"s:116:6:116:Infinity":36,"s:120:19:130:Infinity":37,"f:120:19:120:26":4,"s:121:4:129:Infinity":38,"s:122:23:123:Infinity":39,"s:125:19:125:Infinity":40,"s:126:6:126:Infinity":41,"b:126:14:126:22:126:22:126:24":6,"s:128:6:128:Infinity":42,"s:132:23:140:Infinity":43,"f:132:23:132:Infinity":5,"s:133:4:139:Infinity":44,"s:134:23:134:Infinity":45,"s:135:19:135:Infinity":46,"s:136:6:136:Infinity":47,"s:138:6:138:Infinity":48,"s:142:23:152:Infinity":49,"f:142:23:142:Infinity":6,"s:143:4:151:Infinity":50,"s:144:23:145:Infinity":51,"s:147:19:147:Infinity":52,"s:148:6:148:Infinity":53,"b:148:18:148:26:148:26:148:28":7,"s:150:6:150:Infinity":54,"s:154:26:165:Infinity":55,"f:154:26:154:33":7,"s:155:4:164:Infinity":56,"s:156:6:159:Infinity":57,"s:160:6:160:Infinity":58,"s:161:6:161:Infinity":59,"s:163:6:163:Infinity":60,"s:167:28:177:Infinity":61,"f:167:28:167:35":8,"s:168:4:176:Infinity":62,"s:169:6:172:Infinity":63,"s:173:6:173:Infinity":64,"s:175:6:175:Infinity":65,"s:179:19:189:Infinity":66,"f:179:19:179:26":9,"s:180:4:188:Infinity":67,"s:181:6:183:Infinity":68,"s:184:6:184:Infinity":69,"s:185:6:185:Infinity":70,"s:187:6:187:Infinity":71,"s:191:25:201:Infinity":72,"f:191:25:191:32":10,"s:192:4:200:Infinity":73,"s:193:6:196:Infinity":74,"s:197:6:197:Infinity":75,"s:199:6:199:Infinity":76,"s:203:2:209:Infinity":77,"f:203:12:203:Infinity":11,"b:204:4:207:Infinity:undefined:undefined:undefined:undefined":8,"s:204:4:207:Infinity":78,"b:204:8:204:27:204:27:204:49":9,"s:205:6:205:Infinity":79,"s:206:6:206:Infinity":80,"s:211:2:216:Infinity":81,"f:211:12:211:Infinity":12,"b:212:4:214:Infinity:undefined:undefined:undefined:undefined":10,"s:212:4:214:Infinity":82,"b:212:8:212:27:212:27:212:53":11,"s:213:6:213:Infinity":83,"s:218:2:223:Infinity":84,"f:218:12:218:Infinity":13,"b:219:4:221:Infinity:undefined:undefined:undefined:undefined":12,"s:219:4:221:Infinity":85,"b:219:8:219:27:219:27:219:50":13,"s:220:6:220:Infinity":86,"b:225:2:259:Infinity:undefined:undefined:undefined:undefined":14,"s:225:2:259:Infinity":87,"s:226:4:254:Infinity":88,"f:238:26:238:27":14,"s:238:33:238:Infinity":89,"f:239:28:239:29":15,"b:240:18:242:Infinity:undefined:undefined:undefined:undefined":15,"s:240:18:242:Infinity":90,"s:241:20:241:Infinity":91,"b:254:13:254:22:254:13:254:Infinity":16,"s:261:2:724:Infinity":92,"f:269:23:269:29":16,"s:269:29:269:Infinity":93,"f:275:23:275:29":17,"s:275:29:275:Infinity":94,"f:286:21:286:27":18,"s:286:27:286:Infinity":95,"b:289:18:289:Infinity:290:18:290:Infinity":17,"f:296:21:296:27":19,"s:296:27:296:Infinity":96,"b:299:18:299:Infinity:300:18:300:Infinity":18,"f:306:21:306:27":20,"s:306:27:306:Infinity":97,"b:309:18:309:Infinity:310:18:310:Infinity":19,"b:320:9:320:Infinity:320:9:326:Infinity":20,"f:324:23:324:29":21,"s:324:29:324:Infinity":98,"b:332:9:332:Infinity:332:23:474:Infinity":21,"b:335:13:335:Infinity:335:13:363:Infinity":22,"f:373:26:373:27":22,"s:373:33:373:Infinity":99,"f:409:28:409:29":23,"s:409:29:410:37":100,"b:419:32:419:Infinity:420:32:424:Infinity":23,"b:421:32:421:Infinity:422:32:424:Infinity":24,"b:423:32:423:Infinity:424:32:424:Infinity":25,"b:433:33:433:56:433:60:433:72:433:76:433:Infinity":26,"f:434:36:434:37":24,"s:435:28:438:Infinity":101,"b:437:40:437:68:437:68:437:Infinity":27,"f:440:34:440:35":25,"s:441:48:441:Infinity":102,"b:441:48:441:76:441:76:441:Infinity":28,"b:442:28:444:Infinity:undefined:undefined:undefined:undefined":29,"s:442:28:444:Infinity":103,"b:442:49:442:61:442:65:442:69":30,"s:443:30:443:Infinity":104,"b:449:57:449:68:449:72:449:Infinity":31,"b:451:25:451:Infinity:451:40:455:Infinity":32,"f:453:37:453:43":26,"s:453:43:453:Infinity":105,"b:459:25:459:Infinity:459:40:463:Infinity":33,"f:461:37:461:43":27,"s:461:43:461:Infinity":106,"b:472:15:472:Infinity:472:31:474:Infinity":34,"b:481:9:481:37:481:37:481:Infinity:481:37:672:Infinity":35,"f:491:30:491:31":28,"s:492:22:492:Infinity":107,"f:504:30:504:31":29,"s:505:22:505:Infinity":108,"f:515:30:515:31":30,"s:516:22:516:Infinity":109,"f:534:30:534:31":31,"s:535:22:537:Infinity":110,"f:550:30:550:31":32,"s:551:22:553:Infinity":111,"f:565:30:565:31":33,"s:566:22:568:Infinity":112,"f:586:30:586:31":34,"s:587:22:589:Infinity":113,"f:601:30:601:31":35,"s:602:22:604:Infinity":114,"f:622:30:622:31":36,"s:623:22:625:Infinity":115,"f:637:30:637:31":37,"s:638:22:640:Infinity":116,"f:652:30:652:31":38,"s:653:22:655:Infinity":117,"f:667:30:667:31":39,"s:668:22:670:Infinity":118,"b:680:9:680:Infinity:680:23:724:Infinity":36,"f:703:30:703:31":40,"s:703:31:704:37":119,"b:713:23:713:40:713:44:713:Infinity":37,"b:723:13:723:Infinity:723:33:724:Infinity":38}}}
,"/home/runner/work/reddit-cluster-map/reddit-cluster-map/frontend/src/components/Communities.tsx": {"path":"/home/runner/work/reddit-cluster-map/reddit-cluster-map/frontend/src/components/Communities.tsx","statementMap":{"0":{"start":{"line":20,"column":33},"end":{"line":20,"column":null}},"1":{"start":{"line":21,"column":29},"end":{"line":21,"column":null}},"2":{"start":{"line":22,"column":25},"end":{"line":22,"column":null}},"3":{"start":{"line":23,"column":45},"end":{"line":24,"column":null}},"4":{"start":{"line":25,"column":49},"end":{"line":26,"column":null}},"5":{"start":{"line":28,"column":33},"end":{"line":28,"column":null}},"6":{"start":{"line":29,"column":8},"end":{"line":29,"column":null}},"7":{"start":{"line":31,"column":8},"end":{"line":50,"column":null}},"8":{"start":{"line":33,"column":6},"end":{"line":33,"column":null}},"9":{"start":{"line":36,"column":6},"end":{"line":38,"column":null}},"10":{"start":{"line":37,"column":8},"end":{"line":37,"column":null}},"11":{"start":{"line":41,"column":6},"end":{"line":48,"column":null}},"12":{"start":{"line":42,"column":14},"end":{"line":42,"column":null}},"13":{"start":{"line":43,"column":8},"end":{"line":43,"column":null}},"14":{"start":{"line":44,"column":8},"end":{"line":44,"column":null}},"15":{"start":{"line":47,"column":8},"end":{"line":47,"column":null}},"16":{"start":{"line":53,"column":8},"end":{"line":74,"column":null}},"17":{"start":{"line":54,"column":4},"end":{"line":54,"column":null}},"18":{"start":{"line":55,"column":4},"end":{"line":55,"column":null}},"19":{"start":{"line":56,"column":4},"end":{"line":73,"column":null}},"20":{"start":{"line":57,"column":19},"end":{"line":57,"column":null}},"21":{"start":{"line":58,"column":23},"end":{"line":59,"column":null}},"22":{"start":{"line":61,"column":6},"end":{"line":61,"column":null}},"23":{"start":{"line":61,"column":24},"end":{"line":61,"column":null}},"24":{"start":{"line":62,"column":20},"end":{"line":62,"column":null}},"25":{"start":{"line":63,"column":6},"end":{"line":63,"column":null}},"26":{"start":{"line":66,"column":6},"end":{"line":68,"column":null}},"27":{"start":{"line":67,"column":8},"end":{"line":67,"column":null}},"28":{"start":{"line":70,"column":6},"end":{"line":70,"column":null}},"29":{"start":{"line":72,"column":6},"end":{"line":72,"column":null}},"30":{"start":{"line":76,"column":2},"end":{"line":78,"column":null}},"31":{"start":{"line":77,"column":4},"end":{"line":77,"column":null}},"32":{"start":{"line":81,"column":2},"end":{"line":87,"column":null}},"33":{"start":{"line":82,"column":4},"end":{"line":86,"column":null}},"34":{"start":{"line":83,"column":6},"end":{"line":85,"column":null}},"35":{"start":{"line":84,"column":8},"end":{"line":84,"column":null}},"36":{"start":{"line":89,"column":26},"end":{"line":93,"column":null}},"37":{"start":{"line":90,"column":4},"end":{"line":92,"column":null}},"38":{"start":{"line":91,"column":6},"end":{"line":91,"column":null}},"39":{"start":{"line":95,"column":23},"end":{"line":99,"column":null}},"40":{"start":{"line":96,"column":4},"end":{"line":96,"column":null}},"41":{"start":{"line":96,"column":22},"end":{"line":96,"column":null}},"42":{"start":{"line":97,"column":4},"end":{"line":97,"column":null}},"43":{"start":{"line":97,"column":19},"end":{"line":97,"column":null}},"44":{"start":{"line":98,"column":4},"end":{"line":98,"column":null}},"45":{"start":{"line":101,"column":8},"end":{"line":133,"column":null}},"46":{"start":{"line":102,"column":4},"end":{"line":102,"column":null}},"47":{"start":{"line":102,"column":40},"end":{"line":102,"column":null}},"48":{"start":{"line":105,"column":6},"end":{"line":106,"column":40}},"49":{"start":{"line":105,"column":53},"end":{"line":105,"column":65}},"50":{"start":{"line":108,"column":29},"end":{"line":108,"column":59}},"51":{"start":{"line":110,"column":6},"end":{"line":110,"column":73}},"52":{"start":{"line":113,"column":30},"end":{"line":113,"column":null}},"53":{"start":{"line":114,"column":4},"end":{"line":124,"column":null}},"54":{"start":{"line":115,"column":30},"end":{"line":115,"column":null}},"55":{"start":{"line":116,"column":30},"end":{"line":116,"column":null}},"56":{"start":{"line":117,"column":6},"end":{"line":123,"column":null}},"57":{"start":{"line":122,"column":8},"end":{"line":122,"column":null}},"58":{"start":{"line":126,"column":4},"end":{"line":132,"column":null}},"59":{"start":{"line":135,"column":2},"end":{"line":141,"column":null}},"60":{"start":{"line":136,"column":4},"end":{"line":138,"column":null}},"61":{"start":{"line":143,"column":2},"end":{"line":149,"column":null}},"62":{"start":{"line":144,"column":4},"end":{"line":146,"column":null}},"63":{"start":{"line":151,"column":2},"end":{"line":159,"column":null}},"64":{"start":{"line":152,"column":4},"end":{"line":155,"column":null}},"65":{"start":{"line":162,"column":4},"end":{"line":164,"column":null}},"66":{"start":{"line":163,"column":48},"end":{"line":163,"column":null}},"67":{"start":{"line":166,"column":2},"end":{"line":425,"column":null}},"68":{"start":{"line":186,"column":29},"end":{"line":186,"column":null}},"69":{"start":{"line":192,"column":29},"end":{"line":192,"column":null}},"70":{"start":{"line":269,"column":36},"end":{"line":269,"column":null}},"71":{"start":{"line":272,"column":25},"end":{"line":305,"column":null}},"72":{"start":{"line":283,"column":31},"end":{"line":283,"column":null}},"73":{"start":{"line":303,"column":59},"end":{"line":305,"column":null}},"74":{"start":{"line":308,"column":28},"end":{"line":308,"column":null}},"75":{"start":{"line":309,"column":28},"end":{"line":309,"column":null}},"76":{"start":{"line":310,"column":28},"end":{"line":310,"column":null}},"77":{"start":{"line":337,"column":33},"end":{"line":337,"column":null}},"78":{"start":{"line":366,"column":29},"end":{"line":366,"column":null}},"79":{"start":{"line":378,"column":40},"end":{"line":378,"column":null}},"80":{"start":{"line":381,"column":37},"end":{"line":395,"column":null}},"81":{"start":{"line":385,"column":24},"end":{"line":385,"column":null}},"82":{"start":{"line":386,"column":24},"end":{"line":386,"column":null}},"83":{"start":{"line":405,"column":20},"end":{"line":405,"column":null}},"84":{"start":{"line":413,"column":20},"end":{"line":413,"column":null}}},"fnMap":{"0":{"name":"Communities","decl":{"start":{"line":15,"column":24},"end":{"line":15,"column":36}},"loc":{"start":{"line":19,"column":19},"end":{"line":433,"column":null}},"line":19},"1":{"name":"(anonymous_1)","decl":{"start":{"line":32,"column":4},"end":{"line":32,"column":5}},"loc":{"start":{"line":32,"column":5},"end":{"line":49,"column":null}},"line":32},"2":{"name":"(anonymous_2)","decl":{"start":{"line":41,"column":38},"end":{"line":41,"column":null}},"loc":{"start":{"line":41,"column":38},"end":{"line":48,"column":9}},"line":41},"3":{"name":"(anonymous_3)","decl":{"start":{"line":53,"column":32},"end":{"line":53,"column":null}},"loc":{"start":{"line":53,"column":32},"end":{"line":74,"column":5}},"line":53},"4":{"name":"(anonymous_4)","decl":{"start":{"line":76,"column":12},"end":{"line":76,"column":null}},"loc":{"start":{"line":76,"column":12},"end":{"line":78,"column":5}},"line":76},"5":{"name":"(anonymous_5)","decl":{"start":{"line":81,"column":12},"end":{"line":81,"column":null}},"loc":{"start":{"line":81,"column":12},"end":{"line":87,"column":5}},"line":81},"6":{"name":"(anonymous_6)","decl":{"start":{"line":82,"column":11},"end":{"line":82,"column":null}},"loc":{"start":{"line":82,"column":11},"end":{"line":86,"column":null}},"line":82},"7":{"name":"(anonymous_7)","decl":{"start":{"line":89,"column":26},"end":{"line":89,"column":null}},"loc":{"start":{"line":89,"column":26},"end":{"line":93,"column":null}},"line":89},"8":{"name":"(anonymous_8)","decl":{"start":{"line":95,"column":23},"end":{"line":95,"column":24}},"loc":{"start":{"line":95,"column":24},"end":{"line":99,"column":null}},"line":95},"9":{"name":"(anonymous_9)","decl":{"start":{"line":101,"column":24},"end":{"line":101,"column":null}},"loc":{"start":{"line":101,"column":24},"end":{"line":133,"column":5}},"line":101},"10":{"name":"(anonymous_10)","decl":{"start":{"line":105,"column":41},"end":{"line":105,"column":42}},"loc":{"start":{"line":105,"column":53},"end":{"line":105,"column":65}},"line":105},"11":{"name":"(anonymous_11)","decl":{"start":{"line":163,"column":41},"end":{"line":163,"column":42}},"loc":{"start":{"line":163,"column":48},"end":{"line":163,"column":null}},"line":163},"12":{"name":"(anonymous_12)","decl":{"start":{"line":186,"column":23},"end":{"line":186,"column":29}},"loc":{"start":{"line":186,"column":29},"end":{"line":186,"column":null}},"line":186},"13":{"name":"(anonymous_13)","decl":{"start":{"line":192,"column":23},"end":{"line":192,"column":29}},"loc":{"start":{"line":192,"column":29},"end":{"line":192,"column":null}},"line":192},"14":{"name":"(anonymous_14)","decl":{"start":{"line":269,"column":21},"end":{"line":269,"column":22}},"loc":{"start":{"line":269,"column":36},"end":{"line":269,"column":null}},"line":269},"15":{"name":"(anonymous_15)","decl":{"start":{"line":272,"column":24},"end":{"line":272,"column":25}},"loc":{"start":{"line":272,"column":25},"end":{"line":305,"column":null}},"line":272},"16":{"name":"(anonymous_16)","decl":{"start":{"line":283,"column":25},"end":{"line":283,"column":31}},"loc":{"start":{"line":283,"column":31},"end":{"line":283,"column":null}},"line":283},"17":{"name":"(anonymous_17)","decl":{"start":{"line":303,"column":58},"end":{"line":303,"column":59}},"loc":{"start":{"line":303,"column":59},"end":{"line":305,"column":null}},"line":303},"18":{"name":"(anonymous_18)","decl":{"start":{"line":307,"column":35},"end":{"line":307,"column":36}},"loc":{"start":{"line":307,"column":36},"end":{"line":311,"column":null}},"line":307},"19":{"name":"(anonymous_19)","decl":{"start":{"line":337,"column":27},"end":{"line":337,"column":33}},"loc":{"start":{"line":337,"column":33},"end":{"line":337,"column":null}},"line":337},"20":{"name":"(anonymous_20)","decl":{"start":{"line":366,"column":22},"end":{"line":366,"column":23}},"loc":{"start":{"line":366,"column":29},"end":{"line":366,"column":null}},"line":366},"21":{"name":"(anonymous_21)","decl":{"start":{"line":378,"column":27},"end":{"line":378,"column":28}},"loc":{"start":{"line":378,"column":40},"end":{"line":378,"column":null}},"line":378},"22":{"name":"(anonymous_22)","decl":{"start":{"line":381,"column":30},"end":{"line":381,"column":31}},"loc":{"start":{"line":381,"column":37},"end":{"line":395,"column":null}},"line":381},"23":{"name":"(anonymous_23)","decl":{"start":{"line":384,"column":31},"end":{"line":384,"column":null}},"loc":{"start":{"line":384,"column":31},"end":{"line":387,"column":null}},"line":384},"24":{"name":"(anonymous_24)","decl":{"start":{"line":404,"column":27},"end":{"line":404,"column":null}},"loc":{"start":{"line":404,"column":27},"end":{"line":406,"column":null}},"line":404},"25":{"name":"(anonymous_25)","decl":{"start":{"line":412,"column":27},"end":{"line":412,"column":null}},"loc":{"start":{"line":412,"column":27},"end":{"line":414,"column":null}},"line":412}},"branchMap":{"0":{"loc":{"start":{"line":36,"column":6},"end":{"line":38,"column":null}},"type":"if","locations":[{"start":{"line":36,"column":6},"end":{"line":38,"column":null}},{"start":{},"end":{}}],"line":36},"1":{"loc":{"start":{"line":57,"column":20},"end":{"line":57,"column":58}},"type":"binary-expr","locations":[{"start":{"line":57,"column":20},"end":{"line":57,"column":53}},{"start":{"line":57,"column":53},"end":{"line":57,"column":58}}],"line":57},"2":{"loc":{"start":{"line":61,"column":6},"end":{"line":61,"column":null}},"type":"if","locations":[{"start":{"line":61,"column":6},"end":{"line":61,"column":null}},{"start":{},"end":{}}],"line":61},"3":{"loc":{"start":{"line":66,"column":6},"end":{"line":68,"column":null}},"type":"if","locations":[{"start":{"line":66,"column":6},"end":{"line":68,"column":null}},{"start":{},"end":{}}],"line":66},"4":{"loc":{"start":{"line":83,"column":6},"end":{"line":85,"column":null}},"type":"if","locations":[{"start":{"line":83,"column":6},"end":{"line":85,"column":null}},{"start":{},"end":{}}],"line":83},"5":{"loc":{"start":{"line":90,"column":4},"end":{"line":92,"column":null}},"type":"if","locations":[{"start":{"line":90,"column":4},"end":{"line":92,"column":null}},{"start":{},"end":{}}],"line":90},"6":{"loc":{"start":{"line":96,"column":4},"end":{"line":96,"column":null}},"type":"if","locations":[{"start":{"line":96,"column":4},"end":{"line":96,"column":null}},{"start":{},"end":{}}],"line":96},"7":{"loc":{"start":{"line":97,"column":4},"end":{"line":97,"column":null}},"type":"if","locations":[{"start":{"line":97,"column":4},"end":{"line":97,"column":null}},{"start":{},"end":{}}],"line":97},"8":{"loc":{"start":{"line":102,"column":4},"end":{"line":102,"column":null}},"type":"if","locations":[{"start":{"line":102,"column":4},"end":{"line":102,"column":null}},{"start":{},"end":{}}],"line":102},"9":{"loc":{"start":{"line":102,"column":8},"end":{"line":102,"column":40}},"type":"binary-expr","locations":[{"start":{"line":102,"column":8},"end":{"line":102,"column":28}},{"start":{"line":102,"column":28},"end":{"line":102,"column":40}}],"line":102},"10":{"loc":{"start":{"line":117,"column":6},"end":{"line":123,"column":null}},"type":"if","locations":[{"start":{"line":117,"column":6},"end":{"line":123,"column":null}},{"start":{},"end":{}}],"line":117},"11":{"loc":{"start":{"line":118,"column":8},"end":{"line":120,"column":null}},"type":"binary-expr","locations":[{"start":{"line":118,"column":8},"end":{"line":118,"column":null}},{"start":{"line":119,"column":8},"end":{"line":119,"column":null}},{"start":{"line":120,"column":8},"end":{"line":120,"column":null}}],"line":118},"12":{"loc":{"start":{"line":135,"column":2},"end":{"line":141,"column":null}},"type":"if","locations":[{"start":{"line":135,"column":2},"end":{"line":141,"column":null}},{"start":{},"end":{}}],"line":135},"13":{"loc":{"start":{"line":143,"column":2},"end":{"line":149,"column":null}},"type":"if","locations":[{"start":{"line":143,"column":2},"end":{"line":149,"column":null}},{"start":{},"end":{}}],"line":143},"14":{"loc":{"start":{"line":151,"column":2},"end":{"line":159,"column":null}},"type":"if","locations":[{"start":{"line":151,"column":2},"end":{"line":159,"column":null}},{"start":{},"end":{}}],"line":151},"15":{"loc":{"start":{"line":151,"column":6},"end":{"line":151,"column":38}},"type":"binary-expr","locations":[{"start":{"line":151,"column":6},"end":{"line":151,"column":20}},{"start":{"line":151,"column":20},"end":{"line":151,"column":38}}],"line":151},"16":{"loc":{"start":{"line":155,"column":11},"end":{"line":155,"column":null}},"type":"cond-expr","locations":[{"start":{"line":155,"column":23},"end":{"line":155,"column":52}},{"start":{"line":155,"column":52},"end":{"line":155,"column":null}}],"line":155},"17":{"loc":{"start":{"line":162,"column":4},"end":{"line":164,"column":null}},"type":"cond-expr","locations":[{"start":{"line":163,"column":8},"end":{"line":163,"column":null}},{"start":{"line":164,"column":8},"end":{"line":164,"column":null}}],"line":162},"18":{"loc":{"start":{"line":183,"column":15},"end":{"line":183,"column":null}},"type":"cond-expr","locations":[{"start":{"line":183,"column":27},"end":{"line":183,"column":44}},{"start":{"line":183,"column":44},"end":{"line":183,"column":null}}],"line":183},"19":{"loc":{"start":{"line":228,"column":28},"end":{"line":228,"column":null}},"type":"binary-expr","locations":[{"start":{"line":228,"column":28},"end":{"line":228,"column":58}},{"start":{"line":228,"column":58},"end":{"line":228,"column":null}}],"line":228},"20":{"loc":{"start":{"line":256,"column":30},"end":{"line":256,"column":null}},"type":"binary-expr","locations":[{"start":{"line":256,"column":30},"end":{"line":256,"column":60}},{"start":{"line":256,"column":60},"end":{"line":256,"column":null}}],"line":256},"21":{"loc":{"start":{"line":275,"column":18},"end":{"line":277,"column":null}},"type":"cond-expr","locations":[{"start":{"line":276,"column":22},"end":{"line":276,"column":null}},{"start":{"line":277,"column":22},"end":{"line":277,"column":null}}],"line":275},"22":{"loc":{"start":{"line":299,"column":17},"end":{"line":305,"column":null}},"type":"binary-expr","locations":[{"start":{"line":299,"column":17},"end":{"line":299,"column":35}},{"start":{"line":299,"column":39},"end":{"line":299,"column":null}},{"start":{"line":299,"column":67},"end":{"line":305,"column":null}}],"line":299},"23":{"loc":{"start":{"line":324,"column":11},"end":{"line":416,"column":null}},"type":"binary-expr","locations":[{"start":{"line":324,"column":11},"end":{"line":324,"column":null}},{"start":{"line":324,"column":11},"end":{"line":416,"column":null}}],"line":324},"24":{"loc":{"start":{"line":374,"column":30},"end":{"line":374,"column":74}},"type":"binary-expr","locations":[{"start":{"line":374,"column":30},"end":{"line":374,"column":72}},{"start":{"line":374,"column":72},"end":{"line":374,"column":74}}],"line":374},"25":{"loc":{"start":{"line":377,"column":25},"end":{"line":377,"column":61}},"type":"binary-expr","locations":[{"start":{"line":377,"column":25},"end":{"line":377,"column":55}},{"start":{"line":377,"column":59},"end":{"line":377,"column":61}}],"line":377},"26":{"loc":{"start":{"line":378,"column":47},"end":{"line":378,"column":null}},"type":"binary-expr","locations":[{"start":{"line":378,"column":47},"end":{"line":378,"column":54}},{"start":{"line":378,"column":58},"end":{"line":378,"column":null}}],"line":378}},"s":{"0":0,"1":0,"2":0,"3":0,"4":0,"5":0,"6":0,"7":0,"8":0,"9":0,"10":0,"11":0,"12":0,"13":0,"14":0,"15":0,"16":0,"17":0,"18":0,"19":0,"20":0,"21":0,"22":0,"23":0,"24":0,"25":0,"26":0,"27":0,"28":0,"29":0,"30":0,"31":0,"32":0,"33":0,"34":0,"35":0,"36":0,"37":0,"38":0,"39":0,"40":0,"41":0,"42":0,"43":0,"44":0,"45":0,"46":0,"47":0,"48":0,"49":0,"50":0,"51":0,"52":0,"53":0,"54":0,"55":0,"56":0,"57":0,"58":0,"59":0,"60":0,"61":0,"62":0,"63":0,"64":0,"65":0,"66":0,"67":0,"68":0,"69":0,"70":0,"71":0,"72":0,"73":0,"74":0,"75":0,"76":0,"77":0,"78":0,"79":0,"80":0,"81":0,"82":0,"83":0,"84":0},"f":{"0":0,"1":0,"2":0,"3":0,"4":0,"5":0,"6":0,"7":0,"8":0,"9":0,"10":0,"11":0,"12":0,"13":0,"14":0,"15":0,"16":0,"17":0,"18":0,"19":0,"20":0,"21":0,"22":0,"23":0,"24":0,"25":0},"b":{"0":[0,0],"1":[0,0],"2":[0,0],"3":[0,0],"4":[0,0],"5":[0,0],"6":[0,0],"7":[0,0],"8":[0,0],"9":[0,0],"10":[0,0],"11":[0,0,0],"12":[0,0],"13":[0,0],"14":[0,0],"15":[0,0],"16":[0,0],"17":[0,0],"18":[0,0],"19":[0,0],"20":[0,0],"21":[0,0],"22":[0,0,0],"23":[0,0],"24":[0,0],"25":[0,0],"26":[0,0]},"meta":{"lastBranch":27,"lastFunction":26,"lastStatement":85,"seen":{"f:15:24:15:36":0,"s:20:33:20:Infinity":0,"s:21:29:21:Infinity":1,"s:22:25:22:Infinity":2,"s:23:45:24:Infinity":3,"s:25:49:26:Infinity":4,"s:28:33:28:Infinity":5,"s:29:8:29:Infinity":6,"s:31:8:50:Infinity":7,"f:32:4:32:5":1,"s:33:6:33:Infinity":8,"b:36:6:38:Infinity:undefined:undefined:undefined:undefined":0,"s:36:6:38:Infinity":9,"s:37:8:37:Infinity":10,"s:41:6:48:Infinity":11,"f:41:38:41:Infinity":2,"s:42:14:42:Infinity":12,"s:43:8:43:Infinity":13,"s:44:8:44:Infinity":14,"s:47:8:47:Infinity":15,"s:53:8:74:Infinity":16,"f:53:32:53:Infinity":3,"s:54:4:54:Infinity":17,"s:55:4:55:Infinity":18,"s:56:4:73:Infinity":19,"s:57:19:57:Infinity":20,"b:57:20:57:53:57:53:57:58":1,"s:58:23:59:Infinity":21,"b:61:6:61:Infinity:undefined:undefined:undefined:undefined":2,"s:61:6:61:Infinity":22,"s:61:24:61:Infinity":23,"s:62:20:62:Infinity":24,"s:63:6:63:Infinity":25,"b:66:6:68:Infinity:undefined:undefined:undefined:undefined":3,"s:66:6:68:Infinity":26,"s:67:8:67:Infinity":27,"s:70:6:70:Infinity":28,"s:72:6:72:Infinity":29,"s:76:2:78:Infinity":30,"f:76:12:76:Infinity":4,"s:77:4:77:Infinity":31,"s:81:2:87:Infinity":32,"f:81:12:81:Infinity":5,"s:82:4:86:Infinity":33,"f:82:11:82:Infinity":6,"b:83:6:85:Infinity:undefined:undefined:undefined:undefined":4,"s:83:6:85:Infinity":34,"s:84:8:84:Infinity":35,"s:89:26:93:Infinity":36,"f:89:26:89:Infinity":7,"b:90:4:92:Infinity:undefined:undefined:undefined:undefined":5,"s:90:4:92:Infinity":37,"s:91:6:91:Infinity":38,"s:95:23:99:Infinity":39,"f:95:23:95:24":8,"b:96:4:96:Infinity:undefined:undefined:undefined:undefined":6,"s:96:4:96:Infinity":40,"s:96:22:96:Infinity":41,"b:97:4:97:Infinity:undefined:undefined:undefined:undefined":7,"s:97:4:97:Infinity":42,"s:97:19:97:Infinity":43,"s:98:4:98:Infinity":44,"s:101:8:133:Infinity":45,"f:101:24:101:Infinity":9,"b:102:4:102:Infinity:undefined:undefined:undefined:undefined":8,"s:102:4:102:Infinity":46,"b:102:8:102:28:102:28:102:40":9,"s:102:40:102:Infinity":47,"s:105:6:106:40":48,"f:105:41:105:42":10,"s:105:53:105:65":49,"s:108:29:108:59":50,"s:110:6:110:73":51,"s:113:30:113:Infinity":52,"s:114:4:124:Infinity":53,"s:115:30:115:Infinity":54,"s:116:30:116:Infinity":55,"b:117:6:123:Infinity:undefined:undefined:undefined:undefined":10,"s:117:6:123:Infinity":56,"b:118:8:118:Infinity:119:8:119:Infinity:120:8:120:Infinity":11,"s:122:8:122:Infinity":57,"s:126:4:132:Infinity":58,"b:135:2:141:Infinity:undefined:undefined:undefined:undefined":12,"s:135:2:141:Infinity":59,"s:136:4:138:Infinity":60,"b:143:2:149:Infinity:undefined:undefined:undefined:undefined":13,"s:143:2:149:Infinity":61,"s:144:4:146:Infinity":62,"b:151:2:159:Infinity:undefined:undefined:undefined:undefined":14,"s:151:2:159:Infinity":63,"b:151:6:151:20:151:20:151:38":15,"s:152:4:155:Infinity":64,"b:155:23:155:52:155:52:155:Infinity":16,"s:162:4:164:Infinity":65,"b:163:8:163:Infinity:164:8:164:Infinity":17,"f:163:41:163:42":11,"s:163:48:163:Infinity":66,"s:166:2:425:Infinity":67,"b:183:27:183:44:183:44:183:Infinity":18,"f:186:23:186:29":12,"s:186:29:186:Infinity":68,"f:192:23:192:29":13,"s:192:29:192:Infinity":69,"b:228:28:228:58:228:58:228:Infinity":19,"b:256:30:256:60:256:60:256:Infinity":20,"f:269:21:269:22":14,"s:269:36:269:Infinity":70,"f:272:24:272:25":15,"s:272:25:305:Infinity":71,"b:276:22:276:Infinity:277:22:277:Infinity":21,"f:283:25:283:31":16,"s:283:31:283:Infinity":72,"b:299:17:299:35:299:39:299:Infinity:299:67:305:Infinity":22,"f:303:58:303:59":17,"s:303:59:305:Infinity":73,"f:307:35:307:36":18,"s:308:28:308:Infinity":74,"s:309:28:309:Infinity":75,"s:310:28:310:Infinity":76,"b:324:11:324:Infinity:324:11:416:Infinity":23,"f:337:27:337:33":19,"s:337:33:337:Infinity":77,"f:366:22:366:23":20,"s:366:29:366:Infinity":78,"b:374:30:374:72:374:72:374:74":24,"b:377:25:377:55:377:59:377:61":25,"f:378:27:378:28":21,"s:378:40:378:Infinity":79,"b:378:47:378:54:378:58:378:Infinity":26,"f:381:30:381:31":22,"s:381:37:395:Infinity":80,"f:384:31:384:Infinity":23,"s:385:24:385:Infinity":81,"s:386:24:386:Infinity":82,"f:404:27:404:Infinity":24,"s:405:20:405:Infinity":83,"f:412:27:412:Infinity":25,"s:413:20:413:Infinity":84}}}
[...]
e":67,"column":33}}],"line":67},"11":{"loc":{"start":{"line":76,"column":2},"end":{"line":83,"column":null}},"type":"if","locations":[{"start":{"line":76,"column":2},"end":{"line":83,"column":null}},{"start":{},"end":{}}],"line":76},"12":{"loc":{"start":{"line":76,"column":6},"end":{"line":76,"column":61}},"type":"binary-expr","locations":[{"start":{"line":76,"column":6},"end":{"line":76,"column":25}},{"start":{"line":76,"column":25},"end":{"line":76,"column":44}},{"start":{"line":76,"column":44},"end":{"line":76,"column":61}}],"line":76},"13":{"loc":{"start":{"line":80,"column":4},"end":{"line":82,"column":null}},"type":"if","locations":[{"start":{"line":80,"column":4},"end":{"line":82,"column":null}},{"start":{},"end":{}}],"line":80},"14":{"loc":{"start":{"line":80,"column":8},"end":{"line":80,"column":45}},"type":"binary-expr","locations":[{"start":{"line":80,"column":8},"end":{"line":80,"column":21}},{"start":{"line":80,"column":21},"end":{"line":80,"column":34}},{"start":{"line":80,"column":34},"end":{"line":80,"column":45}}],"line":80},"15":{"loc":{"start":{"line":89,"column":2},"end":{"line":96,"column":null}},"type":"if","locations":[{"start":{"line":89,"column":2},"end":{"line":96,"column":null}},{"start":{},"end":{}}],"line":89},"16":{"loc":{"start":{"line":89,"column":6},"end":{"line":89,"column":64}},"type":"binary-expr","locations":[{"start":{"line":89,"column":6},"end":{"line":89,"column":25}},{"start":{"line":89,"column":25},"end":{"line":89,"column":44}},{"start":{"line":89,"column":44},"end":{"line":89,"column":64}}],"line":89},"17":{"loc":{"start":{"line":93,"column":4},"end":{"line":95,"column":null}},"type":"if","locations":[{"start":{"line":93,"column":4},"end":{"line":95,"column":null}},{"start":{},"end":{}}],"line":93},"18":{"loc":{"start":{"line":93,"column":8},"end":{"line":93,"column":48}},"type":"binary-expr","locations":[{"start":{"line":93,"column":8},"end":{"line":93,"column":21}},{"start":{"line":93,"column":21},"end":{"line":93,"column":34}},{"start":{"line":93,"column":34},"end":{"line":93,"column":48}}],"line":93},"19":{"loc":{"start":{"line":100,"column":2},"end":{"line":102,"column":null}},"type":"if","locations":[{"start":{"line":100,"column":2},"end":{"line":102,"column":null}},{"start":{},"end":{}}],"line":100},"20":{"loc":{"start":{"line":106,"column":2},"end":{"line":108,"column":null}},"type":"if","locations":[{"start":{"line":106,"column":2},"end":{"line":108,"column":null}},{"start":{},"end":{}}],"line":106},"21":{"loc":{"start":{"line":117,"column":2},"end":{"line":117,"column":null}},"type":"if","locations":[{"start":{"line":117,"column":2},"end":{"line":117,"column":null}},{"start":{},"end":{}}],"line":117},"22":{"loc":{"start":{"line":122,"column":2},"end":{"line":124,"column":null}},"type":"if","locations":[{"start":{"line":122,"column":2},"end":{"line":124,"column":null}},{"start":{},"end":{}}],"line":122},"23":{"loc":{"start":{"line":127,"column":2},"end":{"line":132,"column":null}},"type":"if","locations":[{"start":{"line":127,"column":2},"end":{"line":132,"column":null}},{"start":{},"end":{}}],"line":127},"24":{"loc":{"start":{"line":128,"column":30},"end":{"line":128,"column":null}},"type":"cond-expr","locations":[{"start":{"line":128,"column":56},"end":{"line":128,"column":62}},{"start":{"line":128,"column":62},"end":{"line":128,"column":null}}],"line":128},"25":{"loc":{"start":{"line":129,"column":25},"end":{"line":129,"column":null}},"type":"cond-expr","locations":[{"start":{"line":129,"column":46},"end":{"line":129,"column":52}},{"start":{"line":129,"column":52},"end":{"line":129,"column":null}}],"line":129},"26":{"loc":{"start":{"line":130,"column":25},"end":{"line":130,"column":null}},"type":"cond-expr","locations":[{"start":{"line":130,"column":46},"end":{"line":130,"column":52}},{"start":{"line":130,"column":52},"end":{"line":130,"column":null}}],"line":130},"27":{"loc":{"start":{"line":131,"column":28},"end":{"line":131,"column":null}},"type":"cond-expr","locations":[{"start":{"line":131,"column":52},"end":{"line":131,"column":58}},{"start":{"line":131,"column":58},"end":{"line":131,"column":null}}],"line":131},"28":{"loc":{"start":{"line":135,"column":2},"end":{"line":139,"column":null}},"type":"if","locations":[{"start":{"line":135,"column":2},"end":{"line":139,"column":null}},{"start":{"line":137,"column":9},"end":{"line":139,"column":null}}],"line":135},"29":{"loc":{"start":{"line":135,"column":6},"end":{"line":135,"column":61}},"type":"binary-expr","locations":[{"start":{"line":135,"column":6},"end":{"line":135,"column":39}},{"start":{"line":135,"column":39},"end":{"line":135,"column":61}}],"line":135},"30":{"loc":{"start":{"line":141,"column":2},"end":{"line":145,"column":null}},"type":"if","locations":[{"start":{"line":141,"column":2},"end":{"line":145,"column":null}},{"start":{"line":143,"column":9},"end":{"line":145,"column":null}}],"line":141},"31":{"loc":{"start":{"line":141,"column":6},"end":{"line":141,"column":61}},"type":"binary-expr","locations":[{"start":{"line":141,"column":6},"end":{"line":141,"column":39}},{"start":{"line":141,"column":39},"end":{"line":141,"column":61}}],"line":141},"32":{"loc":{"start":{"line":148,"column":2},"end":{"line":156,"column":null}},"type":"if","locations":[{"start":{"line":148,"column":2},"end":{"line":156,"column":null}},{"start":{"line":152,"column":9},"end":{"line":156,"column":null}}],"line":148},"33":{"loc":{"start":{"line":159,"column":2},"end":{"line":167,"column":null}},"type":"if","locations":[{"start":{"line":159,"column":2},"end":{"line":167,"column":null}},{"start":{"line":163,"column":9},"end":{"line":167,"column":null}}],"line":159},"34":{"loc":{"start":{"line":170,"column":2},"end":{"line":172,"column":null}},"type":"if","locations":[{"start":{"line":170,"column":2},"end":{"line":172,"column":null}},{"start":{},"end":{}}],"line":170},"35":{"loc":{"start":{"line":171,"column":34},"end":{"line":171,"column":null}},"type":"cond-expr","locations":[{"start":{"line":171,"column":61},"end":{"line":171,"column":67}},{"start":{"line":171,"column":67},"end":{"line":171,"column":null}}],"line":171},"36":{"loc":{"start":{"line":175,"column":2},"end":{"line":177,"column":null}},"type":"if","locations":[{"start":{"line":175,"column":2},"end":{"line":177,"column":null}},{"start":{},"end":{}}],"line":175},"37":{"loc":{"start":{"line":176,"column":36},"end":{"line":176,"column":null}},"type":"cond-expr","locations":[{"start":{"line":176,"column":65},"end":{"line":176,"column":71}},{"start":{"line":176,"column":71},"end":{"line":176,"column":null}}],"line":176},"38":{"loc":{"start":{"line":188,"column":2},"end":{"line":188,"column":null}},"type":"if","locations":[{"start":{"line":188,"column":2},"end":{"line":188,"column":null}},{"start":{},"end":{}}],"line":188},"39":{"loc":{"start":{"line":192,"column":2},"end":{"line":194,"column":null}},"type":"if","locations":[{"start":{"line":192,"column":2},"end":{"line":194,"column":null}},{"start":{},"end":{}}],"line":192},"40":{"loc":{"start":{"line":196,"column":2},"end":{"line":201,"column":null}},"type":"if","locations":[{"start":{"line":196,"column":2},"end":{"line":201,"column":null}},{"start":{},"end":{}}],"line":196},"41":{"loc":{"start":{"line":197,"column":30},"end":{"line":197,"column":null}},"type":"cond-expr","locations":[{"start":{"line":197,"column":56},"end":{"line":197,"column":62}},{"start":{"line":197,"column":62},"end":{"line":197,"column":null}}],"line":197},"42":{"loc":{"start":{"line":198,"column":25},"end":{"line":198,"column":null}},"type":"cond-expr","locations":[{"start":{"line":198,"column":46},"end":{"line":198,"column":52}},{"start":{"line":198,"column":52},"end":{"line":198,"column":null}}],"line":198},"43":{"loc":{"start":{"line":199,"column":25},"end":{"line":199,"column":null}},"type":"cond-expr","locations":[{"start":{"line":199,"column":46},"end":{"line":199,"column":52}},{"start":{"line":199,"column":52},"end":{"line":199,"column":null}}],"line":199},"44":{"loc":{"start":{"line":200,"column":28},"end":{"line":200,"column":null}},"type":"cond-expr","locations":[{"start":{"line":200,"column":52},"end":{"line":200,"column":58}},{"start":{"line":200,"column":58},"end":{"line":200,"column":null}}],"line":200},"45":{"loc":{"start":{"line":203,"column":2},"end":{"line":205,"column":null}},"type":"if","locations":[{"start":{"line":203,"column":2},"end":{"line":205,"column":null}},{"start":{},"end":{}}],"line":203},"46":{"loc":{"start":{"line":203,"column":6},"end":{"line":203,"column":61}},"type":"binary-expr","locations":[{"start":{"line":203,"column":6},"end":{"line":203,"column":39}},{"start":{"line":203,"column":39},"end":{"line":203,"column":61}}],"line":203},"47":{"loc":{"start":{"line":207,"column":2},"end":{"line":209,"column":null}},"type":"if","locations":[{"start":{"line":207,"column":2},"end":{"line":209,"column":null}},{"start":{},"end":{}}],"line":207},"48":{"loc":{"start":{"line":207,"column":6},"end":{"line":207,"column":61}},"type":"binary-expr","locations":[{"start":{"line":207,"column":6},"end":{"line":207,"column":39}},{"start":{"line":207,"column":39},"end":{"line":207,"column":61}}],"line":207},"49":{"loc":{"start":{"line":211,"column":2},"end":{"line":215,"column":null}},"type":"if","locations":[{"start":{"line":211,"column":2},"end":{"line":215,"column":null}},{"start":{},"end":{}}],"line":211},"50":{"loc":{"start":{"line":217,"column":2},"end":{"line":221,"column":null}},"type":"if","locations":[{"start":{"line":217,"column":2},"end":{"line":221,"column":null}},{"start":{},"end":{}}],"line":217},"51":{"loc":{"start":{"line":223,"column":2},"end":{"line":225,"column":null}},"type":"if","locations":[{"start":{"line":223,"column":2},"end":{"line":225,"column":null}},{"start":{},"end":{}}],"line":223},"52":{"loc":{"start":{"line":224,"column":34},"end":{"line":224,"column":null}},"type":"cond-expr","locations":[{"start":{"line":224,"column":61},"end":{"line":224,"column":67}},{"start":{"line":224,"column":67},"end":{"line":224,"column":null}}],"line":224},"53":{"loc":{"start":{"line":227,"column":2},"end":{"line":229,"column":null}},"type":"if","locations":[{"start":{"line":227,"column":2},"end":{"line":229,"column":null}},{"start":{},"end":{}}],"line":227},"54":{"loc":{"start":{"line":228,"column":36},"end":{"line":228,"column":null}},"type":"cond-expr","locations":[{"start":{"line":228,"column":65},"end":{"line":228,"column":71}},{"start":{"line":228,"column":71},"end":{"line":228,"column":null}}],"line":228}},"s":{"0":8,"1":0,"2":8,"3":8,"4":8,"5":8,"6":1,"7":8,"8":8,"9":8,"10":8,"11":8,"12":1,"13":8,"14":8,"15":1,"16":1,"17":1,"18":8,"19":8,"20":1,"21":1,"22":1,"23":8,"24":8,"25":8,"26":8,"27":1,"28":1,"29":1,"30":1,"31":1,"32":8,"33":8,"34":8,"35":8,"36":1,"37":1,"38":1,"39":1,"40":1,"41":8,"42":8,"43":1,"44":8,"45":8,"46":1,"47":8,"48":3,"49":0,"50":3,"51":3,"52":1,"53":3,"54":1,"55":1,"56":1,"57":1,"58":3,"59":0,"60":3,"61":3,"62":0,"63":3,"64":3,"65":1,"66":1,"67":1,"68":2,"69":2,"70":2,"71":3,"72":1,"73":1,"74":1,"75":2,"76":2,"77":2,"78":3,"79":0,"80":3,"81":0,"82":3,"83":3,"84":2,"85":1,"86":1,"87":1,"88":1,"89":1,"90":1,"91":1,"92":1,"93":1,"94":1,"95":0,"96":1,"97":0,"98":1,"99":0,"100":0,"101":0,"102":1,"103":0,"104":0,"105":0,"106":1,"107":0,"108":1,"109":0,"110":1},"f":{"0":8,"1":3,"2":2},"b":{"0":[0,8],"1":[1,7],"2":[8,8,7,7,7],"3":[1,7],"4":[8,7,7,7],"5":[1,7],"6":[1,0],"7":[1,1],"8":[1,7],"9":[1,0],"10":[1,1],"11":[1,7],"12":[8,1,1],"13":[1,0],"14":[1,1,1],"15":[1,7],"16":[8,1,1],"17":[1,0],"18":[1,1,1],"19":[1,7],"20":[1,7],"21":[0,3],"22":[1,2],"23":[1,2],"24":[1,0],"25":[0,1],"26":[1,0],"27":[0,1],"28":[0,3],"29":[3,0],"30":[0,3],"31":[3,0],"32":[1,2],"33":[1,2],"34":[0,3],"35":[0,0],"36":[0,3],"37":[0,0],"38":[1,1],"39":[1,0],"40":[1,0],"41":[1,0],"42":[1,0],"43":[0,1],"44":[0,1],"45":[0,1],"46":[1,0],"47":[0,1],"48":[1,0],"49":[0,1],"50":[0,1],"51":[0,1],"52":[0,0],"53":[0,1],"54":[0,0]},"meta":{"lastBranch":55,"lastFunction":3,"lastStatement":111,"seen":{"f:28:16:28:Infinity":0,"b:29:2:29:Infinity:undefined:undefined:undefined:undefined":0,"s:29:2:29:Infinity":0,"s:29:37:29:Infinity":1,"s:31:17:31:Infinity":2,"s:32:26:32:Infinity":3,"s:35:19:35:Infinity":4,"b:36:2:38:Infinity:undefined:undefined:undefined:undefined":1,"s:36:2:38:Infinity":5,"b:36:6:36:27:36:27:36:48:36:48:36:76:36:76:36:106:36:106:36:128":2,"s:37:4:37:Infinity":6,"s:41:19:41:Infinity":7,"s:42:21:42:Infinity":8,"s:43:21:43:Infinity":9,"s:44:24:44:Infinity":10,"b:46:2:53:Infinity:undefined:undefined:undefined:undefined":3,"s:46:2:53:Infinity":11,"b:46:6:46:27:46:27:46:50:46:50:46:73:46:73:46:97":4,"s:47:4:52:Infinity":12,"s:56:20:56:Infinity":13,"b:57:2:62:Infinity:undefined:undefined:undefined:undefined":5,"s:57:2:62:Infinity":14,"s:58:16:58:Infinity":15,"b:59:4:61:Infinity:undefined:undefined:undefined:undefined":6,"s:59:4:61:Infinity":16,"b:59:8:59:23:59:23:59:33":7,"s:60:6:60:Infinity":17,"s:64:20:64:Infinity":18,"b:65:2:70:Infinity:undefined:undefined:undefined:undefined":8,"s:65:2:70:Infinity":19,"s:66:16:66:Infinity":20,"b:67:4:69:Infinity:undefined:undefined:undefined:undefined":9,"s:67:4:69:Infinity":21,"b:67:8:67:23:67:23:67:33":10,"s:68:6:68:Infinity":22,"s:73:17:73:Infinity":23,"s:74:17:74:Infinity":24,"s:75:17:75:Infinity":25,"b:76:2:83:Infinity:undefined:undefined:undefined:undefined":11,"s:76:2:83:Infinity":26,"b:76:6:76:25:76:25:76:44:76:44:76:61":12,"s:77:14:77:Infinity":27,"s:78:14:78:Infinity":28,"s:79:14:79:Infinity":29,"b:80:4:82:Infinity:undefined:undefined:undefined:undefined":13,"s:80:4:82:Infinity":30,"b:80:8:80:21:80:21:80:34:80:34:80:45":14,"s:81:6:81:Infinity":31,"s:86:17:86:Infinity":32,"s:87:17:87:Infinity":33,"s:88:20:88:Infinity":34,"b:89:2:96:Infinity:undefined:undefined:undefined:undefined":15,"s:89:2:96:Infinity":35,"b:89:6:89:25:89:25:89:44:89:44:89:64":16,"s:90:14:90:Infinity":36,"s:91:14:91:Infinity":37,"s:92:17:92:Infinity":38,"b:93:4:95:Infinity:undefined:undefined:undefined:undefined":17,"s:93:4:95:Infinity":39,"b:93:8:93:21:93:21:93:34:93:34:93:48":18,"s:94:6:94:Infinity":40,"s:99:29:99:Infinity":41,"b:100:2:102:Infinity:undefined:undefined:undefined:undefined":19,"s:100:2:102:Infinity":42,"s:101:4:101:Infinity":43,"s:105:31:105:Infinity":44,"b:106:2:108:Infinity:undefined:undefined:undefined:undefined":20,"s:106:2:108:Infinity":45,"s:107:4:107:Infinity":46,"s:110:2:110:Infinity":47,"f:116:16:116:32":1,"b:117:2:117:Infinity:undefined:undefined:undefined:undefined":21,"s:117:2:117:Infinity":48,"s:117:37:117:Infinity":49,"s:119:17:119:Infinity":50,"b:122:2:124:Infinity:undefined:undefined:undefined:undefined":22,"s:122:2:124:Infinity":51,"s:123:4:123:Infinity":52,"b:127:2:132:Infinity:undefined:undefined:undefined:undefined":23,"s:127:2:132:Infinity":53,"s:128:4:128:Infinity":54,"b:128:56:128:62:128:62:128:Infinity":24,"s:129:4:129:Infinity":55,"b:129:46:129:52:129:52:129:Infinity":25,"s:130:4:130:Infinity":56,"b:130:46:130:52:130:52:130:Infinity":26,"s:131:4:131:Infinity":57,"b:131:52:131:58:131:58:131:Infinity":27,"b:135:2:139:Infinity:137:9:139:Infinity":28,"s:135:2:139:Infinity":58,"b:135:6:135:39:135:39:135:61":29,"s:136:4:136:Infinity":59,"s:138:4:138:Infinity":60,"b:141:2:145:Infinity:143:9:145:Infinity":30,"s:141:2:145:Infinity":61,"b:141:6:141:39:141:39:141:61":31,"s:142:4:142:Infinity":62,"s:144:4:144:Infinity":63,"b:148:2:156:Infinity:152:9:156:Infinity":32,"s:148:2:156:Infinity":64,"s:149:4:149:Infinity":65,"s:150:4:150:Infinity":66,"s:151:4:151:Infinity":67,"s:153:4:153:Infinity":68,"s:154:4:154:Infinity":69,"s:155:4:155:Infinity":70,"b:159:2:167:Infinity:163:9:167:Infinity":33,"s:159:2:167:Infinity":71,"s:160:4:160:Infinity":72,"s:161:4:161:Infinity":73,"s:162:4:162:Infinity":74,"s:164:4:164:Infinity":75,"s:165:4:165:Infinity":76,"s:166:4:166:Infinity":77,"b:170:2:172:Infinity:undefined:undefined:undefined:undefined":34,"s:170:2:172:Infinity":78,"s:171:4:171:Infinity":79,"b:171:61:171:67:171:67:171:Infinity":35,"b:175:2:177:Infinity:undefined:undefined:undefined:undefined":36,"s:175:2:177:Infinity":80,"s:176:4:176:Infinity":81,"b:176:65:176:71:176:71:176:Infinity":37,"s:180:17:180:67":82,"s:181:2:181:Infinity":83,"f:187:16:187:33":2,"b:188:2:188:Infinity:undefined:undefined:undefined:undefined":38,"s:188:2:188:Infinity":84,"s:188:37:188:Infinity":85,"s:190:17:190:Infinity":86,"b:192:2:194:Infinity:undefined:undefined:undefined:undefined":39,"s:192:2:194:Infinity":87,"s:193:4:193:Infinity":88,"b:196:2:201:Infinity:undefined:undefined:undefined:undefined":40,"s:196:2:201:Infinity":89,"s:197:4:197:Infinity":90,"b:197:56:197:62:197:62:197:Infinity":41,"s:198:4:198:Infinity":91,"b:198:46:198:52:198:52:198:Infinity":42,"s:199:4:199:Infinity":92,"b:199:46:199:52:199:52:199:Infinity":43,"s:200:4:200:Infinity":93,"b:200:52:200:58:200:58:200:Infinity":44,"b:203:2:205:Infinity:undefined:undefined:undefined:undefined":45,"s:203:2:205:Infinity":94,"b:203:6:203:39:203:39:203:61":46,"s:204:4:204:Infinity":95,"b:207:2:209:Infinity:undefined:undefined:undefined:undefined":47,"s:207:2:209:Infinity":96,"b:207:6:207:39:207:39:207:61":48,"s:208:4:208:Infinity":97,"b:211:2:215:Infinity:undefined:undefined:undefined:undefined":49,"s:211:2:215:Infinity":98,"s:212:4:212:Infinity":99,"s:213:4:213:Infinity":100,"s:214:4:214:Infinity":101,"b:217:2:221:Infinity:undefined:undefined:undefined:undefined":50,"s:217:2:221:Infinity":102,"s:218:4:218:Infinity":103,"s:219:4:219:Infinity":104,"s:220:4:220:Infinity":105,"b:223:2:225:Infinity:undefined:undefined:undefined:undefined":51,"s:223:2:225:Infinity":106,"s:224:4:224:Infinity":107,"b:224:61:224:67:224:67:224:Infinity":52,"b:227:2:229:Infinity:undefined:undefined:undefined:undefined":53,"s:227:2:229:Infinity":108,"s:228:4:228:Infinity":109,"b:228:65:228:71:228:71:228:Infinity":54,"s:231:2:231:Infinity":110}}}
,"/home/runner/work/reddit-cluster-map/reddit-cluster-map/frontend/src/utils/webglDetect.ts": {"path":"/home/runner/work/reddit-cluster-map/reddit-cluster-map/frontend/src/utils/webglDetect.ts","statementMap":{"0":{"start":{"line":6,"column":2},"end":{"line":12,"column":null}},"1":{"start":{"line":7,"column":19},"end":{"line":7,"column":null}},"2":{"start":{"line":8,"column":15},"end":{"line":8,"column":null}},"3":{"start":{"line":9,"column":4},"end":{"line":9,"column":null}},"4":{"start":{"line":11,"column":4},"end":{"line":11,"column":null}},"5":{"start":{"line":20,"column":20},"end":{"line":20,"column":null}},"6":{"start":{"line":22,"column":2},"end":{"line":27,"column":null}},"7":{"start":{"line":23,"column":4},"end":{"line":26,"column":null}},"8":{"start":{"line":29,"column":2},"end":{"line":32,"column":null}}},"fnMap":{"0":{"name":"detectWebGLSupport","decl":{"start":{"line":5,"column":16},"end":{"line":5,"column":null}},"loc":{"start":{"line":5,"column":16},"end":{"line":13,"column":null}},"line":5},"1":{"name":"getWebGLStatus","decl":{"start":{"line":19,"column":16},"end":{"line":19,"column":null}},"loc":{"start":{"line":19,"column":16},"end":{"line":33,"column":null}},"line":19}},"branchMap":{"0":{"loc":{"start":{"line":8,"column":15},"end":{"line":8,"column":null}},"type":"binary-expr","locations":[{"start":{"line":8,"column":15},"end":{"line":8,"column":46}},{"start":{"line":8,"column":46},"end":{"line":8,"column":null}}],"line":8},"1":{"loc":{"start":{"line":22,"column":2},"end":{"line":27,"column":null}},"type":"if","locations":[{"start":{"line":22,"column":2},"end":{"line":27,"column":null}},{"start":{},"end":{}}],"line":22}},"s":{"0":7,"1":7,"2":7,"3":7,"4":1,"5":3,"6":3,"7":1,"8":2},"f":{"0":7,"1":3},"b":{"0":[7,5],"1":[1,2]},"meta":{"lastBranch":2,"lastFunction":2,"lastStatement":9,"seen":{"f:5:16:5:Infinity":0,"s:6:2:12:Infinity":0,"s:7:19:7:Infinity":1,"s:8:15:8:Infinity":2,"b:8:15:8:46:8:46:8:Infinity":0,"s:9:4:9:Infinity":3,"s:11:4:11:Infinity":4,"f:19:16:19:Infinity":1,"s:20:20:20:Infinity":5,"b:22:2:27:Infinity:undefined:undefined:undefined:undefined":1,"s:22:2:27:Infinity":6,"s:23:4:26:Infinity":7,"s:29:2:32:Infinity":8}}}
}
