TN:
SF:src/App.tsx
FN:18,App
FN:22,(anonymous_1)
FN:52,(anonymous_2)
FN:72,(anonymous_3)
FN:77,(anonymous_4)
FN:93,(anonymous_5)
FN:101,(anonymous_6)
FN:115,(anonymous_7)
FN:122,(anonymous_8)
FN:135,(anonymous_9)
FN:143,(anonymous_10)
FN:158,(anonymous_11)
FN:164,(anonymous_12)
FN:167,(anonymous_13)
FN:174,(anonymous_14)
FN:177,(anonymous_15)
FN:181,(anonymous_16)
FN:207,(anonymous_17)
FN:208,(anonymous_18)
FN:209,(anonymous_19)
FN:210,(anonymous_20)
FN:212,(anonymous_21)
FN:216,(anonymous_22)
FN:223,(anonymous_23)
FN:227,(anonymous_24)
FN:244,(anonymous_25)
FN:256,(anonymous_26)
FN:275,(anonymous_27)
FN:293,(anonymous_28)
FN:297,(anonymous_29)
FNF:30
FNH:0
FNDA:0,App
FNDA:0,(anonymous_1)
FNDA:0,(anonymous_2)
FNDA:0,(anonymous_3)
FNDA:0,(anonymous_4)
FNDA:0,(anonymous_5)
FNDA:0,(anonymous_6)
FNDA:0,(anonymous_7)
FNDA:0,(anonymous_8)
FNDA:0,(anonymous_9)
FNDA:0,(anonymous_10)
FNDA:0,(anonymous_11)
FNDA:0,(anonymous_12)
FNDA:0,(anonymous_13)
FNDA:0,(anonymous_14)
FNDA:0,(anonymous_15)
FNDA:0,(anonymous_16)
FNDA:0,(anonymous_17)
FNDA:0,(anonymous_18)
FNDA:0,(anonymous_19)
FNDA:0,(anonymous_20)
FNDA:0,(anonymous_21)
FNDA:0,(anonymous_22)
FNDA:0,(anonymous_23)
FNDA:0,(anonymous_24)
FNDA:0,(anonymous_25)
FNDA:0,(anonymous_26)
FNDA:0,(anonymous_27)
FNDA:0,(anonymous_28)
FNDA:0,(anonymous_29)
DA:20,0
DA:22,0
DA:23,0
DA:24,0
DA:32,0
DA:33,0
DA:35,0
DA:36,0
DA:37,0
DA:44,0
DA:45,0
DA:46,0
DA:47,0
DA:50,0
DA:54,0
DA:56,0
DA:59,0
DA:66,0
DA:68,0
DA:70,0
DA:72,0
DA:73,0
DA:74,0
DA:76,0
DA:78,0
DA:79,0
DA:80,0
DA:81,0
DA:85,0
DA:89,0
DA:90,0
DA:93,0
DA:94,0
DA:95,0
DA:101,0
DA:102,0
DA:103,0
DA:113,0
DA:115,0
DA:117,0
DA:118,0
DA:122,0
DA:123,0
DA:135,0
DA:136,0
DA:137,0
DA:143,0
DA:154,0
DA:159,0
DA:165,0
DA:168,0
DA:169,0
DA:175,0
DA:178,0
DA:179,0
DA:182,0
DA:183,0
DA:207,0
DA:208,0
DA:209,0
DA:210,0
DA:213,0
DA:217,0
DA:223,0
DA:227,0
DA:245,0
DA:246,0
DA:256,0
DA:276,0
DA:277,0
DA:294,0
DA:295,0
DA:298,0
DA:299,0
LF:74
LH:0
BRDA:23,0,0,0
BRDA:23,0,1,0
BRDA:54,1,0,0
BRDA:54,1,1,0
BRDA:56,2,0,0
BRDA:56,2,1,0
BRDA:59,3,0,0
BRDA:59,3,1,0
BRDA:60,4,0,0
BRDA:60,4,1,0
BRDA:60,4,2,0
BRDA:60,4,3,0
BRDA:60,4,4,0
BRDA:73,5,0,0
BRDA:73,5,1,0
BRDA:78,6,0,0
BRDA:78,6,1,0
BRDA:81,7,0,0
BRDA:81,7,1,0
BRDA:81,8,0,0
BRDA:81,8,1,0
BRDA:105,9,0,0
BRDA:105,9,1,0
BRDA:117,10,0,0
BRDA:117,10,1,0
BRDA:136,11,0,0
BRDA:136,11,1,0
BRDA:156,12,0,0
BRDA:156,12,1,0
BRDA:162,13,0,0
BRDA:162,13,1,0
BRDA:172,14,0,0
BRDA:172,14,1,0
BRDA:206,15,0,0
BRDA:206,15,1,0
BRDA:221,16,0,0
BRDA:221,16,1,0
BRDA:248,17,0,0
BRDA:248,17,1,0
BRDA:279,18,0,0
BRDA:279,18,1,0
BRDA:292,19,0,0
BRDA:292,19,1,0
BRF:43
BRH:0
end_of_record
TN:
SF:src/__mocks__/graphData.ts
FNF:0
FNH:0
DA:7,0
DA:46,0
DA:69,0
DA:74,0
DA:79,0
LF:5
LH:0
BRF:0
BRH:0
end_of_record
TN:
SF:src/components/Admin.tsx
FN:54,Admin
FN:68,(anonymous_1)
FN:82,(anonymous_2)
FN:110,(anonymous_3)
FN:120,(anonymous_4)
FN:132,(anonymous_5)
FN:142,(anonymous_6)
FN:154,(anonymous_7)
FN:167,(anonymous_8)
FN:179,(anonymous_9)
FN:191,(anonymous_10)
FN:203,(anonymous_11)
FN:211,(anonymous_12)
FN:218,(anonymous_13)
FN:238,(anonymous_14)
FN:239,(anonymous_15)
FN:269,(anonymous_16)
FN:275,(anonymous_17)
FN:286,(anonymous_18)
FN:296,(anonymous_19)
FN:306,(anonymous_20)
FN:324,(anonymous_21)
FN:373,(anonymous_22)
FN:409,(anonymous_23)
FN:434,(anonymous_24)
FN:440,(anonymous_25)
FN:453,(anonymous_26)
FN:461,(anonymous_27)
FN:491,(anonymous_28)
FN:504,(anonymous_29)
FN:515,(anonymous_30)
FN:534,(anonymous_31)
FN:550,(anonymous_32)
FN:565,(anonymous_33)
FN:586,(anonymous_34)
FN:601,(anonymous_35)
FN:622,(anonymous_36)
FN:637,(anonymous_37)
FN:652,(anonymous_38)
FN:667,(anonymous_39)
FN:703,(anonymous_40)
FNF:41
FNH:0
FNDA:0,Admin
FNDA:0,(anonymous_1)
FNDA:0,(anonymous_2)
FNDA:0,(anonymous_3)
FNDA:0,(anonymous_4)
FNDA:0,(anonymous_5)
FNDA:0,(anonymous_6)
FNDA:0,(anonymous_7)
FNDA:0,(anonymous_8)
FNDA:0,(anonymous_9)
FNDA:0,(anonymous_10)
FNDA:0,(anonymous_11)
FNDA:0,(anonymous_12)
FNDA:0,(anonymous_13)
FNDA:0,(anonymous_14)
FNDA:0,(anonymous_15)
FNDA:0,(anonymous_16)
FNDA:0,(anonymous_17)
FNDA:0,(anonymous_18)
FNDA:0,(anonymous_19)
FNDA:0,(anonymous_20)
FNDA:0,(anonymous_21)
FNDA:0,(anonymous_22)
FNDA:0,(anonymous_23)
FNDA:0,(anonymous_24)
FNDA:0,(anonymous_25)
FNDA:0,(anonymous_26)
FNDA:0,(anonymous_27)
FNDA:0,(anonymous_28)
FNDA:0,(anonymous_29)
FNDA:0,(anonymous_30)
FNDA:0,(anonymous_31)
FNDA:0,(anonymous_32)
FNDA:0,(anonymous_33)
FNDA:0,(anonymous_34)
FNDA:0,(anonymous_35)
FNDA:0,(anonymous_36)
FNDA:0,(anonymous_37)
FNDA:0,(anonymous_38)
FNDA:0,(anonymous_39)
FNDA:0,(anonymous_40)
DA:55,0
DA:56,0
DA:57,0
DA:58,0
DA:59,0
DA:60,0
DA:61,0
DA:62,0
DA:63,0
DA:64,0
DA:66,0
DA:68,0
DA:69,0
DA:74,0
DA:75,0
DA:76,0
DA:77,0
DA:79,0
DA:82,0
DA:83,0
DA:84,0
DA:85,0
DA:88,0
DA:90,0
DA:97,0
DA:98,0
DA:99,0
DA:100,0
DA:101,0
DA:103,0
DA:106,0
DA:110,0
DA:111,0
DA:112,0
DA:113,0
DA:114,0
DA:116,0
DA:120,0
DA:121,0
DA:122,0
DA:125,0
DA:126,0
DA:128,0
DA:132,0
DA:133,0
DA:134,0
DA:135,0
DA:136,0
DA:138,0
DA:142,0
DA:143,0
DA:144,0
DA:147,0
DA:148,0
DA:150,0
DA:154,0
DA:155,0
DA:156,0
DA:160,0
DA:161,0
DA:163,0
DA:167,0
DA:168,0
DA:169,0
DA:173,0
DA:175,0
DA:179,0
DA:180,0
DA:181,0
DA:184,0
DA:185,0
DA:187,0
DA:191,0
DA:192,0
DA:193,0
DA:197,0
DA:199,0
DA:203,0
DA:204,0
DA:205,0
DA:206,0
DA:211,0
DA:212,0
DA:213,0
DA:218,0
DA:219,0
DA:220,0
DA:225,0
DA:226,0
DA:238,0
DA:240,0
DA:241,0
DA:261,0
DA:269,0
DA:275,0
DA:286,0
DA:296,0
DA:306,0
DA:324,0
DA:373,0
DA:409,0
DA:435,0
DA:441,0
DA:442,0
DA:443,0
DA:453,0
DA:461,0
DA:492,0
DA:505,0
DA:516,0
DA:535,0
DA:551,0
DA:566,0
DA:587,0
DA:602,0
DA:623,0
DA:638,0
DA:653,0
DA:668,0
DA:703,0
LF:120
LH:0
BRDA:66,0,0,0
BRDA:66,0,1,0
BRDA:68,1,0,0
BRDA:75,2,0,0
BRDA:75,2,1,0
BRDA:83,3,0,0
BRDA:83,3,1,0
BRDA:97,4,0,0
BRDA:97,4,1,0
BRDA:100,5,0,0
BRDA:100,5,1,0
BRDA:126,6,0,0
BRDA:126,6,1,0
BRDA:148,7,0,0
BRDA:148,7,1,0
BRDA:204,8,0,0
BRDA:204,8,1,0
BRDA:204,9,0,0
BRDA:204,9,1,0
BRDA:212,10,0,0
BRDA:212,10,1,0
BRDA:212,11,0,0
BRDA:212,11,1,0
BRDA:219,12,0,0
BRDA:219,12,1,0
BRDA:219,13,0,0
BRDA:219,13,1,0
BRDA:225,14,0,0
BRDA:225,14,1,0
BRDA:240,15,0,0
BRDA:240,15,1,0
BRDA:254,16,0,0
BRDA:254,16,1,0
BRDA:288,17,0,0
BRDA:288,17,1,0
BRDA:298,18,0,0
BRDA:298,18,1,0
BRDA:308,19,0,0
BRDA:308,19,1,0
BRDA:320,20,0,0
BRDA:320,20,1,0
BRDA:332,21,0,0
BRDA:332,21,1,0
BRDA:335,22,0,0
BRDA:335,22,1,0
BRDA:418,23,0,0
BRDA:418,23,1,0
BRDA:420,24,0,0
BRDA:420,24,1,0
BRDA:422,25,0,0
BRDA:422,25,1,0
BRDA:433,26,0,0
BRDA:433,26,1,0
BRDA:433,26,2,0
BRDA:437,27,0,0
BRDA:437,27,1,0
BRDA:441,28,0,0
BRDA:441,28,1,0
BRDA:442,29,0,0
BRDA:442,29,1,0
BRDA:442,30,0,0
BRDA:442,30,1,0
BRDA:449,31,0,0
BRDA:449,31,1,0
BRDA:451,32,0,0
BRDA:451,32,1,0
BRDA:459,33,0,0
BRDA:459,33,1,0
BRDA:472,34,0,0
BRDA:472,34,1,0
BRDA:481,35,0,0
BRDA:481,35,1,0
BRDA:481,35,2,0
BRDA:680,36,0,0
BRDA:680,36,1,0
BRDA:713,37,0,0
BRDA:713,37,1,0
BRDA:723,38,0,0
BRDA:723,38,1,0
BRF:79
BRH:0
end_of_record
TN:
SF:src/components/Communities.tsx
FN:15,Communities
FN:32,(anonymous_1)
FN:41,(anonymous_2)
FN:53,(anonymous_3)
FN:76,(anonymous_4)
FN:81,(anonymous_5)
FN:82,(anonymous_6)
FN:89,(anonymous_7)
FN:95,(anonymous_8)
FN:101,(anonymous_9)
FN:105,(anonymous_10)
FN:163,(anonymous_11)
FN:186,(anonymous_12)
FN:192,(anonymous_13)
FN:269,(anonymous_14)
FN:272,(anonymous_15)
FN:283,(anonymous_16)
FN:303,(anonymous_17)
FN:307,(anonymous_18)
FN:337,(anonymous_19)
FN:366,(anonymous_20)
FN:378,(anonymous_21)
FN:381,(anonymous_22)
FN:384,(anonymous_23)
FN:404,(anonymous_24)
FN:412,(anonymous_25)
FNF:26
FNH:0
FNDA:0,Communities
FNDA:0,(anonymous_1)
FNDA:0,(anonymous_2)
FNDA:0,(anonymous_3)
FNDA:0,(anonymous_4)
FNDA:0,(anonymous_5)
FNDA:0,(anonymous_6)
FNDA:0,(anonymous_7)
FNDA:0,(anonymous_8)
FNDA:0,(anonymous_9)
FNDA:0,(anonymous_10)
FNDA:0,(anonymous_11)
FNDA:0,(anonymous_12)
FNDA:0,(anonymous_13)
FNDA:0,(anonymous_14)
FNDA:0,(anonymous_15)
FNDA:0,(anonymous_16)
FNDA:0,(anonymous_17)
FNDA:0,(anonymous_18)
FNDA:0,(anonymous_19)
FNDA:0,(anonymous_20)
FNDA:0,(anonymous_21)
FNDA:0,(anonymous_22)
FNDA:0,(anonymous_23)
FNDA:0,(anonymous_24)
FNDA:0,(anonymous_25)
DA:20,0
DA:21,0
DA:22,0
DA:23,0
DA:25,0
DA:28,0
DA:29,0
DA:31,0
DA:33,0
DA:36,0
DA:37,0
DA:41,0
DA:42,0
DA:43,0
DA:44,0
DA:47,0
DA:53,0
DA:54,0
DA:55,0
DA:56,0
DA:57,0
DA:58,0
DA:61,0
DA:62,0
DA:63,0
DA:66,0
DA:67,0
DA:70,0
DA:72,0
DA:76,0
DA:77,0
DA:81,0
DA:82,0
DA:83,0
DA:84,0
DA:89,0
DA:90,0
DA:91,0
DA:95,0
DA:96,0
DA:97,0
DA:98,0
DA:101,0
DA:102,0
DA:105,0
DA:108,0
DA:110,0
DA:113,0
DA:114,0
DA:115,0
DA:116,0
DA:117,0
DA:122,0
DA:126,0
DA:135,0
DA:136,0
DA:143,0
DA:144,0
DA:151,0
DA:152,0
DA:162,0
DA:163,0
DA:166,0
DA:186,0
DA:192,0
DA:269,0
DA:272,0
DA:283,0
DA:303,0
DA:308,0
DA:309,0
DA:310,0
DA:337,0
DA:366,0
DA:378,0
DA:381,0
DA:385,0
DA:386,0
DA:405,0
DA:413,0
LF:80
LH:0
BRDA:36,0,0,0
BRDA:36,0,1,0
BRDA:57,1,0,0
BRDA:57,1,1,0
BRDA:61,2,0,0
BRDA:61,2,1,0
BRDA:66,3,0,0
BRDA:66,3,1,0
BRDA:83,4,0,0
BRDA:83,4,1,0
BRDA:90,5,0,0
BRDA:90,5,1,0
BRDA:96,6,0,0
BRDA:96,6,1,0
BRDA:97,7,0,0
BRDA:97,7,1,0
BRDA:102,8,0,0
BRDA:102,8,1,0
BRDA:102,9,0,0
BRDA:102,9,1,0
BRDA:117,10,0,0
BRDA:117,10,1,0
BRDA:118,11,0,0
BRDA:118,11,1,0
BRDA:118,11,2,0
BRDA:135,12,0,0
BRDA:135,12,1,0
BRDA:143,13,0,0
BRDA:143,13,1,0
BRDA:151,14,0,0
BRDA:151,14,1,0
BRDA:151,15,0,0
BRDA:151,15,1,0
BRDA:155,16,0,0
BRDA:155,16,1,0
BRDA:162,17,0,0
BRDA:162,17,1,0
BRDA:183,18,0,0
BRDA:183,18,1,0
BRDA:228,19,0,0
BRDA:228,19,1,0
BRDA:256,20,0,0
BRDA:256,20,1,0
BRDA:275,21,0,0
BRDA:275,21,1,0
BRDA:299,22,0,0
BRDA:299,22,1,0
BRDA:299,22,2,0
BRDA:324,23,0,0
BRDA:324,23,1,0
BRDA:374,24,0,0
BRDA:374,24,1,0
BRDA:377,25,0,0
BRDA:377,25,1,0
BRDA:378,26,0,0
BRDA:378,26,1,0
BRF:56
BRH:0
end_of_record
TN:
SF:src/components/CommunityMap.tsx
FN:27,calculateCommunityDensity
FN:44,calculateLabelFontSize
FN:50,CommunityMap
FN:69,(anonymous_3)
FN:73,(anonymous_4)
FN:94,(anonymous_5)
FN:99,(anonymous_6)
FN:140,(anonymous_7)
FN:186,(anonymous_8)
FN:203,(anonymous_9)
FN:217,(anonymous_10)
FN:218,(anonymous_11)
FN:226,(anonymous_12)
FN:227,(anonymous_13)
FN:233,(anonymous_14)
FN:248,(anonymous_15)
FN:258,(anonymous_16)
FN:259,(anonymous_17)
FN:263,(anonymous_18)
FN:266,(anonymous_19)
FN:289,(anonymous_20)
FN:305,(anonymous_21)
FN:310,(anonymous_22)
FN:316,(anonymous_23)
FN:325,(anonymous_24)
FN:326,(anonymous_25)
FN:341,(anonymous_26)
FN:347,(anonymous_27)
FN:348,(anonymous_28)
FN:356,(anonymous_29)
FN:357,(anonymous_30)
FN:360,(anonymous_31)
FN:372,(anonymous_32)
FN:374,(anonymous_33)
FN:375,(anonymous_34)
FN:376,(anonymous_35)
FN:377,(anonymous_36)
FN:381,(anonymous_37)
FN:382,(anonymous_38)
FN:385,(anonymous_39)
FN:388,(anonymous_40)
FN:397,(anonymous_41)
FN:407,(anonymous_42)
FN:447,(anonymous_43)
FN:466,(anonymous_44)
FNF:45
FNH:6
FNDA:0,calculateCommunityDensity
FNDA:0,calculateLabelFontSize
FNDA:6,CommunityMap
FNDA:3,(anonymous_3)
FNDA:3,(anonymous_4)
FNDA:3,(anonymous_5)
FNDA:3,(anonymous_6)
FNDA:0,(anonymous_7)
FNDA:3,(anonymous_8)
FNDA:0,(anonymous_9)
FNDA:0,(anonymous_10)
FNDA:0,(anonymous_11)
FNDA:0,(anonymous_12)
FNDA:0,(anonymous_13)
FNDA:0,(anonymous_14)
FNDA:0,(anonymous_15)
FNDA:0,(anonymous_16)
FNDA:0,(anonymous_17)
FNDA:0,(anonymous_18)
FNDA:0,(anonymous_19)
FNDA:0,(anonymous_20)
FNDA:0,(anonymous_21)
FNDA:0,(anonymous_22)
FNDA:0,(anonymous_23)
FNDA:0,(anonymous_24)
FNDA:0,(anonymous_25)
FNDA:0,(anonymous_26)
FNDA:0,(anonymous_27)
FNDA:0,(anonymous_28)
FNDA:0,(anonymous_29)
FNDA:0,(anonymous_30)
FNDA:0,(anonymous_31)
FNDA:0,(anonymous_32)
FNDA:0,(anonymous_33)
FNDA:0,(anonymous_34)
FNDA:0,(anonymous_35)
FNDA:0,(anonymous_36)
FNDA:0,(anonymous_37)
FNDA:0,(anonymous_38)
FNDA:0,(anonymous_39)
FNDA:0,(anonymous_40)
FNDA:0,(anonymous_41)
FNDA:0,(anonymous_42)
FNDA:0,(anonymous_43)
FNDA:0,(anonymous_44)
DA:31,0
DA:32,0
DA:33,0
DA:34,0
DA:35,0
DA:38,0
DA:39,0
DA:40,0
DA:45,0
DA:46,0
DA:47,0
DA:55,6
DA:56,6
DA:59,6
DA:60,6
DA:61,6
DA:63,6
DA:64,6
DA:65,6
DA:66,6
DA:69,6
DA:70,3
DA:73,6
DA:74,3
DA:75,3
DA:76,3
DA:77,3
DA:78,3
DA:79,3
DA:80,0
DA:81,0
DA:82,0
DA:83,0
DA:84,0
DA:85,0
DA:88,3
DA:90,3
DA:94,6
DA:95,3
DA:99,6
DA:100,3
DA:101,0
DA:102,0
DA:104,0
DA:106,0
DA:107,0
DA:109,0
DA:120,0
DA:121,0
DA:122,0
DA:123,0
DA:124,0
DA:125,0
DA:126,0
DA:128,0
DA:129,0
DA:130,0
DA:131,0
DA:132,0
DA:140,0
DA:141,0
DA:142,0
DA:145,0
DA:146,0
DA:147,0
DA:158,0
DA:159,0
DA:160,0
DA:162,0
DA:174,0
DA:175,0
DA:176,0
DA:177,0
DA:178,0
DA:182,0
DA:186,6
DA:187,3
DA:188,0
DA:189,0
DA:190,0
DA:192,0
DA:197,0
DA:198,0
DA:200,0
DA:204,0
DA:205,0
DA:207,0
DA:210,0
DA:211,0
DA:217,0
DA:218,0
DA:220,0
DA:226,0
DA:227,0
DA:233,0
DA:237,0
DA:248,0
DA:251,0
DA:258,0
DA:259,0
DA:264,0
DA:265,0
DA:266,0
DA:267,0
DA:268,0
DA:273,0
DA:288,0
DA:290,0
DA:292,0
DA:293,0
DA:294,0
DA:295,0
DA:296,0
DA:298,0
DA:299,0
DA:303,0
DA:306,0
DA:311,0
DA:312,0
DA:316,0
DA:318,0
DA:325,0
DA:327,0
DA:328,0
DA:330,0
DA:341,0
DA:346,0
DA:347,0
DA:348,0
DA:354,0
DA:356,0
DA:357,0
DA:361,0
DA:362,0
DA:368,0
DA:369,0
DA:372,0
DA:373,0
DA:374,0
DA:375,0
DA:376,0
DA:378,0
DA:380,0
DA:381,0
DA:382,0
DA:385,0
DA:386,0
DA:387,0
DA:389,0
DA:390,0
DA:391,0
DA:396,0
DA:397,0
DA:398,0
DA:401,0
DA:402,0
DA:403,0
DA:404,0
DA:405,0
DA:407,0
DA:408,0
DA:409,0
DA:410,0
DA:411,0
DA:412,0
DA:416,0
DA:417,0
DA:419,0
DA:420,0
DA:426,0
DA:427,0
DA:429,0
DA:434,0
DA:439,0
DA:442,0
DA:446,0
DA:447,0
DA:448,0
DA:449,0
DA:450,0
DA:451,0
DA:455,6
DA:466,0
LF:183
LH:27
BRDA:34,0,0,0
BRDA:34,0,1,0
BRDA:34,1,0,0
BRDA:34,1,1,0
BRDA:40,2,0,0
BRDA:40,2,1,0
BRDA:57,3,0,6
BRDA:57,3,1,4
BRDA:70,4,0,1
BRDA:70,4,1,2
BRDA:77,5,0,3
BRDA:77,5,1,3
BRDA:80,6,0,0
BRDA:80,6,1,0
BRDA:83,7,0,0
BRDA:83,7,1,0
BRDA:100,8,0,3
BRDA:100,8,1,0
BRDA:100,9,0,3
BRDA:100,9,1,0
BRDA:104,10,0,0
BRDA:104,10,1,0
BRDA:111,11,0,0
BRDA:111,11,1,0
BRDA:124,12,0,0
BRDA:124,12,1,0
BRDA:124,13,0,0
BRDA:124,13,1,0
BRDA:124,13,2,0
BRDA:125,14,0,0
BRDA:125,14,1,0
BRDA:126,15,0,0
BRDA:126,15,1,0
BRDA:141,16,0,0
BRDA:141,16,1,0
BRDA:146,17,0,0
BRDA:146,17,1,0
BRDA:149,18,0,0
BRDA:149,18,1,0
BRDA:159,19,0,0
BRDA:159,19,1,0
BRDA:164,20,0,0
BRDA:164,20,1,0
BRDA:177,21,0,0
BRDA:177,21,1,0
BRDA:177,22,0,0
BRDA:177,22,1,0
BRDA:187,23,0,3
BRDA:187,23,1,0
BRDA:187,24,0,3
BRDA:187,24,1,0
BRDA:187,24,2,0
BRDA:210,25,0,0
BRDA:210,25,1,0
BRDA:210,26,0,0
BRDA:210,26,1,0
BRDA:227,27,0,0
BRDA:227,27,1,0
BRDA:233,28,0,0
BRDA:233,28,1,0
BRDA:248,29,0,0
BRDA:248,29,1,0
BRDA:264,30,0,0
BRDA:264,30,1,0
BRDA:266,31,0,0
BRDA:266,31,1,0
BRDA:267,32,0,0
BRDA:267,32,1,0
BRDA:293,33,0,0
BRDA:293,33,1,0
BRDA:293,34,0,0
BRDA:293,34,1,0
BRDA:295,35,0,0
BRDA:295,35,1,0
BRDA:298,36,0,0
BRDA:298,36,1,0
BRDA:325,37,0,0
BRDA:325,37,1,0
BRDA:327,38,0,0
BRDA:327,38,1,0
BRDA:356,39,0,0
BRDA:356,39,1,0
BRDA:357,40,0,0
BRDA:357,40,1,0
BRDA:374,41,0,0
BRDA:374,41,1,0
BRDA:374,42,0,0
BRDA:374,42,1,0
BRDA:375,43,0,0
BRDA:375,43,1,0
BRDA:375,44,0,0
BRDA:375,44,1,0
BRDA:376,45,0,0
BRDA:376,45,1,0
BRDA:376,46,0,0
BRDA:376,46,1,0
BRDA:378,47,0,0
BRDA:378,47,1,0
BRDA:378,48,0,0
BRDA:378,48,1,0
BRDA:381,49,0,0
BRDA:381,49,1,0
BRDA:382,50,0,0
BRDA:382,50,1,0
BRDA:387,51,0,0
BRDA:387,51,1,0
BRDA:387,51,2,0
BRDA:390,52,0,0
BRDA:390,52,1,0
BRDA:390,52,2,0
BRDA:391,53,0,0
BRDA:391,53,1,0
BRDA:396,54,0,0
BRDA:396,54,1,0
BRDA:398,55,0,0
BRDA:398,55,1,0
BRDA:408,56,0,0
BRDA:408,56,1,0
BRDA:408,57,0,0
BRDA:408,57,1,0
BRDA:409,58,0,0
BRDA:409,58,1,0
BRDA:410,59,0,0
BRDA:410,59,1,0
BRDA:411,60,0,0
BRDA:411,60,1,0
BRDA:412,61,0,0
BRDA:412,61,1,0
BRDA:419,62,0,0
BRDA:419,62,1,0
BRDA:419,63,0,0
BRDA:419,63,1,0
BRDA:471,64,0,6
BRDA:471,64,1,0
BRDA:484,65,0,6
BRDA:484,65,1,3
BRDA:489,66,0,6
BRDA:489,66,1,0
BRF:138
BRH:14
end_of_record
TN:
SF:src/components/Controls.tsx
FN:48,Controls
FN:85,(anonymous_1)
FN:89,(anonymous_2)
FN:92,(anonymous_3)
FN:96,(anonymous_4)
FN:99,(anonymous_5)
FN:122,(anonymous_6)
FN:126,(anonymous_7)
FN:146,(anonymous_8)
FN:156,(anonymous_9)
FN:162,(anonymous_10)
FN:168,(anonymous_11)
FN:174,(anonymous_12)
FN:184,(anonymous_13)
FN:194,(anonymous_14)
FN:209,(anonymous_15)
FN:221,(anonymous_16)
FN:231,(anonymous_17)
FN:239,(anonymous_18)
FN:249,(anonymous_19)
FN:262,(anonymous_20)
FN:276,(anonymous_21)
FN:288,(anonymous_22)
FN:308,(anonymous_23)
FN:329,(anonymous_24)
FN:350,(anonymous_25)
FN:371,(anonymous_26)
FN:392,(anonymous_27)
FN:405,(anonymous_28)
FN:410,(anonymous_29)
FN:433,(anonymous_30)
FN:449,(anonymous_31)
FNF:32
FNH:0
FNDA:0,Controls
FNDA:0,(anonymous_1)
FNDA:0,(anonymous_2)
FNDA:0,(anonymous_3)
FNDA:0,(anonymous_4)
FNDA:0,(anonymous_5)
FNDA:0,(anonymous_6)
FNDA:0,(anonymous_7)
FNDA:0,(anonymous_8)
FNDA:0,(anonymous_9)
FNDA:0,(anonymous_10)
FNDA:0,(anonymous_11)
FNDA:0,(anonymous_12)
FNDA:0,(anonymous_13)
FNDA:0,(anonymous_14)
FNDA:0,(anonymous_15)
FNDA:0,(anonymous_16)
FNDA:0,(anonymous_17)
FNDA:0,(anonymous_18)
FNDA:0,(anonymous_19)
FNDA:0,(anonymous_20)
FNDA:0,(anonymous_21)
FNDA:0,(anonymous_22)
FNDA:0,(anonymous_23)
FNDA:0,(anonymous_24)
FNDA:0,(anonymous_25)
FNDA:0,(anonymous_26)
FNDA:0,(anonymous_27)
FNDA:0,(anonymous_28)
FNDA:0,(anonymous_29)
FNDA:0,(anonymous_30)
FNDA:0,(anonymous_31)
DA:76,0
DA:77,0
DA:78,0
DA:82,0
DA:83,0
DA:84,0
DA:85,0
DA:86,0
DA:89,0
DA:90,0
DA:91,0
DA:93,0
DA:94,0
DA:96,0
DA:99,0
DA:102,0
DA:103,0
DA:104,0
DA:105,0
DA:110,0
DA:111,0
DA:112,0
DA:114,0
DA:116,0
DA:122,0
DA:123,0
DA:125,0
DA:127,0
DA:136,0
DA:146,0
DA:156,0
DA:162,0
DA:168,0
DA:174,0
DA:184,0
DA:194,0
DA:209,0
DA:221,0
DA:232,0
DA:239,0
DA:249,0
DA:263,0
DA:277,0
DA:289,0
DA:309,0
DA:330,0
DA:351,0
DA:372,0
DA:393,0
DA:405,0
DA:410,0
DA:434,0
DA:435,0
DA:450,0
DA:451,0
LF:55
LH:0
BRDA:90,0,0,0
BRDA:90,0,1,0
BRDA:93,1,0,0
BRDA:93,1,1,0
BRDA:104,2,0,0
BRDA:104,2,1,0
BRDA:110,3,0,0
BRDA:110,3,1,0
BRDA:142,4,0,0
BRDA:142,4,1,0
BRDA:152,5,0,0
BRDA:152,5,1,0
BRDA:179,6,0,0
BRDA:179,6,1,0
BRDA:189,7,0,0
BRDA:189,7,1,0
BRDA:203,8,0,0
BRDA:203,8,1,0
BRDA:211,9,0,0
BRDA:211,9,1,0
BRDA:215,10,0,0
BRDA:215,10,1,0
BRDA:223,11,0,0
BRDA:223,11,1,0
BRDA:226,12,0,0
BRDA:226,12,1,0
BRDA:239,13,0,0
BRDA:239,13,1,0
BRDA:424,14,0,0
BRDA:424,14,1,0
BRDA:430,15,0,0
BRDA:430,15,1,0
BRDA:435,16,0,0
BRDA:435,16,1,0
BRDA:435,17,0,0
BRDA:435,17,1,0
BRDA:440,18,0,0
BRDA:440,18,1,0
BRDA:446,19,0,0
BRDA:446,19,1,0
BRDA:451,20,0,0
BRDA:451,20,1,0
BRDA:451,21,0,0
BRDA:451,21,1,0
BRF:44
BRH:0
end_of_record
TN:
SF:src/components/Dashboard.tsx
FN:37,Dashboard
FN:42,(anonymous_1)
FN:46,(anonymous_2)
FN:73,(anonymous_3)
FN:78,(anonymous_4)
FN:83,(anonymous_5)
FN:85,(anonymous_6)
FN:94,(anonymous_7)
FN:114,(anonymous_8)
FN:120,(anonymous_9)
FN:134,(anonymous_10)
FN:151,(anonymous_11)
FN:157,(anonymous_12)
FN:197,(anonymous_13)
FN:210,(anonymous_14)
FN:216,(anonymous_15)
FN:254,(anonymous_16)
FN:293,(anonymous_17)
FN:294,(anonymous_18)
FN:297,(anonymous_19)
FN:328,(anonymous_20)
FN:329,(anonymous_21)
FN:332,(anonymous_22)
FN:369,(anonymous_23)
FN:370,(anonymous_24)
FN:373,(anonymous_25)
FN:429,(anonymous_26)
FNF:27
FNH:0
FNDA:0,Dashboard
FNDA:0,(anonymous_1)
FNDA:0,(anonymous_2)
FNDA:0,(anonymous_3)
FNDA:0,(anonymous_4)
FNDA:0,(anonymous_5)
FNDA:0,(anonymous_6)
FNDA:0,(anonymous_7)
FNDA:0,(anonymous_8)
FNDA:0,(anonymous_9)
FNDA:0,(anonymous_10)
FNDA:0,(anonymous_11)
FNDA:0,(anonymous_12)
FNDA:0,(anonymous_13)
FNDA:0,(anonymous_14)
FNDA:0,(anonymous_15)
FNDA:0,(anonymous_16)
FNDA:0,(anonymous_17)
FNDA:0,(anonymous_18)
FNDA:0,(anonymous_19)
FNDA:0,(anonymous_20)
FNDA:0,(anonymous_21)
FNDA:0,(anonymous_22)
FNDA:0,(anonymous_23)
FNDA:0,(anonymous_24)
FNDA:0,(anonymous_25)
FNDA:0,(anonymous_26)
DA:38,0
DA:39,0
DA:40,0
DA:42,0
DA:43,0
DA:46,0
DA:47,0
DA:48,0
DA:49,0
DA:50,0
DA:51,0
DA:54,0
DA:55,0
DA:58,0
DA:59,0
DA:60,0
DA:61,0
DA:64,0
DA:65,0
DA:66,0
DA:67,0
DA:70,0
DA:72,0
DA:73,0
DA:75,0
DA:78,0
DA:82,0
DA:83,0
DA:85,0
DA:94,0
DA:95,0
DA:97,0
DA:98,0
DA:99,0
DA:100,0
DA:101,0
DA:102,0
DA:104,0
DA:105,0
DA:106,0
DA:107,0
DA:109,0
DA:113,0
DA:114,0
DA:120,0
DA:124,0
DA:129,0
DA:130,0
DA:131,0
DA:133,0
DA:134,0
DA:135,0
DA:136,0
DA:142,0
DA:143,0
DA:144,0
DA:145,0
DA:150,0
DA:151,0
DA:157,0
DA:160,0
DA:171,0
DA:173,0
DA:177,0
DA:178,0
DA:185,0
DA:186,0
DA:193,0
DA:194,0
DA:197,0
DA:198,0
DA:199,0
DA:200,0
DA:203,0
DA:210,0
DA:216,0
DA:255,0
DA:261,0
DA:293,0
DA:294,0
DA:298,0
DA:299,0
DA:328,0
DA:329,0
DA:333,0
DA:334,0
DA:369,0
DA:370,0
DA:374,0
DA:375,0
DA:429,0
LF:91
LH:0
BRDA:50,0,0,0
BRDA:50,0,1,0
BRDA:54,1,0,0
BRDA:54,1,1,0
BRDA:60,2,0,0
BRDA:60,2,1,0
BRDA:61,3,0,0
BRDA:61,3,1,0
BRDA:66,4,0,0
BRDA:66,4,1,0
BRDA:67,5,0,0
BRDA:67,5,1,0
BRDA:72,6,0,0
BRDA:72,6,1,0
BRDA:75,7,0,0
BRDA:75,7,1,0
BRDA:80,8,0,0
BRDA:80,8,1,0
BRDA:100,9,0,0
BRDA:100,9,1,0
BRDA:100,10,0,0
BRDA:100,10,1,0
BRDA:101,11,0,0
BRDA:101,11,1,0
BRDA:105,12,0,0
BRDA:105,12,1,0
BRDA:105,13,0,0
BRDA:105,13,1,0
BRDA:106,14,0,0
BRDA:106,14,1,0
BRDA:117,15,0,0
BRDA:117,15,1,0
BRDA:118,16,0,0
BRDA:118,16,1,0
BRDA:120,17,0,0
BRDA:120,17,1,0
BRDA:120,18,0,0
BRDA:120,18,1,0
BRDA:133,19,0,0
BRDA:133,19,1,0
BRDA:135,20,0,0
BRDA:135,20,1,0
BRDA:139,21,0,0
BRDA:139,21,1,0
BRDA:142,22,0,0
BRDA:142,22,1,0
BRDA:144,23,0,0
BRDA:144,23,1,0
BRDA:177,24,0,0
BRDA:177,24,1,0
BRDA:185,25,0,0
BRDA:185,25,1,0
BRDA:193,26,0,0
BRDA:193,26,1,0
BRDA:198,27,0,0
BRDA:198,27,1,0
BRDA:199,28,0,0
BRDA:199,28,1,0
BRDA:265,29,0,0
BRDA:265,29,1,0
BRDA:298,30,0,0
BRDA:298,30,1,0
BRDA:333,31,0,0
BRDA:333,31,1,0
BRDA:347,32,0,0
BRDA:347,32,1,0
BRDA:374,33,0,0
BRDA:374,33,1,0
BRDA:402,34,0,0
BRDA:402,34,1,0
BRDA:418,35,0,0
BRDA:418,35,1,0
BRF:72
BRH:0
end_of_record
TN:
SF:src/components/ErrorBoundary.tsx
FN:1,_define_property
FN:27,(anonymous_1)
FN:32,(anonymous_2)
FN:38,(anonymous_3)
FN:44,(anonymous_4)
FN:59,(anonymous_5)
FN:117,(anonymous_6)
FN:22,(anonymous_7)
FN:50,(anonymous_8)
FN:52,(anonymous_9)
FNF:10
FNH:7
FNDA:15,_define_property
FNDA:1,(anonymous_1)
FNDA:7,(anonymous_2)
FNDA:2,(anonymous_3)
FNDA:1,(anonymous_4)
FNDA:31,(anonymous_5)
FNDA:0,(anonymous_6)
FNDA:16,(anonymous_7)
FNDA:0,(anonymous_8)
FNDA:0,(anonymous_9)
DA:20,1
DA:23,16
DA:24,16
DA:29,14
DA:34,7
DA:35,7
DA:40,2
DA:44,1
DA:46,1
DA:52,0
DA:60,31
DA:62,15
DA:63,2
DA:67,13
DA:117,0
DA:131,16
LF:16
LH:14
BRDA:40,0,0,1
BRDA:40,0,1,1
BRDA:41,1,0,2
BRDA:41,1,1,1
BRDA:41,1,2,1
BRDA:41,1,3,1
BRDA:60,2,0,15
BRDA:60,2,1,16
BRDA:60,3,0,31
BRDA:60,3,1,15
BRDA:62,4,0,2
BRDA:62,4,1,13
BRDA:104,5,0,13
BRDA:104,5,1,13
BRF:14
BRH:14
end_of_record
TN:
SF:src/components/Graph2D.tsx
FN:57,(anonymous_0)
FN:66,(anonymous_1)
FN:74,(anonymous_2)
FN:76,(anonymous_3)
FN:95,(anonymous_4)
FN:108,(anonymous_5)
FN:129,(anonymous_6)
FN:147,(anonymous_7)
FN:159,(anonymous_8)
FN:180,Graph2D
FN:229,(anonymous_10)
FN:238,(anonymous_11)
FN:247,(anonymous_12)
FN:249,(anonymous_13)
FN:250,(anonymous_14)
FN:255,(anonymous_15)
FN:260,(anonymous_16)
FN:308,(anonymous_17)
FN:317,(anonymous_18)
FN:322,(anonymous_19)
FN:325,(anonymous_20)
FN:326,(anonymous_21)
FN:331,(anonymous_22)
FN:332,(anonymous_23)
FN:334,(anonymous_24)
FN:334,(anonymous_25)
FN:338,(anonymous_26)
FN:338,(anonymous_27)
FN:342,(anonymous_28)
FN:343,(anonymous_29)
FN:347,(anonymous_30)
FN:350,(anonymous_31)
FN:354,(anonymous_32)
FN:363,(anonymous_33)
FN:363,(anonymous_34)
FN:368,(anonymous_35)
FN:369,(anonymous_36)
FN:374,(anonymous_37)
FN:378,(anonymous_38)
FN:391,(anonymous_39)
FN:400,(anonymous_40)
FN:402,(anonymous_41)
FN:427,(anonymous_42)
FN:429,(anonymous_43)
FN:450,(anonymous_44)
FN:464,(anonymous_45)
FN:496,(anonymous_46)
FN:517,(anonymous_47)
FN:525,(anonymous_48)
FN:526,(anonymous_49)
FN:535,(anonymous_50)
FN:544,(anonymous_51)
FN:579,(anonymous_52)
FN:580,(anonymous_53)
FN:581,(anonymous_54)
FN:588,(anonymous_55)
FN:593,(anonymous_56)
FN:597,(anonymous_57)
FN:603,(anonymous_58)
FN:606,(anonymous_59)
FN:609,(anonymous_60)
FN:620,(anonymous_61)
FN:625,(anonymous_62)
FN:632,(anonymous_63)
FN:634,(anonymous_64)
FN:640,(anonymous_65)
FN:649,(anonymous_66)
FN:653,(anonymous_67)
FN:672,(anonymous_68)
FN:673,(anonymous_69)
FN:675,(anonymous_70)
FN:676,(anonymous_71)
FN:709,(anonymous_72)
FN:718,(anonymous_73)
FN:726,(anonymous_74)
FN:727,(anonymous_75)
FN:728,(anonymous_76)
FN:729,(anonymous_77)
FN:735,(anonymous_78)
FN:736,(anonymous_79)
FN:742,(anonymous_80)
FN:743,(anonymous_81)
FN:755,(anonymous_82)
FN:779,(anonymous_83)
FN:783,(anonymous_84)
FN:789,(anonymous_85)
FN:808,(anonymous_86)
FN:819,(anonymous_87)
FN:825,(anonymous_88)
FN:843,(anonymous_89)
FN:863,(anonymous_90)
FN:864,(anonymous_91)
FN:865,(anonymous_92)
FN:866,(anonymous_93)
FN:867,(anonymous_94)
FN:879,(anonymous_95)
FN:901,(anonymous_96)
FN:909,(anonymous_97)
FN:909,(anonymous_98)
FNF:99
FNH:34
FNDA:4,(anonymous_0)
FNDA:4,(anonymous_1)
FNDA:0,(anonymous_2)
FNDA:0,(anonymous_3)
FNDA:0,(anonymous_4)
FNDA:0,(anonymous_5)
FNDA:4,(anonymous_6)
FNDA:0,(anonymous_7)
FNDA:0,(anonymous_8)
FNDA:8,Graph2D
FNDA:4,(anonymous_10)
FNDA:4,(anonymous_11)
FNDA:4,(anonymous_12)
FNDA:16,(anonymous_13)
FNDA:8,(anonymous_14)
FNDA:4,(anonymous_15)
FNDA:4,(anonymous_16)
FNDA:4,(anonymous_17)
FNDA:4,(anonymous_18)
FNDA:4,(anonymous_19)
FNDA:16,(anonymous_20)
FNDA:8,(anonymous_21)
FNDA:4,(anonymous_22)
FNDA:4,(anonymous_23)
FNDA:4,(anonymous_24)
FNDA:0,(anonymous_25)
FNDA:4,(anonymous_26)
FNDA:0,(anonymous_27)
FNDA:4,(anonymous_28)
FNDA:0,(anonymous_29)
FNDA:4,(anonymous_30)
FNDA:4,(anonymous_31)
FNDA:0,(anonymous_32)
FNDA:4,(anonymous_33)
FNDA:0,(anonymous_34)
FNDA:4,(anonymous_35)
FNDA:0,(anonymous_36)
FNDA:4,(anonymous_37)
FNDA:4,(anonymous_38)
FNDA:4,(anonymous_39)
FNDA:4,(anonymous_40)
FNDA:0,(anonymous_41)
FNDA:0,(anonymous_42)
FNDA:0,(anonymous_43)
FNDA:4,(anonymous_44)
FNDA:0,(anonymous_45)
FNDA:4,(anonymous_46)
FNDA:0,(anonymous_47)
FNDA:0,(anonymous_48)
FNDA:0,(anonymous_49)
FNDA:0,(anonymous_50)
FNDA:0,(anonymous_51)
FNDA:0,(anonymous_52)
FNDA:0,(anonymous_53)
FNDA:0,(anonymous_54)
FNDA:0,(anonymous_55)
FNDA:0,(anonymous_56)
FNDA:0,(anonymous_57)
FNDA:0,(anonymous_58)
FNDA:0,(anonymous_59)
FNDA:0,(anonymous_60)
FNDA:0,(anonymous_61)
FNDA:0,(anonymous_62)
FNDA:0,(anonymous_63)
FNDA:0,(anonymous_64)
FNDA:0,(anonymous_65)
FNDA:0,(anonymous_66)
FNDA:0,(anonymous_67)
FNDA:0,(anonymous_68)
FNDA:0,(anonymous_69)
FNDA:0,(anonymous_70)
FNDA:0,(anonymous_71)
FNDA:0,(anonymous_72)
FNDA:0,(anonymous_73)
FNDA:0,(anonymous_74)
FNDA:0,(anonymous_75)
FNDA:0,(anonymous_76)
FNDA:0,(anonymous_77)
FNDA:0,(anonymous_78)
FNDA:0,(anonymous_79)
FNDA:0,(anonymous_80)
FNDA:0,(anonymous_81)
FNDA:0,(anonymous_82)
FNDA:4,(anonymous_83)
FNDA:0,(anonymous_84)
FNDA:0,(anonymous_85)
FNDA:4,(anonymous_86)
FNDA:4,(anonymous_87)
FNDA:0,(anonymous_88)
FNDA:0,(anonymous_89)
FNDA:0,(anonymous_90)
FNDA:0,(anonymous_91)
FNDA:0,(anonymous_92)
FNDA:0,(anonymous_93)
FNDA:0,(anonymous_94)
FNDA:0,(anonymous_95)
FNDA:0,(anonymous_96)
FNDA:0,(anonymous_97)
FNDA:0,(anonymous_98)
DA:57,1
DA:58,4
DA:59,4
DA:60,0
DA:61,0
DA:63,4
DA:66,1
DA:67,4
DA:68,4
DA:69,0
DA:70,0
DA:71,4
DA:74,1
DA:75,0
DA:76,0
DA:77,0
DA:78,0
DA:79,0
DA:80,0
DA:82,0
DA:84,0
DA:85,0
DA:86,0
DA:87,0
DA:88,0
DA:90,0
DA:91,0
DA:92,0
DA:95,1
DA:96,0
DA:97,0
DA:98,0
DA:99,0
DA:100,0
DA:101,0
DA:102,0
DA:105,0
DA:108,1
DA:109,0
DA:110,0
DA:111,0
DA:112,0
DA:113,0
DA:114,0
DA:115,0
DA:116,0
DA:119,0
DA:120,0
DA:121,0
DA:122,0
DA:123,0
DA:124,0
DA:126,0
DA:129,1
DA:134,4
DA:136,0
DA:138,0
DA:140,0
DA:143,4
DA:147,1
DA:155,0
DA:156,0
DA:157,0
DA:158,0
DA:159,0
DA:161,0
DA:165,0
DA:166,0
DA:168,0
DA:170,0
DA:172,0
DA:174,0
DA:176,0
DA:180,1
DA:197,8
DA:199,8
DA:200,8
DA:201,8
DA:202,8
DA:203,8
DA:204,8
DA:205,8
DA:206,8
DA:207,8
DA:208,8
DA:209,8
DA:210,8
DA:216,8
DA:222,8
DA:229,8
DA:230,4
DA:234,4
DA:235,4
DA:238,8
DA:239,4
DA:243,4
DA:244,4
DA:247,8
DA:248,4
DA:249,16
DA:250,8
DA:253,8
DA:255,8
DA:256,4
DA:259,8
DA:265,4
DA:266,4
DA:267,0
DA:268,0
DA:269,0
DA:270,0
DA:272,4
DA:273,4
DA:274,4
DA:275,4
DA:279,4
DA:284,4
DA:285,4
DA:286,4
DA:288,4
DA:289,4
DA:290,0
DA:291,0
DA:293,0
DA:294,0
DA:296,4
DA:297,4
DA:298,4
DA:300,4
DA:301,4
DA:308,8
DA:309,4
DA:310,0
DA:311,0
DA:312,0
DA:313,0
DA:315,4
DA:316,4
DA:317,4
DA:321,8
DA:323,4
DA:325,16
DA:326,8
DA:331,8
DA:332,8
DA:333,8
DA:334,4
DA:337,8
DA:338,4
DA:341,8
DA:343,4
DA:347,8
DA:350,8
DA:351,4
DA:352,4
DA:354,0
DA:355,0
DA:356,0
DA:357,0
DA:358,0
DA:362,8
DA:363,4
DA:367,8
DA:369,4
DA:373,8
DA:374,4
DA:378,8
DA:379,4
DA:380,4
DA:381,0
DA:382,0
DA:383,0
DA:384,0
DA:385,0
DA:386,0
DA:388,4
DA:391,8
DA:392,4
DA:393,4
DA:394,0
DA:395,0
DA:397,4
DA:400,8
DA:401,4
DA:402,0
DA:405,4
DA:409,4
DA:412,0
DA:413,0
DA:414,0
DA:415,0
DA:416,0
DA:417,0
DA:418,0
DA:419,0
DA:420,0
DA:422,0
DA:425,0
DA:427,0
DA:428,0
DA:429,0
DA:430,0
DA:431,0
DA:432,0
DA:433,0
DA:434,0
DA:437,0
DA:450,8
DA:451,4
DA:452,1
DA:453,1
DA:454,0
DA:455,0
DA:458,0
DA:460,0
DA:463,8
DA:465,0
DA:466,0
DA:467,0
DA:468,0
DA:469,0
DA:470,0
DA:471,0
DA:473,0
DA:474,0
DA:476,0
DA:477,0
DA:478,0
DA:481,0
DA:482,0
DA:485,0
DA:487,0
DA:489,0
DA:496,8
DA:497,4
DA:498,4
DA:500,0
DA:501,0
DA:502,0
DA:505,0
DA:507,0
DA:508,0
DA:511,0
DA:514,0
DA:518,0
DA:521,0
DA:522,0
DA:525,0
DA:526,0
DA:529,0
DA:535,0
DA:544,0
DA:548,0
DA:551,0
DA:553,0
DA:557,0
DA:569,0
DA:572,0
DA:579,0
DA:580,0
DA:582,0
DA:589,0
DA:590,0
DA:591,0
DA:594,0
DA:595,0
DA:598,0
DA:599,0
DA:600,0
DA:604,0
DA:607,0
DA:610,0
DA:611,0
DA:612,0
DA:617,0
DA:620,0
DA:623,0
DA:625,0
DA:626,0
DA:627,0
DA:628,0
DA:629,0
DA:631,0
DA:632,0
DA:634,0
DA:635,0
DA:636,0
DA:637,0
DA:640,0
DA:642,0
DA:650,0
DA:651,0
DA:654,0
DA:655,0
DA:656,0
DA:664,0
DA:666,0
DA:670,0
DA:671,0
DA:672,0
DA:673,0
DA:674,0
DA:675,0
DA:676,0
DA:677,0
DA:678,0
DA:679,0
DA:680,0
DA:681,0
DA:682,0
DA:683,0
DA:684,0
DA:685,0
DA:686,0
DA:687,0
DA:688,0
DA:689,0
DA:690,0
DA:691,0
DA:692,0
DA:693,0
DA:698,0
DA:699,0
DA:706,0
DA:709,0
DA:710,0
DA:714,0
DA:715,0
DA:718,0
DA:719,0
DA:720,0
DA:722,0
DA:724,0
DA:725,0
DA:726,0
DA:727,0
DA:728,0
DA:729,0
DA:732,0
DA:733,0
DA:734,0
DA:735,0
DA:736,0
DA:739,0
DA:740,0
DA:741,0
DA:742,0
DA:743,0
DA:748,0
DA:750,0
DA:752,0
DA:755,0
DA:757,0
DA:758,0
DA:759,0
DA:760,0
DA:761,0
DA:762,0
DA:779,8
DA:780,4
DA:782,0
DA:784,0
DA:787,0
DA:789,0
DA:790,0
DA:792,0
DA:793,0
DA:794,0
DA:797,0
DA:798,0
DA:799,0
DA:801,0
DA:802,0
DA:803,0
DA:804,0
DA:808,8
DA:809,4
DA:811,0
DA:812,0
DA:815,0
DA:819,8
DA:820,4
DA:822,0
DA:823,0
DA:825,0
DA:826,0
DA:827,0
DA:830,0
DA:835,0
DA:836,0
DA:841,0
DA:843,0
DA:844,0
DA:845,0
DA:850,8
DA:853,8
DA:854,4
DA:857,4
DA:863,0
DA:864,0
DA:865,0
DA:866,0
DA:867,0
DA:879,0
DA:901,0
DA:909,0
LF:406
LH:121
BRDA:60,0,0,0
BRDA:60,0,1,0
BRDA:61,1,0,0
BRDA:61,1,1,0
BRDA:69,2,0,0
BRDA:69,2,1,0
BRDA:70,3,0,0
BRDA:70,3,1,0
BRDA:78,4,0,0
BRDA:78,4,1,0
BRDA:87,5,0,0
BRDA:87,5,1,0
BRDA:87,6,0,0
BRDA:87,6,1,0
BRDA:88,7,0,0
BRDA:88,7,1,0
BRDA:88,8,0,0
BRDA:88,8,1,0
BRDA:100,9,0,0
BRDA:100,9,1,0
BRDA:100,10,0,0
BRDA:100,10,1,0
BRDA:101,11,0,0
BRDA:101,11,1,0
BRDA:102,12,0,0
BRDA:102,12,1,0
BRDA:114,13,0,0
BRDA:114,13,1,0
BRDA:114,14,0,0
BRDA:114,14,1,0
BRDA:116,15,0,0
BRDA:116,15,1,0
BRDA:122,16,0,0
BRDA:122,16,1,0
BRDA:122,17,0,0
BRDA:122,17,1,0
BRDA:124,18,0,0
BRDA:124,18,1,0
BRDA:124,19,0,0
BRDA:124,19,1,0
BRDA:134,20,0,0
BRDA:134,20,1,0
BRDA:134,20,2,0
BRDA:134,20,3,4
BRDA:134,20,4,4
BRDA:155,21,0,0
BRDA:155,21,1,0
BRDA:157,22,0,0
BRDA:157,22,1,0
BRDA:161,23,0,0
BRDA:161,23,1,0
BRDA:166,24,0,0
BRDA:166,24,1,0
BRDA:166,24,2,0
BRDA:166,24,3,0
BRDA:166,24,4,0
BRDA:188,25,0,8
BRDA:234,26,0,0
BRDA:234,26,1,4
BRDA:235,27,0,0
BRDA:235,27,1,4
BRDA:235,28,0,4
BRDA:235,28,1,0
BRDA:243,29,0,0
BRDA:243,29,1,4
BRDA:244,30,0,0
BRDA:244,30,1,4
BRDA:244,31,0,4
BRDA:244,31,1,0
BRDA:260,32,0,4
BRDA:265,33,0,4
BRDA:265,33,1,0
BRDA:265,34,0,4
BRDA:265,34,1,4
BRDA:266,35,0,0
BRDA:266,35,1,4
BRDA:266,36,0,4
BRDA:266,36,1,4
BRDA:275,37,0,4
BRDA:275,37,1,4
BRDA:284,38,0,1
BRDA:284,38,1,3
BRDA:285,39,0,4
BRDA:285,39,1,0
BRDA:290,40,0,0
BRDA:290,40,1,0
BRDA:296,41,0,0
BRDA:296,41,1,4
BRDA:300,42,0,4
BRDA:300,42,1,0
BRDA:300,43,0,4
BRDA:300,43,1,4
BRDA:309,44,0,0
BRDA:309,44,1,4
BRDA:331,45,0,4
BRDA:331,45,1,4
BRDA:332,46,0,4
BRDA:332,46,1,4
BRDA:334,47,0,0
BRDA:334,47,1,0
BRDA:343,48,0,0
BRDA:343,48,1,0
BRDA:351,49,0,4
BRDA:351,49,1,0
BRDA:351,50,0,4
BRDA:351,50,1,4
BRDA:355,51,0,0
BRDA:355,51,1,0
BRDA:356,52,0,0
BRDA:356,52,1,0
BRDA:356,53,0,0
BRDA:356,53,1,0
BRDA:357,54,0,0
BRDA:357,54,1,0
BRDA:357,55,0,0
BRDA:357,55,1,0
BRDA:369,56,0,0
BRDA:369,56,1,0
BRDA:383,57,0,0
BRDA:383,57,1,0
BRDA:383,58,0,0
BRDA:383,58,1,0
BRDA:384,59,0,0
BRDA:384,59,1,0
BRDA:385,60,0,0
BRDA:385,60,1,0
BRDA:385,61,0,0
BRDA:385,61,1,0
BRDA:386,62,0,0
BRDA:386,62,1,0
BRDA:401,63,0,4
BRDA:401,63,1,0
BRDA:405,64,0,4
BRDA:405,64,1,0
BRDA:406,65,0,4
BRDA:406,65,1,4
BRDA:414,66,0,0
BRDA:414,66,1,0
BRDA:415,67,0,0
BRDA:415,67,1,0
BRDA:415,68,0,0
BRDA:415,68,1,0
BRDA:417,69,0,0
BRDA:417,69,1,0
BRDA:418,70,0,0
BRDA:418,70,1,0
BRDA:420,71,0,0
BRDA:420,71,1,0
BRDA:432,72,0,0
BRDA:432,72,1,0
BRDA:432,73,0,0
BRDA:432,73,1,0
BRDA:434,74,0,0
BRDA:434,74,1,0
BRDA:451,75,0,3
BRDA:451,75,1,1
BRDA:453,76,0,1
BRDA:453,76,1,0
BRDA:458,77,0,0
BRDA:458,77,1,0
BRDA:458,78,0,0
BRDA:458,78,1,0
BRDA:468,79,0,0
BRDA:468,79,1,0
BRDA:469,80,0,0
BRDA:469,80,1,0
BRDA:471,81,0,0
BRDA:471,81,1,0
BRDA:473,82,0,0
BRDA:473,82,1,0
BRDA:473,83,0,0
BRDA:473,83,1,0
BRDA:474,84,0,0
BRDA:474,84,1,0
BRDA:474,84,2,0
BRDA:474,84,3,0
BRDA:474,84,4,0
BRDA:476,85,0,0
BRDA:476,85,1,0
BRDA:477,86,0,0
BRDA:477,86,1,0
BRDA:477,87,0,0
BRDA:477,87,1,0
BRDA:481,88,0,0
BRDA:481,88,1,0
BRDA:497,89,0,0
BRDA:497,89,1,4
BRDA:497,90,0,4
BRDA:497,90,1,4
BRDA:498,91,0,4
BRDA:498,91,1,0
BRDA:551,92,0,0
BRDA:551,92,1,0
BRDA:582,93,0,0
BRDA:582,93,1,0
BRDA:582,94,0,0
BRDA:582,94,1,0
BRDA:589,95,0,0
BRDA:589,95,1,0
BRDA:598,96,0,0
BRDA:598,96,1,0
BRDA:604,97,0,0
BRDA:604,97,1,0
BRDA:611,98,0,0
BRDA:611,98,1,0
BRDA:611,99,0,0
BRDA:611,99,1,0
BRDA:620,100,0,0
BRDA:620,100,1,0
BRDA:623,101,0,0
BRDA:623,101,1,0
BRDA:626,102,0,0
BRDA:626,102,1,0
BRDA:627,103,0,0
BRDA:627,103,1,0
BRDA:629,104,0,0
BRDA:629,104,1,0
BRDA:632,105,0,0
BRDA:632,105,1,0
BRDA:650,106,0,0
BRDA:650,106,1,0
BRDA:651,107,0,0
BRDA:651,107,1,0
BRDA:654,108,0,0
BRDA:654,108,1,0
BRDA:670,109,0,0
BRDA:670,109,1,0
BRDA:677,110,0,0
BRDA:677,110,1,0
BRDA:677,111,0,0
BRDA:677,111,1,0
BRDA:698,112,0,0
BRDA:698,112,1,0
BRDA:719,113,0,0
BRDA:719,113,1,0
BRDA:724,114,0,0
BRDA:724,114,1,0
BRDA:726,115,0,0
BRDA:726,115,1,0
BRDA:727,116,0,0
BRDA:727,116,1,0
BRDA:728,117,0,0
BRDA:728,117,1,0
BRDA:729,118,0,0
BRDA:729,118,1,0
BRDA:733,119,0,0
BRDA:733,119,1,0
BRDA:735,120,0,0
BRDA:735,120,1,0
BRDA:736,121,0,0
BRDA:736,121,1,0
BRDA:740,122,0,0
BRDA:740,122,1,0
BRDA:742,123,0,0
BRDA:742,123,1,0
BRDA:743,124,0,0
BRDA:743,124,1,0
BRDA:748,125,0,0
BRDA:748,125,1,0
BRDA:780,126,0,4
BRDA:780,126,1,0
BRDA:780,127,0,4
BRDA:780,127,1,0
BRDA:780,127,2,0
BRDA:784,128,0,0
BRDA:784,128,1,0
BRDA:787,129,0,0
BRDA:787,129,1,0
BRDA:790,130,0,0
BRDA:790,130,1,0
BRDA:790,131,0,0
BRDA:790,131,1,0
BRDA:790,131,2,0
BRDA:802,132,0,0
BRDA:802,132,1,0
BRDA:809,133,0,4
BRDA:809,133,1,0
BRDA:809,134,0,4
BRDA:809,134,1,1
BRDA:809,134,2,1
BRDA:820,135,0,4
BRDA:820,135,1,0
BRDA:820,136,0,4
BRDA:820,136,1,0
BRDA:820,136,2,0
BRDA:830,137,0,0
BRDA:830,137,1,0
BRDA:831,138,0,0
BRDA:831,138,1,0
BRDA:831,138,2,0
BRDA:844,139,0,0
BRDA:844,139,1,0
BRDA:853,140,0,4
BRDA:853,140,1,4
BRDA:853,141,0,8
BRDA:853,141,1,4
BRDA:861,142,0,0
BRDA:861,142,1,4
BRDA:861,143,0,4
BRDA:861,143,1,4
BRDA:869,144,0,8
BRDA:869,144,1,0
BRDA:888,145,0,8
BRDA:888,145,1,0
BRDA:888,145,2,0
BRDA:893,146,0,8
BRDA:893,146,1,4
BRDA:893,146,2,0
BRDA:916,147,0,1
BRDA:916,147,1,3
BRDA:917,148,0,0
BRDA:917,148,1,1
BRDA:923,149,0,0
BRDA:923,149,1,4
BRDA:923,150,0,8
BRDA:923,150,1,1
BRDA:929,151,0,0
BRDA:929,151,1,4
BRDA:929,152,0,8
BRDA:929,152,1,1
BRF:320
BRH:72
end_of_record
TN:
SF:src/components/Graph3D.tsx
FN:73,(anonymous_0)
FN:82,(anonymous_1)
FN:90,(anonymous_2)
FN:92,(anonymous_3)
FN:111,(anonymous_4)
FN:124,(anonymous_5)
FN:145,(anonymous_6)
FN:164,(anonymous_7)
FN:171,(anonymous_8)
FN:177,(anonymous_9)
FN:181,(anonymous_10)
FN:185,(anonymous_11)
FN:206,(anonymous_12)
FN:235,(anonymous_13)
FN:280,Graph3D
FN:305,(anonymous_15)
FN:316,(anonymous_16)
FN:324,(anonymous_17)
FN:332,(anonymous_18)
FN:341,(anonymous_19)
FN:343,(anonymous_20)
FN:344,(anonymous_21)
FN:346,(anonymous_22)
FN:352,(anonymous_23)
FN:357,(anonymous_24)
FN:405,(anonymous_25)
FN:414,(anonymous_26)
FN:417,(anonymous_27)
FN:429,(anonymous_28)
FN:439,(anonymous_29)
FN:442,(anonymous_30)
FN:449,(anonymous_31)
FN:454,(anonymous_32)
FN:463,(anonymous_33)
FN:463,(anonymous_34)
FN:470,(anonymous_35)
FN:494,(anonymous_36)
FN:497,(anonymous_37)
FN:518,(anonymous_38)
FN:527,(anonymous_39)
FN:533,(anonymous_40)
FN:552,(anonymous_41)
FN:557,(anonymous_42)
FN:560,(anonymous_43)
FN:561,(anonymous_44)
FN:565,(anonymous_45)
FN:566,(anonymous_46)
FN:568,(anonymous_47)
FN:568,(anonymous_48)
FN:572,(anonymous_49)
FN:572,(anonymous_50)
FN:576,(anonymous_51)
FN:577,(anonymous_52)
FN:581,(anonymous_53)
FN:584,(anonymous_54)
FN:588,(anonymous_55)
FN:597,(anonymous_56)
FN:597,(anonymous_57)
FN:602,(anonymous_58)
FN:603,(anonymous_59)
FN:608,(anonymous_60)
FN:617,(anonymous_61)
FN:630,(anonymous_62)
FN:639,(anonymous_63)
FN:641,(anonymous_64)
FN:667,(anonymous_65)
FN:669,(anonymous_66)
FN:692,(anonymous_67)
FN:692,(anonymous_68)
FN:724,(anonymous_69)
FN:726,(anonymous_70)
FN:728,(anonymous_71)
FN:734,(anonymous_72)
FN:745,(anonymous_73)
FN:760,(anonymous_74)
FN:770,(anonymous_75)
FN:790,(anonymous_76)
FN:809,(anonymous_77)
FN:812,(anonymous_78)
FN:820,(anonymous_79)
FN:823,(anonymous_80)
FN:832,(anonymous_81)
FN:858,(anonymous_82)
FN:938,(anonymous_83)
FN:968,(anonymous_84)
FN:969,(anonymous_85)
FN:970,(anonymous_86)
FN:971,(anonymous_87)
FN:972,(anonymous_88)
FN:984,(anonymous_89)
FN:1006,(anonymous_90)
FN:1014,(anonymous_91)
FN:1014,(anonymous_92)
FN:1024,(anonymous_93)
FN:1024,(anonymous_94)
FN:1063,(anonymous_95)
FN:1083,(anonymous_96)
FN:1085,(anonymous_97)
FNF:98
FNH:49
FNDA:4,(anonymous_0)
FNDA:4,(anonymous_1)
FNDA:0,(anonymous_2)
FNDA:0,(anonymous_3)
FNDA:0,(anonymous_4)
FNDA:0,(anonymous_5)
FNDA:4,(anonymous_6)
FNDA:0,(anonymous_7)
FNDA:0,(anonymous_8)
FNDA:0,(anonymous_9)
FNDA:0,(anonymous_10)
FNDA:0,(anonymous_11)
FNDA:0,(anonymous_12)
FNDA:3,(anonymous_13)
FNDA:7,Graph3D
FNDA:3,(anonymous_15)
FNDA:3,(anonymous_16)
FNDA:3,(anonymous_17)
FNDA:3,(anonymous_18)
FNDA:3,(anonymous_19)
FNDA:12,(anonymous_20)
FNDA:6,(anonymous_21)
FNDA:3,(anonymous_22)
FNDA:3,(anonymous_23)
FNDA:3,(anonymous_24)
FNDA:3,(anonymous_25)
FNDA:3,(anonymous_26)
FNDA:3,(anonymous_27)
FNDA:1,(anonymous_28)
FNDA:0,(anonymous_29)
FNDA:0,(anonymous_30)
FNDA:3,(anonymous_31)
FNDA:3,(anonymous_32)
FNDA:3,(anonymous_33)
FNDA:0,(anonymous_34)
FNDA:0,(anonymous_35)
FNDA:4,(anonymous_36)
FNDA:0,(anonymous_37)
FNDA:3,(anonymous_38)
FNDA:3,(anonymous_39)
FNDA:0,(anonymous_40)
FNDA:0,(anonymous_41)
FNDA:3,(anonymous_42)
FNDA:12,(anonymous_43)
FNDA:6,(anonymous_44)
FNDA:4,(anonymous_45)
FNDA:4,(anonymous_46)
FNDA:4,(anonymous_47)
FNDA:0,(anonymous_48)
FNDA:4,(anonymous_49)
FNDA:0,(anonymous_50)
FNDA:4,(anonymous_51)
FNDA:0,(anonymous_52)
FNDA:4,(anonymous_53)
FNDA:4,(anonymous_54)
FNDA:0,(anonymous_55)
FNDA:4,(anonymous_56)
FNDA:0,(anonymous_57)
FNDA:4,(anonymous_58)
FNDA:0,(anonymous_59)
FNDA:4,(anonymous_60)
FNDA:4,(anonymous_61)
FNDA:4,(anonymous_62)
FNDA:4,(anonymous_63)
FNDA:0,(anonymous_64)
FNDA:0,(anonymous_65)
FNDA:0,(anonymous_66)
FNDA:4,(anonymous_67)
FNDA:0,(anonymous_68)
FNDA:4,(anonymous_69)
FNDA:0,(anonymous_70)
FNDA:0,(anonymous_71)
FNDA:3,(anonymous_72)
FNDA:4,(anonymous_73)
FNDA:4,(anonymous_74)
FNDA:0,(anonymous_75)
FNDA:4,(anonymous_76)
FNDA:4,(anonymous_77)
FNDA:0,(anonymous_78)
FNDA:0,(anonymous_79)
FNDA:0,(anonymous_80)
FNDA:4,(anonymous_81)
FNDA:0,(anonymous_82)
FNDA:0,(anonymous_83)
FNDA:0,(anonymous_84)
FNDA:0,(anonymous_85)
FNDA:0,(anonymous_86)
FNDA:0,(anonymous_87)
FNDA:0,(anonymous_88)
FNDA:0,(anonymous_89)
FNDA:0,(anonymous_90)
FNDA:0,(anonymous_91)
FNDA:0,(anonymous_92)
FNDA:0,(anonymous_93)
FNDA:0,(anonymous_94)
FNDA:0,(anonymous_95)
FNDA:0,(anonymous_96)
FNDA:0,(anonymous_97)
DA:29,1
DA:73,1
DA:74,4
DA:75,4
DA:76,0
DA:77,0
DA:79,4
DA:82,1
DA:83,4
DA:84,4
DA:85,0
DA:86,0
DA:87,4
DA:90,1
DA:91,0
DA:92,0
DA:93,0
DA:94,0
DA:95,0
DA:96,0
DA:98,0
DA:100,0
DA:101,0
DA:102,0
DA:103,0
DA:104,0
DA:106,0
DA:107,0
DA:108,0
DA:111,1
DA:112,0
DA:113,0
DA:114,0
DA:115,0
DA:116,0
DA:117,0
DA:118,0
DA:121,0
DA:124,1
DA:125,0
DA:126,0
DA:127,0
DA:128,0
DA:129,0
DA:130,0
DA:131,0
DA:132,0
DA:135,0
DA:136,0
DA:137,0
DA:138,0
DA:139,0
DA:140,0
DA:142,0
DA:145,1
DA:150,4
DA:152,0
DA:154,0
DA:156,0
DA:159,4
DA:164,1
DA:165,0
DA:168,0
DA:169,0
DA:171,1
DA:172,0
DA:175,0
DA:177,1
DA:178,0
DA:179,0
DA:181,1
DA:182,0
DA:183,0
DA:185,1
DA:186,0
DA:191,0
DA:192,0
DA:193,0
DA:196,0
DA:199,0
DA:203,0
DA:206,0
DA:207,0
DA:208,0
DA:210,0
DA:211,0
DA:216,0
DA:217,0
DA:218,0
DA:220,0
DA:221,0
DA:222,0
DA:224,0
DA:228,0
DA:235,1
DA:245,3
DA:246,0
DA:247,0
DA:248,0
DA:249,0
DA:250,0
DA:297,7
DA:299,7
DA:300,7
DA:301,7
DA:302,7
DA:303,7
DA:304,7
DA:305,7
DA:307,7
DA:310,7
DA:311,7
DA:312,7
DA:313,7
DA:314,7
DA:316,7
DA:317,3
DA:321,3
DA:322,3
DA:324,7
DA:325,3
DA:329,3
DA:330,3
DA:332,7
DA:333,3
DA:337,3
DA:338,3
DA:341,7
DA:342,3
DA:343,12
DA:344,6
DA:345,3
DA:346,3
DA:350,7
DA:352,7
DA:353,3
DA:356,7
DA:362,3
DA:363,3
DA:364,0
DA:365,0
DA:366,0
DA:367,0
DA:369,3
DA:370,3
DA:371,3
DA:372,3
DA:376,3
DA:381,3
DA:382,3
DA:383,3
DA:385,3
DA:386,3
DA:387,2
DA:388,2
DA:390,2
DA:391,2
DA:393,1
DA:394,1
DA:395,1
DA:397,3
DA:398,3
DA:405,7
DA:406,3
DA:407,0
DA:408,0
DA:409,0
DA:410,0
DA:412,3
DA:413,3
DA:414,3
DA:417,7
DA:419,3
DA:420,3
DA:427,3
DA:429,3
DA:430,1
DA:431,1
DA:432,1
DA:433,0
DA:434,0
DA:435,0
DA:438,0
DA:439,0
DA:441,0
DA:442,0
DA:449,3
DA:450,3
DA:454,7
DA:455,3
DA:456,3
DA:462,7
DA:463,3
DA:464,0
DA:466,0
DA:467,0
DA:468,0
DA:469,0
DA:470,0
DA:472,0
DA:476,0
DA:477,0
DA:479,0
DA:481,0
DA:483,0
DA:485,0
DA:487,0
DA:494,7
DA:495,4
DA:496,0
DA:498,0
DA:501,0
DA:502,0
DA:503,0
DA:508,4
DA:510,4
DA:518,7
DA:519,3
DA:520,0
DA:521,0
DA:522,0
DA:527,7
DA:528,3
DA:530,0
DA:531,0
DA:533,0
DA:534,0
DA:535,0
DA:536,0
DA:537,0
DA:539,0
DA:544,0
DA:545,0
DA:546,0
DA:547,0
DA:552,0
DA:556,7
DA:558,3
DA:560,12
DA:561,6
DA:565,7
DA:566,7
DA:567,7
DA:568,4
DA:571,7
DA:572,4
DA:575,7
DA:577,4
DA:581,7
DA:584,7
DA:585,4
DA:586,3
DA:588,1
DA:589,0
DA:590,0
DA:591,0
DA:592,0
DA:596,7
DA:597,4
DA:601,7
DA:603,4
DA:607,7
DA:609,4
DA:617,7
DA:618,4
DA:619,4
DA:620,0
DA:621,0
DA:622,0
DA:623,0
DA:624,0
DA:625,0
DA:627,4
DA:630,7
DA:631,4
DA:632,4
DA:633,0
DA:634,0
DA:636,4
DA:639,7
DA:640,4
DA:641,0
DA:644,4
DA:648,4
DA:651,0
DA:652,0
DA:653,0
DA:654,0
DA:655,0
DA:656,0
DA:657,0
DA:658,0
DA:659,0
DA:660,0
DA:662,0
DA:665,0
DA:667,0
DA:668,0
DA:669,0
DA:670,0
DA:671,0
DA:672,0
DA:673,0
DA:674,0
DA:677,0
DA:689,7
DA:691,7
DA:692,4
DA:693,0
DA:694,0
DA:695,0
DA:696,0
DA:697,0
DA:698,0
DA:699,0
DA:700,0
DA:702,0
DA:703,0
DA:705,0
DA:706,0
DA:707,0
DA:710,0
DA:711,0
DA:714,0
DA:716,0
DA:718,0
DA:724,7
DA:725,4
DA:726,1
DA:727,1
DA:728,0
DA:730,1
DA:734,7
DA:742,7
DA:743,7
DA:745,7
DA:746,4
DA:747,4
DA:751,0
DA:756,0
DA:760,7
DA:761,4
DA:762,4
DA:763,0
DA:765,4
DA:768,7
DA:769,7
DA:771,0
DA:772,0
DA:773,0
DA:774,0
DA:778,0
DA:779,0
DA:780,0
DA:781,0
DA:782,0
DA:785,0
DA:790,7
DA:791,4
DA:792,0
DA:793,0
DA:794,0
DA:795,0
DA:798,0
DA:803,0
DA:805,0
DA:809,7
DA:810,4
DA:811,1
DA:812,1
DA:813,0
DA:814,0
DA:815,0
DA:816,0
DA:819,1
DA:820,0
DA:822,1
DA:823,0
DA:825,1
DA:826,1
DA:827,1
DA:828,1
DA:832,7
DA:833,4
DA:835,4
DA:836,4
DA:837,0
DA:838,0
DA:839,0
DA:840,0
DA:843,4
DA:844,4
DA:848,0
DA:849,0
DA:850,0
DA:854,0
DA:855,0
DA:858,0
DA:859,0
DA:860,0
DA:864,0
DA:865,0
DA:867,0
DA:868,0
DA:869,0
DA:870,0
DA:871,0
DA:877,0
DA:878,0
DA:882,0
DA:883,0
DA:884,0
DA:885,0
DA:886,0
DA:887,0
DA:888,0
DA:893,0
DA:894,0
DA:895,0
DA:897,0
DA:898,0
DA:899,0
DA:900,0
DA:902,0
DA:907,0
DA:915,0
DA:916,0
DA:917,0
DA:918,0
DA:920,0
DA:923,0
DA:924,0
DA:926,0
DA:927,0
DA:928,0
DA:933,0
DA:936,0
DA:938,0
DA:939,0
DA:941,0
DA:942,0
DA:943,0
DA:944,0
DA:945,0
DA:946,0
DA:949,0
DA:954,7
DA:955,3
DA:959,4
DA:960,0
DA:963,4
DA:968,0
DA:969,0
DA:970,0
DA:971,0
DA:972,0
DA:984,0
DA:1006,0
DA:1014,0
DA:1024,0
DA:1064,0
DA:1065,0
DA:1066,0
DA:1067,0
DA:1068,0
DA:1071,0
DA:1073,0
DA:1074,0
DA:1075,0
DA:1076,0
DA:1077,0
DA:1078,0
DA:1083,0
DA:1086,0
LF:474
LH:184
BRDA:76,0,0,0
BRDA:76,0,1,0
BRDA:77,1,0,0
BRDA:77,1,1,0
BRDA:85,2,0,0
BRDA:85,2,1,0
BRDA:86,3,0,0
BRDA:86,3,1,0
BRDA:94,4,0,0
BRDA:94,4,1,0
BRDA:103,5,0,0
BRDA:103,5,1,0
BRDA:103,6,0,0
BRDA:103,6,1,0
BRDA:104,7,0,0
BRDA:104,7,1,0
BRDA:104,8,0,0
BRDA:104,8,1,0
BRDA:116,9,0,0
BRDA:116,9,1,0
BRDA:116,10,0,0
BRDA:116,10,1,0
BRDA:117,11,0,0
BRDA:117,11,1,0
BRDA:118,12,0,0
BRDA:118,12,1,0
BRDA:130,13,0,0
BRDA:130,13,1,0
BRDA:130,14,0,0
BRDA:130,14,1,0
BRDA:132,15,0,0
BRDA:132,15,1,0
BRDA:138,16,0,0
BRDA:138,16,1,0
BRDA:138,17,0,0
BRDA:138,17,1,0
BRDA:140,18,0,0
BRDA:140,18,1,0
BRDA:140,19,0,0
BRDA:140,19,1,0
BRDA:150,20,0,0
BRDA:150,20,1,0
BRDA:150,20,2,0
BRDA:150,20,3,4
BRDA:150,20,4,4
BRDA:168,21,0,0
BRDA:168,21,1,0
BRDA:168,22,0,0
BRDA:168,22,1,0
BRDA:175,23,0,0
BRDA:175,23,1,0
BRDA:175,24,0,0
BRDA:175,24,1,0
BRDA:179,25,0,0
BRDA:179,25,1,0
BRDA:183,26,0,0
BRDA:183,26,1,0
BRDA:191,27,0,0
BRDA:191,27,1,0
BRDA:192,28,0,0
BRDA:192,28,1,0
BRDA:199,29,0,0
BRDA:199,29,1,0
BRDA:203,30,0,0
BRDA:203,30,1,0
BRDA:207,31,0,0
BRDA:207,31,1,0
BRDA:210,32,0,0
BRDA:210,32,1,0
BRDA:217,33,0,0
BRDA:217,33,1,0
BRDA:220,34,0,0
BRDA:220,34,1,0
BRDA:220,35,0,0
BRDA:220,35,1,0
BRDA:224,36,0,0
BRDA:224,36,1,0
BRDA:245,37,0,3
BRDA:245,37,1,0
BRDA:245,38,0,3
BRDA:245,38,1,0
BRDA:250,39,0,0
BRDA:250,39,1,0
BRDA:288,40,0,7
BRDA:321,41,0,0
BRDA:321,41,1,3
BRDA:322,42,0,0
BRDA:322,42,1,3
BRDA:322,43,0,3
BRDA:322,43,1,0
BRDA:329,44,0,0
BRDA:329,44,1,3
BRDA:330,45,0,0
BRDA:330,45,1,3
BRDA:330,46,0,3
BRDA:330,46,1,0
BRDA:337,47,0,0
BRDA:337,47,1,3
BRDA:338,48,0,0
BRDA:338,48,1,3
BRDA:338,49,0,3
BRDA:338,49,1,0
BRDA:357,50,0,3
BRDA:362,51,0,3
BRDA:362,51,1,0
BRDA:362,52,0,3
BRDA:362,52,1,3
BRDA:363,53,0,0
BRDA:363,53,1,3
BRDA:363,54,0,3
BRDA:363,54,1,3
BRDA:372,55,0,3
BRDA:372,55,1,3
BRDA:381,56,0,0
BRDA:381,56,1,3
BRDA:382,57,0,3
BRDA:382,57,1,0
BRDA:387,58,0,0
BRDA:387,58,1,2
BRDA:393,59,0,0
BRDA:393,59,1,1
BRDA:397,60,0,3
BRDA:397,60,1,0
BRDA:397,61,0,3
BRDA:397,61,1,3
BRDA:406,62,0,0
BRDA:406,62,1,3
BRDA:419,63,0,3
BRDA:419,63,1,0
BRDA:432,64,0,0
BRDA:432,64,1,1
BRDA:439,65,0,0
BRDA:439,65,1,0
BRDA:441,66,0,0
BRDA:441,66,1,0
BRDA:442,67,0,0
BRDA:442,67,1,0
BRDA:466,68,0,0
BRDA:466,68,1,0
BRDA:468,69,0,0
BRDA:468,69,1,0
BRDA:472,70,0,0
BRDA:472,70,1,0
BRDA:477,71,0,0
BRDA:477,71,1,0
BRDA:477,71,2,0
BRDA:477,71,3,0
BRDA:477,71,4,0
BRDA:495,72,0,4
BRDA:495,72,1,0
BRDA:495,73,0,4
BRDA:495,73,1,0
BRDA:495,73,2,0
BRDA:498,74,0,0
BRDA:498,74,1,0
BRDA:501,75,0,0
BRDA:501,75,1,0
BRDA:503,76,0,0
BRDA:503,76,1,0
BRDA:505,77,0,4
BRDA:506,78,0,4
BRDA:507,79,0,4
BRDA:519,80,0,3
BRDA:519,80,1,0
BRDA:519,81,0,3
BRDA:519,81,1,0
BRDA:521,82,0,0
BRDA:521,82,1,0
BRDA:528,83,0,3
BRDA:528,83,1,0
BRDA:528,84,0,3
BRDA:528,84,1,0
BRDA:536,85,0,0
BRDA:536,85,1,0
BRDA:539,86,0,0
BRDA:539,86,1,0
BRDA:540,87,0,0
BRDA:540,87,1,0
BRDA:540,87,2,0
BRDA:565,88,0,4
BRDA:565,88,1,3
BRDA:566,89,0,4
BRDA:566,89,1,3
BRDA:568,90,0,0
BRDA:568,90,1,0
BRDA:577,91,0,0
BRDA:577,91,1,0
BRDA:585,92,0,3
BRDA:585,92,1,1
BRDA:585,93,0,4
BRDA:585,93,1,3
BRDA:589,94,0,0
BRDA:589,94,1,0
BRDA:590,95,0,0
BRDA:590,95,1,0
BRDA:590,96,0,0
BRDA:590,96,1,0
BRDA:591,97,0,0
BRDA:591,97,1,0
BRDA:591,98,0,0
BRDA:591,98,1,0
BRDA:603,99,0,0
BRDA:603,99,1,0
BRDA:610,100,0,4
BRDA:610,100,1,0
BRDA:622,101,0,0
BRDA:622,101,1,0
BRDA:622,102,0,0
BRDA:622,102,1,0
BRDA:623,103,0,0
BRDA:623,103,1,0
BRDA:624,104,0,0
BRDA:624,104,1,0
BRDA:624,105,0,0
BRDA:624,105,1,0
BRDA:625,106,0,0
BRDA:625,106,1,0
BRDA:640,107,0,4
BRDA:640,107,1,0
BRDA:644,108,0,4
BRDA:644,108,1,0
BRDA:645,109,0,4
BRDA:645,109,1,4
BRDA:653,110,0,0
BRDA:653,110,1,0
BRDA:654,111,0,0
BRDA:654,111,1,0
BRDA:654,112,0,0
BRDA:654,112,1,0
BRDA:655,113,0,0
BRDA:655,113,1,0
BRDA:655,114,0,0
BRDA:655,114,1,0
BRDA:657,115,0,0
BRDA:657,115,1,0
BRDA:658,116,0,0
BRDA:658,116,1,0
BRDA:660,117,0,0
BRDA:660,117,1,0
BRDA:672,118,0,0
BRDA:672,118,1,0
BRDA:672,119,0,0
BRDA:672,119,1,0
BRDA:674,120,0,0
BRDA:674,120,1,0
BRDA:697,121,0,0
BRDA:697,121,1,0
BRDA:698,122,0,0
BRDA:698,122,1,0
BRDA:700,123,0,0
BRDA:700,123,1,0
BRDA:702,124,0,0
BRDA:702,124,1,0
BRDA:702,125,0,0
BRDA:702,125,1,0
BRDA:703,126,0,0
BRDA:703,126,1,0
BRDA:703,126,2,0
BRDA:703,126,3,0
BRDA:703,126,4,0
BRDA:705,127,0,0
BRDA:705,127,1,0
BRDA:706,128,0,0
BRDA:706,128,1,0
BRDA:706,129,0,0
BRDA:706,129,1,0
BRDA:710,130,0,0
BRDA:710,130,1,0
BRDA:725,131,0,3
BRDA:725,131,1,1
BRDA:726,132,0,0
BRDA:726,132,1,1
BRDA:746,133,0,4
BRDA:746,133,1,0
BRDA:746,134,0,4
BRDA:746,134,1,0
BRDA:771,135,0,0
BRDA:771,135,1,0
BRDA:771,136,0,0
BRDA:771,136,1,0
BRDA:772,137,0,0
BRDA:772,137,1,0
BRDA:773,138,0,0
BRDA:773,138,1,0
BRDA:774,139,0,0
BRDA:774,139,1,0
BRDA:774,140,0,0
BRDA:774,140,1,0
BRDA:778,141,0,0
BRDA:778,141,1,0
BRDA:778,142,0,0
BRDA:778,142,1,0
BRDA:779,143,0,0
BRDA:779,143,1,0
BRDA:780,144,0,0
BRDA:780,144,1,0
BRDA:782,145,0,0
BRDA:782,145,1,0
BRDA:791,146,0,4
BRDA:791,146,1,0
BRDA:793,147,0,0
BRDA:793,147,1,0
BRDA:798,148,0,0
BRDA:798,148,1,0
BRDA:799,149,0,0
BRDA:799,149,1,0
BRDA:799,149,2,0
BRDA:810,150,0,3
BRDA:810,150,1,1
BRDA:813,151,0,0
BRDA:813,151,1,0
BRDA:814,152,0,0
BRDA:814,152,1,0
BRDA:816,153,0,0
BRDA:816,153,1,0
BRDA:820,154,0,0
BRDA:820,154,1,0
BRDA:823,155,0,0
BRDA:823,155,1,0
BRDA:833,156,0,4
BRDA:833,156,1,0
BRDA:833,157,0,4
BRDA:833,157,1,0
BRDA:833,157,2,0
BRDA:836,158,0,0
BRDA:836,158,1,4
BRDA:860,159,0,0
BRDA:860,159,1,0
BRDA:867,160,0,0
BRDA:867,160,1,0
BRDA:870,161,0,0
BRDA:870,161,1,0
BRDA:870,162,0,0
BRDA:870,162,1,0
BRDA:870,162,2,0
BRDA:877,163,0,0
BRDA:877,163,1,0
BRDA:886,164,0,0
BRDA:886,164,1,0
BRDA:886,165,0,0
BRDA:886,165,1,0
BRDA:895,166,0,0
BRDA:895,166,1,0
BRDA:898,167,0,0
BRDA:898,167,1,0
BRDA:924,168,0,0
BRDA:924,168,1,0
BRDA:942,169,0,0
BRDA:942,169,1,0
BRDA:954,170,0,3
BRDA:954,170,1,4
BRDA:954,171,0,7
BRDA:954,171,1,3
BRDA:959,172,0,0
BRDA:959,172,1,4
BRDA:966,173,0,1
BRDA:966,173,1,3
BRDA:966,174,0,4
BRDA:966,174,1,3
BRDA:974,175,0,7
BRDA:974,175,1,0
BRDA:993,176,0,7
BRDA:993,176,1,0
BRDA:993,176,2,0
BRDA:998,177,0,7
BRDA:998,177,1,4
BRDA:998,177,2,0
BRDA:1019,178,0,7
BRDA:1019,178,1,0
BRDA:1032,179,0,0
BRDA:1032,179,1,4
BRDA:1033,180,0,0
BRDA:1033,180,1,0
BRDA:1039,181,0,0
BRDA:1039,181,1,4
BRDA:1039,182,0,7
BRDA:1039,182,1,0
BRDA:1045,183,0,0
BRDA:1045,183,1,4
BRDA:1045,184,0,7
BRDA:1045,184,1,0
BRDA:1062,185,0,0
BRDA:1062,185,1,3
BRDA:1066,186,0,0
BRDA:1066,186,1,0
BRDA:1067,187,0,0
BRDA:1067,187,1,0
BRDA:1069,188,0,0
BRDA:1069,188,1,0
BRDA:1073,189,0,0
BRDA:1073,189,1,0
BRDA:1093,190,0,7
BRDA:1093,190,1,0
BRDA:1094,191,0,0
BRDA:1094,191,1,4
BRF:395
BRH:88
end_of_record
TN:
SF:src/components/GraphErrorFallback.tsx
FN:14,(anonymous_0)
FN:103,(anonymous_1)
FNF:2
FNH:0
FNDA:0,(anonymous_0)
FNDA:0,(anonymous_1)
DA:14,0
DA:21,0
DA:22,0
DA:24,0
DA:103,0
LF:5
LH:0
BRDA:19,0,0,0
BRDA:21,1,0,0
BRDA:21,1,1,0
BRDA:48,2,0,0
BRDA:48,2,1,0
BRDA:53,3,0,0
BRDA:53,3,1,0
BRDA:61,4,0,0
BRDA:61,4,1,0
BRDA:61,4,2,0
BRDA:80,5,0,0
BRDA:80,5,1,0
BRDA:93,6,0,0
BRDA:93,6,1,0
BRDA:93,6,2,0
BRF:15
BRH:0
end_of_record
TN:
SF:src/components/Inspector.tsx
FN:10,Inspector
FN:57,(anonymous_1)
FN:58,(anonymous_2)
FN:61,(anonymous_3)
FNF:4
FNH:4
FNDA:7,Inspector
FNDA:3,(anonymous_1)
FNDA:3,(anonymous_2)
FNDA:1,(anonymous_3)
DA:11,7
DA:14,6
DA:16,7
DA:17,5
DA:57,3
DA:58,3
DA:61,1
LF:7
LH:7
BRDA:11,0,0,1
BRDA:11,0,1,6
BRDA:14,1,0,6
BRDA:14,1,1,6
BRDA:14,1,2,1
BRDA:14,1,3,0
BRDA:16,2,0,1
BRDA:16,2,1,6
BRDA:32,3,0,5
BRDA:32,3,1,1
BRDA:37,4,0,7
BRDA:37,4,1,1
BRDA:42,5,0,7
BRDA:42,5,1,5
BRDA:47,6,0,7
BRDA:47,6,1,2
BRDA:47,6,2,2
BRDA:64,7,0,3
BRDA:64,7,1,0
BRDA:64,8,0,3
BRDA:64,8,1,0
BRF:21
BRH:18
end_of_record
TN:
SF:src/components/Legend.tsx
FN:20,Legend
FN:21,(anonymous_1)
FN:30,(anonymous_2)
FNF:3
FNH:3
FNDA:7,Legend
FNDA:28,(anonymous_1)
FNDA:11,(anonymous_2)
DA:13,1
DA:21,28
DA:23,7
DA:30,11
LF:4
LH:4
BRDA:28,0,0,7
BRDA:28,0,1,5
BRDA:43,1,0,7
BRDA:43,1,1,2
BRDA:48,2,0,1
BRDA:48,2,1,1
BRF:6
BRH:6
end_of_record
TN:
SF:src/components/LoadingSkeleton.tsx
FN:6,(anonymous_0)
FNF:1
FNH:1
FNDA:13,(anonymous_0)
DA:6,3
DA:7,13
LF:2
LH:2
BRF:0
BRH:0
end_of_record
TN:
SF:src/components/ShareButton.tsx
FN:12,ShareButton
FN:15,(anonymous_1)
FN:26,(anonymous_2)
FNF:3
FNH:2
FNDA:5,ShareButton
FNDA:1,(anonymous_1)
FNDA:0,(anonymous_2)
DA:13,5
DA:15,5
DA:16,1
DA:17,1
DA:18,1
DA:20,1
DA:21,0
DA:23,1
DA:24,1
DA:26,1
DA:28,0
DA:30,0
DA:34,5
LF:13
LH:10
BRDA:20,0,0,0
BRDA:20,0,1,1
BRDA:39,1,0,1
BRDA:39,1,1,4
BRDA:45,2,0,1
BRDA:45,2,1,4
BRF:6
BRH:5
end_of_record
TN:
SF:src/components/VirtualList.tsx
FN:27,VirtualList
FN:39,(anonymous_1)
FN:73,(anonymous_2)
FNF:3
FNH:2
FNDA:2,VirtualList
FNDA:0,(anonymous_1)
FNDA:3,(anonymous_2)
DA:36,2
DA:37,2
DA:39,2
DA:40,0
DA:44,2
DA:45,2
DA:46,2
DA:50,2
DA:51,2
DA:53,2
DA:74,3
DA:75,3
LF:12
LH:11
BRDA:31,0,0,2
BRDA:34,1,0,2
BRF:2
BRH:2
end_of_record
TN:
SF:src/rendering/EdgeBundler.ts
FN:2,_define_property
FN:86,(anonymous_1)
FN:124,(anonymous_2)
FN:206,(anonymous_3)
FN:266,(anonymous_4)
FN:278,(anonymous_5)
FN:285,(anonymous_6)
FN:293,(anonymous_7)
FN:325,(anonymous_8)
FN:340,(anonymous_9)
FN:348,(anonymous_10)
FN:375,(anonymous_11)
FN:399,(anonymous_12)
FN:78,(anonymous_13)
FNF:14
FNH:13
FNDA:12,_define_property
FNDA:0,(anonymous_1)
FNDA:4,(anonymous_2)
FNDA:1,(anonymous_3)
FNDA:2,(anonymous_4)
FNDA:10,(anonymous_5)
FNDA:1,(anonymous_6)
FNDA:1,(anonymous_7)
FNDA:2,(anonymous_8)
FNDA:5,(anonymous_9)
FNDA:2,(anonymous_10)
FNDA:1,(anonymous_11)
FNDA:1,(anonymous_12)
FNDA:12,(anonymous_13)
DA:65,2
DA:76,12
DA:79,12
DA:90,0
DA:92,0
DA:93,0
DA:94,0
DA:96,0
DA:97,0
DA:100,0
DA:102,0
DA:103,0
DA:105,0
DA:108,0
DA:110,0
DA:111,0
DA:112,0
DA:113,0
DA:118,0
DA:134,4
DA:136,4
DA:137,11
DA:138,11
DA:141,11
DA:142,1
DA:146,10
DA:148,10
DA:149,4
DA:151,10
DA:154,4
DA:155,4
DA:158,4
DA:159,11
DA:160,11
DA:162,11
DA:163,1
DA:168,4
DA:169,4
DA:171,1
DA:174,1
DA:180,1
DA:186,1
DA:196,3
DA:200,4
DA:211,1
DA:212,1
DA:214,1
DA:215,3
DA:216,3
DA:218,3
DA:219,3
DA:222,1
DA:223,0
DA:227,1
DA:228,1
DA:231,1
DA:236,1
DA:239,1
DA:240,1
DA:244,1
DA:245,1
DA:248,1
DA:250,0
DA:252,1
DA:255,1
DA:256,1
DA:258,1
DA:260,1
DA:267,2
DA:268,2
DA:269,6
DA:271,2
DA:272,2
DA:279,10
DA:286,1
DA:287,1
DA:298,1
DA:299,1
DA:302,1
DA:303,0
DA:307,1
DA:308,1
DA:310,1
DA:311,0
DA:315,1
DA:316,1
DA:317,1
DA:319,1
DA:327,2
DA:328,2
DA:330,2
DA:342,5
DA:349,2
DA:351,0
DA:352,0
DA:353,0
DA:357,2
DA:360,2
DA:363,2
DA:379,1
DA:381,1
DA:388,1
DA:391,1
DA:393,1
DA:400,1
LF:105
LH:82
BRDA:96,0,0,0
BRDA:96,0,1,0
BRDA:96,1,0,0
BRDA:96,1,1,0
BRDA:102,2,0,0
BRDA:102,2,1,0
BRDA:111,3,0,0
BRDA:111,3,1,0
BRDA:141,4,0,1
BRDA:141,4,1,10
BRDA:141,5,0,11
BRDA:141,5,1,11
BRDA:148,6,0,4
BRDA:148,6,1,6
BRDA:162,7,0,1
BRDA:162,7,1,10
BRDA:162,8,0,11
BRDA:162,8,1,11
BRDA:169,9,0,1
BRDA:169,9,1,3
BRDA:218,10,0,3
BRDA:218,10,1,0
BRDA:219,11,0,3
BRDA:219,11,1,0
BRDA:222,12,0,0
BRDA:222,12,1,1
BRDA:222,13,0,1
BRDA:222,13,1,1
BRDA:248,14,0,0
BRDA:248,14,1,1
BRDA:279,15,0,10
BRDA:279,15,1,0
BRDA:302,16,0,0
BRDA:302,16,1,1
BRDA:302,17,0,1
BRDA:302,17,1,1
BRDA:310,18,0,0
BRDA:310,18,1,1
BRDA:310,19,0,1
BRDA:310,19,1,1
BRDA:328,20,0,0
BRDA:328,20,1,2
BRDA:349,21,0,0
BRDA:349,21,1,2
BRDA:377,22,0,1
BRDA:78,23,0,12
BRF:46
BRH:29
end_of_record
TN:
SF:src/types/graph.ts
FNF:0
FNH:0
LF:0
LH:0
BRF:0
BRH:0
end_of_record
TN:
SF:src/types/ui.ts
FNF:0
FNH:0
LF:0
LH:0
BRF:0
BRH:0
end_of_record
TN:
SF:src/utils/apiErrors.ts
FN:58,isErrorResponse
FN:140,getErrorSeverity
FN:155,isRetryableError
FN:167,parseAPIError
FN:194,getErrorMessage
FN:208,formatErrorForDisplay
FN:238,handleFetchError
FNF:7
FNH:0
FNDA:0,isErrorResponse
FNDA:0,getErrorSeverity
FNDA:0,isRetryableError
FNDA:0,parseAPIError
FNDA:0,getErrorMessage
FNDA:0,formatErrorForDisplay
FNDA:0,handleFetchError
DA:59,0
DA:60,0
DA:63,0
DA:65,0
DA:66,0
DA:69,0
DA:70,0
DA:73,0
DA:78,0
DA:79,0
DA:83,0
DA:87,0
DA:142,0
DA:145,0
DA:148,0
DA:151,0
DA:157,0
DA:170,0
DA:171,0
DA:172,0
DA:174,0
DA:175,0
DA:176,0
DA:180,0
DA:181,0
DA:190,0
DA:196,0
DA:209,0
DA:210,0
DA:213,0
DA:214,0
DA:215,0
DA:216,0
DA:217,0
DA:218,0
DA:219,0
DA:220,0
DA:221,0
DA:222,0
DA:223,0
DA:224,0
DA:225,0
DA:228,0
DA:242,0
DA:243,0
DA:244,0
DA:246,0
LF:47
LH:0
BRDA:59,0,0,0
BRDA:59,0,1,0
BRDA:59,1,0,0
BRDA:59,1,1,0
BRDA:59,1,2,0
BRDA:65,2,0,0
BRDA:65,2,1,0
BRDA:65,3,0,0
BRDA:65,3,1,0
BRDA:69,4,0,0
BRDA:69,4,1,0
BRDA:69,5,0,0
BRDA:69,5,1,0
BRDA:78,6,0,0
BRDA:78,6,1,0
BRDA:78,7,0,0
BRDA:78,7,1,0
BRDA:142,8,0,0
BRDA:142,8,1,0
BRDA:145,9,0,0
BRDA:145,9,1,0
BRDA:148,10,0,0
BRDA:148,10,1,0
BRDA:158,11,0,0
BRDA:158,11,1,0
BRDA:158,11,2,0
BRDA:158,11,3,0
BRDA:158,11,4,0
BRDA:172,12,0,0
BRDA:172,12,1,0
BRDA:175,13,0,0
BRDA:175,13,1,0
BRDA:180,14,0,0
BRDA:180,14,1,0
BRDA:180,15,0,0
BRDA:180,15,1,0
BRDA:180,15,2,0
BRDA:196,16,0,0
BRDA:196,16,1,0
BRDA:196,16,2,0
BRDA:214,17,0,0
BRDA:214,17,1,0
BRDA:216,18,0,0
BRDA:216,18,1,0
BRDA:218,19,0,0
BRDA:218,19,1,0
BRDA:220,20,0,0
BRDA:220,20,1,0
BRDA:222,21,0,0
BRDA:222,21,1,0
BRDA:224,22,0,0
BRDA:224,22,1,0
BRDA:240,23,0,0
BRDA:243,24,0,0
BRDA:243,24,1,0
BRF:55
BRH:0
end_of_record
TN:
SF:src/utils/communityDetection.ts
FN:22,detectCommunities
FN:34,(anonymous_1)
FN:61,(anonymous_2)
FN:80,(anonymous_3)
FN:141,(anonymous_4)
FN:166,(anonymous_5)
FN:172,(anonymous_6)
FN:173,(anonymous_7)
FN:180,(anonymous_8)
FN:195,(anonymous_9)
FN:212,modularityGain
FN:256,calculateModularity
FN:286,detectCommunitiesLPA
FN:297,(anonymous_13)
FN:316,(anonymous_14)
FN:327,(anonymous_15)
FN:359,(anonymous_16)
FN:381,(anonymous_17)
FN:386,(anonymous_18)
FN:387,(anonymous_19)
FN:394,(anonymous_20)
FN:408,(anonymous_21)
FN:420,getCommunityColor
FN:427,(anonymous_23)
FNF:24
FNH:0
FNDA:0,detectCommunities
FNDA:0,(anonymous_1)
FNDA:0,(anonymous_2)
FNDA:0,(anonymous_3)
FNDA:0,(anonymous_4)
FNDA:0,(anonymous_5)
FNDA:0,(anonymous_6)
FNDA:0,(anonymous_7)
FNDA:0,(anonymous_8)
FNDA:0,(anonymous_9)
FNDA:0,modularityGain
FNDA:0,calculateModularity
FNDA:0,detectCommunitiesLPA
FNDA:0,(anonymous_13)
FNDA:0,(anonymous_14)
FNDA:0,(anonymous_15)
FNDA:0,(anonymous_16)
FNDA:0,(anonymous_17)
FNDA:0,(anonymous_18)
FNDA:0,(anonymous_19)
FNDA:0,(anonymous_20)
FNDA:0,(anonymous_21)
FNDA:0,getCommunityColor
FNDA:0,(anonymous_23)
DA:23,0
DA:25,0
DA:26,0
DA:34,0
DA:35,0
DA:36,0
DA:39,0
DA:40,0
DA:41,0
DA:45,0
DA:46,0
DA:47,0
DA:48,0
DA:49,0
DA:51,0
DA:52,0
DA:53,0
DA:54,0
DA:55,0
DA:56,0
DA:60,0
DA:61,0
DA:64,0
DA:65,0
DA:66,0
DA:67,0
DA:70,0
DA:71,0
DA:72,0
DA:75,0
DA:76,0
DA:77,0
DA:80,0
DA:82,0
DA:83,0
DA:84,0
DA:87,0
DA:88,0
DA:89,0
DA:90,0
DA:91,0
DA:95,0
DA:96,0
DA:99,0
DA:100,0
DA:102,0
DA:113,0
DA:114,0
DA:115,0
DA:120,0
DA:121,0
DA:124,0
DA:125,0
DA:129,0
DA:134,0
DA:140,0
DA:141,0
DA:143,0
DA:144,0
DA:145,0
DA:149,0
DA:150,0
DA:151,0
DA:152,0
DA:154,0
DA:158,0
DA:159,0
DA:160,0
DA:161,0
DA:165,0
DA:167,0
DA:168,0
DA:171,0
DA:173,0
DA:174,0
DA:180,0
DA:184,0
DA:186,0
DA:195,0
DA:198,0
DA:205,0
DA:222,0
DA:224,0
DA:225,0
DA:228,0
DA:230,0
DA:232,0
DA:233,0
DA:234,0
DA:235,0
DA:236,0
DA:237,0
DA:241,0
DA:246,0
DA:247,0
DA:250,0
DA:253,0
DA:262,0
DA:264,0
DA:265,0
DA:267,0
DA:268,0
DA:269,0
DA:271,0
DA:272,0
DA:273,0
DA:274,0
DA:275,0
DA:280,0
DA:287,0
DA:289,0
DA:290,0
DA:297,0
DA:298,0
DA:301,0
DA:302,0
DA:305,0
DA:306,0
DA:307,0
DA:308,0
DA:309,0
DA:310,0
DA:315,0
DA:316,0
DA:318,0
DA:319,0
DA:320,0
DA:322,0
DA:323,0
DA:324,0
DA:327,0
DA:329,0
DA:330,0
DA:331,0
DA:334,0
DA:335,0
DA:336,0
DA:337,0
DA:341,0
DA:342,0
DA:343,0
DA:344,0
DA:345,0
DA:346,0
DA:350,0
DA:351,0
DA:352,0
DA:358,0
DA:359,0
DA:361,0
DA:362,0
DA:363,0
DA:366,0
DA:367,0
DA:368,0
DA:369,0
DA:371,0
DA:374,0
DA:375,0
DA:376,0
DA:377,0
DA:380,0
DA:382,0
DA:383,0
DA:385,0
DA:387,0
DA:388,0
DA:394,0
DA:397,0
DA:399,0
DA:408,0
DA:410,0
DA:424,0
DA:425,0
DA:427,0
DA:428,0
LF:176
LH:0
BRDA:25,0,0,0
BRDA:25,0,1,0
BRDA:49,1,0,0
BRDA:49,1,1,0
BRDA:49,2,0,0
BRDA:49,2,1,0
BRDA:52,3,0,0
BRDA:52,3,1,0
BRDA:53,4,0,0
BRDA:53,4,1,0
BRDA:54,5,0,0
BRDA:54,5,1,0
BRDA:55,6,0,0
BRDA:55,6,1,0
BRDA:66,7,0,0
BRDA:66,7,1,0
BRDA:67,8,0,0
BRDA:67,8,1,0
BRDA:75,9,0,0
BRDA:75,9,1,0
BRDA:90,10,0,0
BRDA:90,10,1,0
BRDA:100,11,0,0
BRDA:100,11,1,0
BRDA:113,12,0,0
BRDA:113,12,1,0
BRDA:120,13,0,0
BRDA:120,13,1,0
BRDA:124,14,0,0
BRDA:124,14,1,0
BRDA:127,15,0,0
BRDA:127,15,1,0
BRDA:131,16,0,0
BRDA:131,16,1,0
BRDA:151,17,0,0
BRDA:151,17,1,0
BRDA:160,18,0,0
BRDA:160,18,1,0
BRDA:161,19,0,0
BRDA:161,19,1,0
BRDA:176,20,0,0
BRDA:176,20,1,0
BRDA:177,21,0,0
BRDA:177,21,1,0
BRDA:184,22,0,0
BRDA:184,22,1,0
BRDA:222,23,0,0
BRDA:222,23,1,0
BRDA:225,24,0,0
BRDA:225,24,1,0
BRDA:234,25,0,0
BRDA:234,25,1,0
BRDA:236,26,0,0
BRDA:236,26,1,0
BRDA:246,27,0,0
BRDA:246,27,1,0
BRDA:247,28,0,0
BRDA:247,28,1,0
BRDA:262,29,0,0
BRDA:262,29,1,0
BRDA:269,30,0,0
BRDA:269,30,1,0
BRDA:273,31,0,0
BRDA:273,31,1,0
BRDA:274,32,0,0
BRDA:274,32,1,0
BRDA:289,33,0,0
BRDA:289,33,1,0
BRDA:308,34,0,0
BRDA:308,34,1,0
BRDA:308,35,0,0
BRDA:308,35,1,0
BRDA:322,36,0,0
BRDA:322,36,1,0
BRDA:331,37,0,0
BRDA:331,37,1,0
BRDA:337,38,0,0
BRDA:337,38,1,0
BRDA:344,39,0,0
BRDA:344,39,1,0
BRDA:350,40,0,0
BRDA:350,40,1,0
BRDA:368,41,0,0
BRDA:368,41,1,0
BRDA:376,42,0,0
BRDA:376,42,1,0
BRDA:377,43,0,0
BRDA:377,43,1,0
BRDA:390,44,0,0
BRDA:390,44,1,0
BRDA:391,45,0,0
BRDA:391,45,1,0
BRDA:397,46,0,0
BRDA:397,46,1,0
BRDA:425,47,0,0
BRDA:425,47,1,0
BRF:96
BRH:0
end_of_record
TN:
SF:src/utils/frameThrottle.ts
FN:4,_define_property
FN:45,(anonymous_1)
FN:55,(anonymous_2)
FN:64,(anonymous_3)
FN:69,(anonymous_4)
FN:76,(anonymous_5)
FN:94,(anonymous_6)
FN:109,(anonymous_7)
FN:36,(anonymous_8)
FNF:9
FNH:9
FNDA:90,_define_property
FNDA:1,(anonymous_1)
FNDA:3,(anonymous_2)
FNDA:9,(anonymous_3)
FNDA:3,(anonymous_4)
FNDA:124,(anonymous_5)
FNDA:18,(anonymous_6)
FNDA:4,(anonymous_7)
FNDA:10,(anonymous_8)
DA:24,10
DA:26,10
DA:27,10
DA:28,10
DA:29,10
DA:30,10
DA:32,10
DA:33,10
DA:34,10
DA:37,10
DA:38,10
DA:39,10
DA:46,1
DA:47,1
DA:48,0
DA:56,3
DA:57,3
DA:58,3
DA:65,9
DA:66,9
DA:69,9
DA:71,3
DA:72,3
DA:76,9
DA:77,124
DA:79,124
DA:80,124
DA:82,124
DA:83,51
DA:84,51
DA:88,9
DA:95,18
DA:96,18
DA:97,9
DA:98,9
DA:100,18
DA:101,9
DA:102,9
DA:110,4
LF:39
LH:38
BRDA:47,0,0,0
BRDA:47,0,1,1
BRDA:71,1,0,3
BRDA:71,1,1,0
BRDA:79,2,0,31
BRDA:79,2,1,93
BRDA:82,3,0,51
BRDA:82,3,1,73
BRDA:96,4,0,9
BRDA:96,4,1,9
BRDA:100,5,0,9
BRDA:100,5,1,9
BRDA:36,6,0,10
BRDA:37,7,0,10
BRDA:37,7,1,6
BRDA:38,8,0,10
BRDA:38,8,1,6
BRDA:39,9,0,10
BRDA:39,9,1,4
BRF:19
BRH:17
end_of_record
TN:
SF:src/utils/levelOfDetail.ts
FN:50,calculateLinkOpacity
FN:73,shouldShowLabels
FN:83,shouldShowLink
FNF:3
FNH:3
FNDA:4,calculateLinkOpacity
FNDA:4,shouldShowLabels
FNDA:5,shouldShowLink
DA:38,2
DA:55,4
DA:56,3
DA:59,1
DA:64,1
DA:77,4
DA:89,5
DA:92,4
LF:8
LH:8
BRDA:53,0,0,4
BRDA:55,1,0,3
BRDA:55,1,1,1
BRDA:75,2,0,4
BRDA:86,3,0,5
BRDA:89,4,0,1
BRDA:89,4,1,4
BRF:7
BRH:7
end_of_record
TN:
SF:src/utils/urlState.ts
FN:28,readStateFromURL
FN:116,writeStateToURL
FN:187,generateShareURL
FNF:3
FNH:3
FNDA:8,readStateFromURL
FNDA:3,writeStateToURL
FNDA:2,generateShareURL
DA:29,8
DA:31,8
DA:32,8
DA:35,8
DA:36,8
DA:37,1
DA:41,8
DA:42,8
DA:43,8
DA:44,8
DA:46,8
DA:47,1
DA:56,8
DA:57,8
DA:58,1
DA:59,1
DA:60,1
DA:64,8
DA:65,8
DA:66,1
DA:67,1
DA:68,1
DA:73,8
DA:74,8
DA:75,8
DA:76,8
DA:77,1
DA:78,1
DA:79,1
DA:80,1
DA:81,1
DA:86,8
DA:87,8
DA:88,8
DA:89,8
DA:90,1
DA:91,1
DA:92,1
DA:93,1
DA:94,1
DA:99,8
DA:100,8
DA:101,1
DA:105,8
DA:106,8
DA:107,1
DA:110,8
DA:117,3
DA:119,3
DA:122,3
DA:123,1
DA:127,3
DA:128,1
DA:129,1
DA:130,1
DA:131,1
DA:135,3
DA:136,0
DA:138,3
DA:141,3
DA:142,0
DA:144,3
DA:148,3
DA:149,1
DA:150,1
DA:151,1
DA:153,2
DA:154,2
DA:155,2
DA:159,3
DA:160,1
DA:161,1
DA:162,1
DA:164,2
DA:165,2
DA:166,2
DA:170,3
DA:171,0
DA:175,3
DA:176,0
DA:180,3
DA:181,3
DA:188,2
DA:190,1
DA:192,1
DA:193,1
DA:196,1
DA:197,1
DA:198,1
DA:199,1
DA:200,1
DA:203,1
DA:204,0
DA:207,1
DA:208,0
DA:211,1
DA:212,0
DA:213,0
DA:214,0
DA:217,1
DA:218,0
DA:219,0
DA:220,0
DA:223,1
DA:224,0
DA:227,1
DA:228,0
DA:231,1
LF:108
LH:94
BRDA:29,0,0,0
BRDA:29,0,1,8
BRDA:36,1,0,1
BRDA:36,1,1,7
BRDA:36,2,0,8
BRDA:36,2,1,8
BRDA:36,2,2,7
BRDA:36,2,3,7
BRDA:36,2,4,7
BRDA:46,3,0,1
BRDA:46,3,1,7
BRDA:46,4,0,8
BRDA:46,4,1,7
BRDA:46,4,2,7
BRDA:46,4,3,7
BRDA:57,5,0,1
BRDA:57,5,1,7
BRDA:59,6,0,1
BRDA:59,6,1,0
BRDA:59,7,0,1
BRDA:59,7,1,1
BRDA:65,8,0,1
BRDA:65,8,1,7
BRDA:67,9,0,1
BRDA:67,9,1,0
BRDA:67,10,0,1
BRDA:67,10,1,1
BRDA:76,11,0,1
BRDA:76,11,1,7
BRDA:76,12,0,8
BRDA:76,12,1,1
BRDA:76,12,2,1
BRDA:80,13,0,1
BRDA:80,13,1,0
BRDA:80,14,0,1
BRDA:80,14,1,1
BRDA:80,14,2,1
BRDA:89,15,0,1
BRDA:89,15,1,7
BRDA:89,16,0,8
BRDA:89,16,1,1
BRDA:89,16,2,1
BRDA:93,17,0,1
BRDA:93,17,1,0
BRDA:93,18,0,1
BRDA:93,18,1,1
BRDA:93,18,2,1
BRDA:100,19,0,1
BRDA:100,19,1,7
BRDA:106,20,0,1
BRDA:106,20,1,7
BRDA:117,21,0,0
BRDA:117,21,1,3
BRDA:122,22,0,1
BRDA:122,22,1,2
BRDA:127,23,0,1
BRDA:127,23,1,2
BRDA:128,24,0,1
BRDA:128,24,1,0
BRDA:129,25,0,0
BRDA:129,25,1,1
BRDA:130,26,0,1
BRDA:130,26,1,0
BRDA:131,27,0,0
BRDA:131,27,1,1
BRDA:135,28,0,0
BRDA:135,28,1,3
BRDA:135,29,0,3
BRDA:135,29,1,0
BRDA:141,30,0,0
BRDA:141,30,1,3
BRDA:141,31,0,3
BRDA:141,31,1,0
BRDA:148,32,0,1
BRDA:148,32,1,2
BRDA:159,33,0,1
BRDA:159,33,1,2
BRDA:170,34,0,0
BRDA:170,34,1,3
BRDA:171,35,0,0
BRDA:171,35,1,0
BRDA:175,36,0,0
BRDA:175,36,1,3
BRDA:176,37,0,0
BRDA:176,37,1,0
BRDA:188,38,0,1
BRDA:188,38,1,1
BRDA:192,39,0,1
BRDA:192,39,1,0
BRDA:196,40,0,1
BRDA:196,40,1,0
BRDA:197,41,0,1
BRDA:197,41,1,0
BRDA:198,42,0,1
BRDA:198,42,1,0
BRDA:199,43,0,0
BRDA:199,43,1,1
BRDA:200,44,0,0
BRDA:200,44,1,1
BRDA:203,45,0,0
BRDA:203,45,1,1
BRDA:203,46,0,1
BRDA:203,46,1,0
BRDA:207,47,0,0
BRDA:207,47,1,1
BRDA:207,48,0,1
BRDA:207,48,1,0
BRDA:211,49,0,0
BRDA:211,49,1,1
BRDA:217,50,0,0
BRDA:217,50,1,1
BRDA:223,51,0,0
BRDA:223,51,1,1
BRDA:224,52,0,0
BRDA:224,52,1,0
BRDA:227,53,0,0
BRDA:227,53,1,1
BRDA:228,54,0,0
BRDA:228,54,1,0
BRF:119
BRH:81
end_of_record
TN:
SF:src/utils/webglDetect.ts
FN:5,detectWebGLSupport
FN:19,getWebGLStatus
FNF:2
FNH:2
FNDA:7,detectWebGLSupport
FNDA:3,getWebGLStatus
DA:6,7
DA:7,7
DA:8,7
DA:9,7
DA:11,1
DA:20,3
DA:22,3
DA:23,1
DA:29,2
LF:9
LH:9
BRDA:8,0,0,7
BRDA:8,0,1,5
BRDA:22,1,0,1
BRDA:22,1,1,2
BRF:4
BRH:4
end_of_record
